Build started 6/16/2015 11:17:06 PM.
     1>Project "C:\Users\Chris\Documents\Visual Studio 2012\Projects\MoonLander\MoonLander\MoonLander.vcxproj" on node 2 (Build target(s)).
     1>ClCompile:
         C:\Program Files (x86)\Microsoft Visual Studio 12.0\VC\bin\CL.exe /c /ZI /nologo /W3 /WX- /sdl /Od /Oy- /D _MBCS /Gm /EHsc /RTC1 /MD /GS /fp:precise /Zc:wchar_t /Zc:forScope /Fo"Debug\\" /Fd"Debug\vc120.pdb" /Gd /TP /analyze- /errorReport:prompt Block.cpp
         Block.cpp
     1>c:\users\chris\documents\visual studio 2012\projects\moonlander\moonlander\block.cpp(5): warning C4244: 'argument' : conversion from 'time_t' to 'unsigned int', possible loss of data
     1>c:\users\chris\documents\visual studio 2012\projects\moonlander\moonlander\block.cpp(11): warning C4244: 'argument' : conversion from 'int' to 'float', possible loss of data
     1>c:\users\chris\documents\visual studio 2012\projects\moonlander\moonlander\block.cpp(12): warning C4244: 'argument' : conversion from 'int' to 'float', possible loss of data
     1>c:\users\chris\documents\visual studio 2012\projects\moonlander\moonlander\block.cpp(22): warning C4244: 'argument' : conversion from 'time_t' to 'unsigned int', possible loss of data
     1>c:\users\chris\documents\visual studio 2012\projects\moonlander\moonlander\block.cpp(27): warning C4244: 'argument' : conversion from 'const int' to 'float', possible loss of data
     1>c:\users\chris\documents\visual studio 2012\projects\moonlander\moonlander\block.cpp(28): warning C4244: 'argument' : conversion from 'const int' to 'float', possible loss of data
     1>c:\users\chris\documents\visual studio 2012\projects\moonlander\moonlander\block.cpp(48): warning C4244: '=' : conversion from 'float' to 'Sint16', possible loss of data
     1>c:\users\chris\documents\visual studio 2012\projects\moonlander\moonlander\block.cpp(49): warning C4244: '=' : conversion from 'float' to 'Sint16', possible loss of data
       Link:
         C:\Program Files (x86)\Microsoft Visual Studio 12.0\VC\bin\link.exe /ERRORREPORT:PROMPT /OUT:"C:\Users\Chris\Documents\Visual Studio 2012\Projects\MoonLander\Debug\MoonLander.exe" /INCREMENTAL /NOLOGO SDLmain.lib SDL.lib SDL_image.lib SDL_ttf.lib SDL_mixer.lib kernel32.lib user32.lib gdi32.lib winspool.lib comdlg32.lib advapi32.lib shell32.lib ole32.lib oleaut32.lib uuid.lib odbc32.lib odbccp32.lib /MANIFEST /MANIFESTUAC:"level='asInvoker' uiAccess='false'" /manifest:embed /DEBUG /PDB:"C:\Users\Chris\Documents\Visual Studio 2012\Projects\MoonLander\Debug\MoonLander.pdb" /SUBSYSTEM:WINDOWS /TLBID:1 /DYNAMICBASE /NXCOMPAT /IMPLIB:"C:\Users\Chris\Documents\Visual Studio 2012\Projects\MoonLander\Debug\MoonLander.lib" /MACHINE:X86 Debug\Background.obj
         Debug\Block.obj
         Debug\GameObject.obj
         Debug\main.obj
         Debug\Ship.obj
         Debug\Timer.obj
         Debug\Vector.obj
         MoonLander.vcxproj -> C:\Users\Chris\Documents\Visual Studio 2012\Projects\MoonLander\Debug\MoonLander.exe
     1>Done Building Project "C:\Users\Chris\Documents\Visual Studio 2012\Projects\MoonLander\MoonLander\MoonLander.vcxproj" (Build target(s)).

Build succeeded.

Time Elapsed 00:00:00.61
