Build started 4/9/2012 8:20:32 PM.
     1>Project "C:\Users\Chris\documents\visual studio 2010\Projects\BrickBreaker\BrickBreaker\BrickBreaker.vcxproj" on node 2 (build target(s)).
     1>InitializeBuildStatus:
         Creating "Debug\BrickBreaker.unsuccessfulbuild" because "AlwaysCreate" was specified.
       ClCompile:
         C:\Program Files (x86)\Microsoft Visual Studio 10.0\VC\bin\CL.exe /c /ZI /nologo /W3 /WX- /Od /Oy- /D WIN32 /D _DEBUG /D _WINDOWS /D _UNICODE /D UNICODE /Gm /EHsc /RTC1 /MDd /GS /fp:precise /Zc:wchar_t /Zc:forScope /Fo"Debug\\" /Fd"Debug\vc100.pdb" /Gd /TP /analyze- /errorReport:prompt Brick.cpp
         Brick.cpp
       ManifestResourceCompile:
         All outputs are up-to-date.
       Link:
         C:\Program Files (x86)\Microsoft Visual Studio 10.0\VC\bin\link.exe /ERRORREPORT:PROMPT /OUT:"C:\Users\Chris\documents\visual studio 2010\Projects\BrickBreaker\Debug\BrickBreaker.exe" /INCREMENTAL /NOLOGO "allegro-5.0.6-monolith-mt.lib" "allegro-5.0.6-monolith-md.lib" kernel32.lib user32.lib gdi32.lib winspool.lib comdlg32.lib advapi32.lib shell32.lib ole32.lib oleaut32.lib uuid.lib odbc32.lib odbccp32.lib /MANIFEST /ManifestFile:"Debug\BrickBreaker.exe.intermediate.manifest" /MANIFESTUAC:"level='asInvoker' uiAccess='false'" /DEBUG /PDB:"C:\Users\Chris\documents\visual studio 2010\Projects\BrickBreaker\Debug\BrickBreaker.pdb" /SUBSYSTEM:CONSOLE /TLBID:1 /DYNAMICBASE /NXCOMPAT /IMPLIB:"C:\Users\Chris\documents\visual studio 2010\Projects\BrickBreaker\Debug\BrickBreaker.lib" /MACHINE:X86 Debug\BrickBreaker.exe.embed.manifest.res
         Debug\Background.obj
         Debug\Ball.obj
         Debug\Brick.obj
         Debug\GameObject.obj
         Debug\main.obj
         Debug\Paddle.obj
       Manifest:
         C:\Program Files (x86)\Microsoft SDKs\Windows\v7.0A\bin\mt.exe /nologo /verbose /out:"Debug\BrickBreaker.exe.embed.manifest" /manifest Debug\BrickBreaker.exe.intermediate.manifest
         All outputs are up-to-date.
       LinkEmbedManifest:
         All outputs are up-to-date.
         BrickBreaker.vcxproj -> C:\Users\Chris\documents\visual studio 2010\Projects\BrickBreaker\Debug\BrickBreaker.exe
       FinalizeBuildStatus:
         Deleting file "Debug\BrickBreaker.unsuccessfulbuild".
         Touching "Debug\BrickBreaker.lastbuildstate".
     1>Done Building Project "C:\Users\Chris\documents\visual studio 2010\Projects\BrickBreaker\BrickBreaker\BrickBreaker.vcxproj" (build target(s)).

Build succeeded.

Time Elapsed 00:00:01.16
