Log file open, 10/30/14 23:33:01
LogInit:Display: Running engine for game: MyProject
LogInit: Version: 4.5.1-2336687+++depot+UE4-Releases+4.5
LogInit: API Version: 2326478
LogInit: Compiled (64-bit): Oct 21 2014 22:32:40
LogInit: Compiled with Visual C++: 18.00.21005.01
LogInit: Build Configuration: DebugGame
LogInit: Branch Name: ++depot+UE4-Releases+4.5
LogInit: Command line:  -debug
LogInit: Base directory: C:/Program Files/Unreal Engine/4.5/Engine/Binaries/Win64/
LogInit: Rocket: 1
[2014.10.31-03.33.01:127][  0]LogTaskGraph: Started task graph with 3 named threads and 4 total threads.
[2014.10.31-03.33.01:162][  0]LogOnline:Warning: No default platform service specified for OnlineSubsystem
[2014.10.31-03.33.01:259][  0]LogInit: Presizing for 0 objects not considered by GC, pre-allocating 0 bytes.
[2014.10.31-03.33.01:268][  0]LogInit: Object subsystem initialized
[2014.10.31-03.33.01:271][  0]LogConsoleResponse:Warning: Skipping Unknown console variable: 'UIScaleRule = ShortestSide'
[2014.10.31-03.33.01:271][  0]LogConsoleResponse:Warning:   Found in ini file 'C:/Users/Chris/Desktop/MyProject/Saved/Config/Windows/Engine.ini', in section '[/Script/Engine.RendererSettings]'
[2014.10.31-03.33.01:272][  0]LogConsoleResponse:Warning: Skipping Unknown console variable: 'UIScaleCurve = (EditorCurveData=(Keys=((Time=480,Value=0.444),(Time=720,Value=0.666),(Time=1080,Value=1.0),(Time=8640,Value=8.0))),ExternalCurve=None)'
[2014.10.31-03.33.01:272][  0]LogConsoleResponse:Warning:   Found in ini file 'C:/Users/Chris/Desktop/MyProject/Saved/Config/Windows/Engine.ini', in section '[/Script/Engine.RendererSettings]'
[2014.10.31-03.33.01:273][  0]LogInit: Selected Device Profile: [Windows]
[2014.10.31-03.33.01:273][  0]LogInit: Applying CVar settings loaded from the selected device profile: [Windows]
[2014.10.31-03.33.01:314][  0]LogInit: Computer: CHRIS-PC
[2014.10.31-03.33.01:315][  0]LogInit: User: Chris
[2014.10.31-03.33.01:317][  0]LogInit: CPU Page size=4096, Cores=4
[2014.10.31-03.33.01:317][  0]LogInit: High frequency timer resolution =3.312871 MHz
[2014.10.31-03.33.01:318][  0]LogMemory: Memory total: Physical=12.0GB (12GB approx) Virtual=8192.0GB
[2014.10.31-03.33.01:318][  0]LogMemory: Platform Memory Stats for Windows
[2014.10.31-03.33.01:318][  0]LogMemory: Process Physical Memory: 63.27 MB used, 63.27 MB peak
[2014.10.31-03.33.01:319][  0]LogMemory: Process Virtual Memory: 38.36 MB used, 38.36 MB peak
[2014.10.31-03.33.01:319][  0]LogMemory: Physical Memory: 5832.83 MB used, 12270.45 MB total
[2014.10.31-03.33.01:319][  0]LogMemory: Virtual Memory: 269.63 MB used, 8388608.00 MB total
[2014.10.31-03.33.02:526][  0]LogD3D11RHI: Found D3D11 adapter 0: NVIDIA GeForce GTX 760 (Feature Level 11_0)
[2014.10.31-03.33.02:526][  0]LogD3D11RHI: Adapter has 1990MB of dedicated video memory, 0MB of dedicated system memory, and 2048MB of shared system memory, 2 output[s]
[2014.10.31-03.33.02:526][  0]LogD3D11RHI: Chosen D3D11 Adapter Id = 0
[2014.10.31-03.33.02:533][  0]LogRHI: Texture pool is 1361 MB (70% of 1945 MB)
[2014.10.31-03.33.02:565][  0]LogD3D11RHI: Async texture creation enabled
[2014.10.31-03.33.03:819][  0]LogTextLocalizationManager: The requested culture ('en_US') has no localization data; parent culture's ('en') localization data will be used.
[2014.10.31-03.33.03:978][  0]LogContentStreaming: Texture pool size is 0.000000MB
[2014.10.31-03.33.11:284][  0]LogTargetPlatformManager:Display: Building Assets For Windows
[2014.10.31-03.33.12:117][  0]LogTargetPlatformManager:Display: Building Assets For Windows
[2014.10.31-03.33.12:198][  0]LogDerivedDataCache:Display: Max Cache Size: 512 MB
[2014.10.31-03.33.12:236][  0]LogDerivedDataCache: Loaded boot cache 0.04s 39MB C:/Users/Chris/AppData/Local/UnrealEngine/4.5/DerivedDataCache/Boot.ddc.
[2014.10.31-03.33.12:236][  0]LogDerivedDataCache:Display: Loaded Boot cache: C:/Users/Chris/AppData/Local/UnrealEngine/4.5/DerivedDataCache/Boot.ddc
[2014.10.31-03.33.12:237][  0]LogDerivedDataCache: FDerivedDataBackendGraph:  Pak pak cache file ../../../../../../Users/Chris/Desktop/MyProject/DerivedDataCache/DDC.ddp not found, will not use a pak cache.
[2014.10.31-03.33.12:237][  0]LogDerivedDataCache: Unable to find inner node Pak for hierarchical cache Hierarchy.
[2014.10.31-03.33.12:300][  0]LogDerivedDataCache:Display: Pak cache opened for reading ../../../Engine/DerivedDataCache/DDC.ddp.
[2014.10.31-03.33.12:313][  0]LogDerivedDataCache: Using Local data cache path C:/Users/Chris/AppData/Local/UnrealEngine/Common/DerivedDataCache: Writable
[2014.10.31-03.33.14:479][  0]LogMeshUtilities: No automatic mesh reduction module available
[2014.10.31-03.33.14:479][  0]LogMeshUtilities: No automatic mesh merging module available
[2014.10.31-03.33.14:724][  0]LogLinker:Warning: Asset '../../../Engine/Content/Functions/Engine_MaterialFunctions02/Texturing/FlipBook.uasset' has been saved with empty engine version. The asset will be loaded but may be incompatible.
[2014.10.31-03.33.14:728][  0]LogLinker:Warning: Asset '../../../Engine/Content/Functions/Engine_MaterialFunctions02/ExampleContent/Textures/flipbook.uasset' has been saved with empty engine version. The asset will be loaded but may be incompatible.
[2014.10.31-03.33.14:947][  0]LogInit: WinSock: version 1.1 (2.2), MaxSocks=32767, MaxUdp=65467
[2014.10.31-03.33.18:133][  0]UdpMessaging: Initializing bridge on interface 0.0.0.0:0 to multicast group 230.0.0.1:6666.
[2014.10.31-03.33.18:602][  0]SourceControl: Info Source control is disabled
[2014.10.31-03.33.18:602][  0]SourceControl: Info Source control is disabled
[2014.10.31-03.33.18:613][  0]SourceControl: Info Source control is disabled
[2014.10.31-03.33.18:871][  0]LogObj: 22990 objects as part of root set at end of initial load.
[2014.10.31-03.33.18:871][  0]LogUObjectAllocator: 4821864 out of 0 bytes used by permanent object pool.
[2014.10.31-03.33.18:936][  0]LogEngine: Initializing Engine...
[2014.10.31-03.33.19:079][  0]LogInit: XAudio2 using 'Speakers (Realtek High Definition Audio)' : 2 channels at 48 kHz using 32 bits per sample (channel mask 0x3)
[2014.10.31-03.33.19:134][  0]LogInit: FAudioDevice initialized.
[2014.10.31-03.33.19:164][  0]LogAIModule: Creating AISystem for world NewWorld
[2014.10.31-03.33.19:183][  0]LogDerivedDataCache: Saved boot cache 0.02s 39MB C:/Users/Chris/AppData/Local/UnrealEngine/4.5/DerivedDataCache/Boot.ddc.
[2014.10.31-03.33.19:189][  0]LogInit: Texture streaming: Enabled
[2014.10.31-03.33.19:260][  0]LogInit: Transaction tracking system initialized
[2014.10.31-03.33.19:438][  0]BlueprintLog: New page: Editor Load
[2014.10.31-03.33.19:487][  0]LogAssetRegistry: FAssetRegistry took 0.0100 seconds to start up
[2014.10.31-03.33.19:488][  0]LogDirectoryWatcher:Warning: Failed to begin reading directory changes for ../../../Engine/Plugins/Experimental/CharacterAI/Content/. Error: 0
[2014.10.31-03.33.20:086][  0]LogTargetPlatformManager:Display: Building Assets For Windows
[2014.10.31-03.33.20:413][  0]LogTargetPlatformManager:Display: Building Assets For Windows
[2014.10.31-03.33.20:712][  0]LogConsoleResponse:Display: 
[2014.10.31-03.33.20:993][  0]SourceControl: Info Source control is disabled
[2014.10.31-03.33.20:993][  0]Cmd: MAP LOAD FILE="../../../../../../Users/Chris/Desktop/MyProject/Content/Maps/Example_Map.umap" TEMPLATE=0 SHOWPROGRESS=1
[2014.10.31-03.33.20:994][  0]LightingResults: New page: Lighting Build
[2014.10.31-03.33.21:009][  0]MapCheck: New page: Map Check
[2014.10.31-03.33.21:009][  0]LightingResults: New page: Lighting Build
[2014.10.31-03.33.21:022][  0]LogParticles: Destroying 0 GPU particle simulations for FXSystem 0x00000000113F2840
[2014.10.31-03.33.21:393][  0]LogEditorServer: Finished looking for orphan Actors (0.000 secs)
[2014.10.31-03.33.21:393][  0]LogAIModule: Creating AISystem for world Example_Map
[2014.10.31-03.33.21:394][  0]Cmd: MAP CHECKDEP
[2014.10.31-03.33.21:394][  0]MapCheck: New page: Example_Map - Oct 30, 2014, 7:33:21 PM
[2014.10.31-03.33.21:541][  0]MapCheck: Info Map check complete: 0 Error(s), 0 Warning(s), took 146.866ms to complete.
[2014.10.31-03.33.21:542][  0]LogFileHelpers: Loading map 'Example_Map' took 0.549
[2014.10.31-03.33.21:671][  0]LogCollectionManager: Loaded 0 collections in 0.001060 seconds
[2014.10.31-03.33.21:954][  0]LogCrashTracker: Crashtracker disabled due to settings.
[2014.10.31-03.33.22:053][  0]LogUObjectGlobals:Warning: Failed to find object 'Class None.'
[2014.10.31-03.33.22:111][  0]LogLoad: Full Startup: 25.16 seconds (BP compile: 0.16 seconds)
[2014.10.31-03.33.22:454][  0]LogContentBrowser:Verbose: The content browser source was changed by the sources view to '/Game/Blueprints'
[2014.10.31-03.33.22:624][  0]LogRenderer:Warning: Reallocating scene render targets to support 960x728.
[2014.10.31-03.33.24:116][  5]LogAssetRegistry: Asset discovery search completed in 4.6396 seconds
[2014.10.31-03.33.51:848][870]LogSlate:Warning: GetFontFace failed to load or process 'Roboto-Regular'
[2014.10.31-03.33.51:849][870]LogSlate:Warning: GetFontFace failed to load or process 'Roboto-Regular'
[2014.10.31-03.33.51:852][870]LogSlate:Warning: GetFontFace failed to load or process 'Roboto-Regular'
[2014.10.31-03.33.51:852][870]LogSlate:Warning: GetFontFace failed to load or process 'Roboto-Regular'
[2014.10.31-03.33.51:853][870]LogSlate:Warning: GetFontFace failed to load or process 'Roboto-Regular'
[2014.10.31-03.33.51:853][870]LogSlate:Warning: GetFontFace failed to load or process 'Roboto-Regular'
[2014.10.31-03.33.51:853][870]LogSlate:Warning: GetFontFace failed to load or process 'Roboto-Regular'
[2014.10.31-03.33.51:854][870]LogSlate:Warning: GetFontFace failed to load or process 'Roboto-Regular'
[2014.10.31-03.33.51:854][870]LogSlate:Warning: GetFontFace failed to load or process 'Roboto-Regular'
[2014.10.31-03.33.51:854][870]LogSlate:Warning: GetFontFace failed to load or process 'Roboto-Regular'
[2014.10.31-03.33.51:855][870]LogSlate:Warning: GetFontFace failed to load or process 'Roboto-Regular'
[2014.10.31-03.33.51:855][870]LogSlate:Warning: GetFontFace failed to load or process 'Roboto-Regular'
[2014.10.31-03.33.51:855][870]LogSlate:Warning: GetFontFace failed to load or process 'Roboto-Regular'
[2014.10.31-03.33.51:856][870]LogSlate:Warning: GetFontFace failed to load or process 'Roboto-Regular'
[2014.10.31-03.33.51:856][870]LogSlate:Warning: GetFontFace failed to load or process 'Roboto-Regular'
[2014.10.31-03.33.51:856][870]LogSlate:Warning: GetFontFace failed to load or process 'Roboto-Regular'
[2014.10.31-03.33.51:857][870]LogSlate:Warning: GetFontFace failed to load or process 'Roboto-Regular'
[2014.10.31-03.33.55:565][148]LogActorComponent: UnregisterComponent: (/Engine/Transient.CharacterMovementComponent_0) Not registered. Aborting.
[2014.10.31-03.33.57:287][295]LogSlate:Warning: GetFontFace failed to load or process 'Roboto-Regular'
[2014.10.31-03.33.57:288][295]LogSlate:Warning: GetFontFace failed to load or process 'Roboto-Regular'
[2014.10.31-03.33.57:289][295]LogSlate:Warning: GetFontFace failed to load or process 'Roboto-Regular'
[2014.10.31-03.33.57:289][295]LogSlate:Warning: GetFontFace failed to load or process 'Roboto-Regular'
[2014.10.31-03.33.57:290][295]LogSlate:Warning: GetFontFace failed to load or process 'Roboto-Regular'
[2014.10.31-03.33.57:290][295]LogSlate:Warning: GetFontFace failed to load or process 'Roboto-Regular'
[2014.10.31-03.34.11:503][425]LogSlate:Warning: GetFontFace failed to load or process 'Roboto-Regular'
[2014.10.31-03.34.11:504][425]LogSlate:Warning: GetFontFace failed to load or process 'Roboto-Regular'
[2014.10.31-03.34.11:504][425]LogSlate:Warning: GetFontFace failed to load or process 'Roboto-Regular'
[2014.10.31-03.34.11:505][425]LogSlate:Warning: GetFontFace failed to load or process 'Roboto-Regular'
[2014.10.31-03.34.11:505][425]LogSlate:Warning: GetFontFace failed to load or process 'Roboto-Regular'
[2014.10.31-03.34.11:505][425]LogSlate:Warning: GetFontFace failed to load or process 'Roboto-Regular'
[2014.10.31-03.34.11:506][425]LogSlate:Warning: GetFontFace failed to load or process 'Roboto-Regular'
[2014.10.31-03.34.11:506][425]LogSlate:Warning: GetFontFace failed to load or process 'Roboto-Regular'
[2014.10.31-03.34.19:301][  0]LogSlate:Warning: GetFontFace failed to load or process 'Roboto-Regular'
[2014.10.31-03.34.44:075][794]LogSlate:Warning: GetFontFace failed to load or process 'Roboto-Regular'
[2014.10.31-03.36.59:903][565]LogActorComponent: UnregisterComponent: (/Engine/Transient.CharacterMovementComponent_1) Not registered. Aborting.
[2014.10.31-03.37.04:939][971]BlueprintLog: New page: Compile MyCharacter
[2014.10.31-03.37.05:086][971]LogActorComponent: UnregisterComponent: (/Engine/Transient.CharacterMovementComponent_2) Not registered. Aborting.
[2014.10.31-03.37.05:188][971]BlueprintEditorCompileResults: Info [0248.08] Compile of MyCharacter successful! [in 61 ms]
[2014.10.31-03.37.05:631][987]Cmd: OBJ SAVEPACKAGE PACKAGE="/Game/Blueprints/MyCharacter" FILE="../../../../../../Users/Chris/Desktop/MyProject/Content/Blueprints/MyCharacter.uasset" SILENT=true
[2014.10.31-03.37.06:044][987]LogSavePackage: Save=345.525085ms
[2014.10.31-03.37.06:044][987]LogSavePackage: Moving '../../../../../../Users/Chris/Desktop/MyProject/Saved/MyCharacter075537A3497FBD0B223756942A726EB2.tmp' to '../../../../../../Users/Chris/Desktop/MyProject/Content/Blueprints/MyCharacter.uasset'
[2014.10.31-03.37.08:218][211]LogActorComponent: UnregisterComponent: (/Engine/Transient.CharacterMovementComponent_3) Not registered. Aborting.
[2014.10.31-03.37.08:237][211]LogParticles: Destroying 0 GPU particle simulations for FXSystem 0x0000000016E042C0
[2014.10.31-03.37.09:257][212]Cmd: QUIT_EDITOR
[2014.10.31-03.37.09:879][212]LogExit: Preparing to exit.
[2014.10.31-03.37.10:213][212]LogExit: Editor shut down
[2014.10.31-03.37.10:214][212]LogExit: Transaction tracking system shut down
[2014.10.31-03.37.10:214][212]LogParticles: Destroying 0 GPU particle simulations for FXSystem 0x000000000E45BBA0
[2014.10.31-03.37.10:215][212]LogParticles: Destroying 0 GPU particle simulations for FXSystem 0x00000000168C1B20
[2014.10.31-03.37.10:235][212]LogExit: Object subsystem successfully closed.
[2014.10.31-03.37.10:304][212]LogModuleManager: Shutting down and abandoning module AndroidDeviceDetection (167)
[2014.10.31-03.37.10:305][212]LogModuleManager: Shutting down and abandoning module CrashTracker (166)
[2014.10.31-03.37.10:305][212]LogModuleManager: Shutting down and abandoning module SuperSearch (165)
[2014.10.31-03.37.10:306][212]LogModuleManager: Shutting down and abandoning module SceneOutliner (164)
[2014.10.31-03.37.10:306][212]LogModuleManager: Shutting down and abandoning module EditorWidgets (163)
[2014.10.31-03.37.10:306][212]LogModuleManager: Shutting down and abandoning module CollectionManager (162)
[2014.10.31-03.37.10:306][212]LogModuleManager: Shutting down and abandoning module StatsViewer (161)
[2014.10.31-03.37.10:307][212]LogModuleManager: Shutting down and abandoning module FoliageEdit (160)
[2014.10.31-03.37.10:307][212]LogModuleManager: Shutting down and abandoning module LandscapeEditor (159)
[2014.10.31-03.37.10:307][212]LogModuleManager: Shutting down and abandoning module MeshPaint (158)
[2014.10.31-03.37.10:307][212]LogModuleManager: Shutting down and abandoning module ActorPickerMode (157)
[2014.10.31-03.37.10:308][212]LogModuleManager: Shutting down and abandoning module GeometryMode (156)
[2014.10.31-03.37.10:308][212]LogModuleManager: Shutting down and abandoning module TextureAlignMode (155)
[2014.10.31-03.37.10:308][212]LogModuleManager: Shutting down and abandoning module BspMode (154)
[2014.10.31-03.37.10:308][212]LogModuleManager: Shutting down and abandoning module PlacementMode (153)
[2014.10.31-03.37.10:308][212]LogModuleManager: Shutting down and abandoning module AutomationWorker (152)
[2014.10.31-03.37.10:309][212]LogModuleManager: Shutting down and abandoning module CharacterAI (151)
[2014.10.31-03.37.10:309][212]LogModuleManager: Shutting down and abandoning module GameProjectGeneration (150)
[2014.10.31-03.37.10:309][212]LogModuleManager: Shutting down and abandoning module IntroTutorials (149)
[2014.10.31-03.37.10:309][212]LogModuleManager: Shutting down and abandoning module EditorLiveStreaming (148)
[2014.10.31-03.37.10:309][212]LogModuleManager: Shutting down and abandoning module HardwareTargeting (147)
[2014.10.31-03.37.10:310][212]LogModuleManager: Shutting down and abandoning module BehaviorTreeEditor (146)
[2014.10.31-03.37.10:310][212]LogModuleManager: Shutting down and abandoning module DeviceProfileEditor (145)
[2014.10.31-03.37.10:310][212]LogModuleManager: Shutting down and abandoning module UndoHistory (144)
[2014.10.31-03.37.10:310][212]LogModuleManager: Shutting down and abandoning module GameplayTagsEditor (143)
[2014.10.31-03.37.10:311][212]LogModuleManager: Shutting down and abandoning module UserFeedback (142)
[2014.10.31-03.37.10:311][212]LogModuleManager: Shutting down and abandoning module XmlParser (141)
[2014.10.31-03.37.10:311][212]LogModuleManager: Shutting down and abandoning module Blutility (140)
[2014.10.31-03.37.10:311][212]LogModuleManager: Shutting down and abandoning module IOSPlatformEditor (139)
[2014.10.31-03.37.10:311][212]LogModuleManager: Shutting down and abandoning module IOSRuntimeSettings (138)
[2014.10.31-03.37.10:311][212]LogModuleManager: Shutting down and abandoning module AndroidPlatformEditor (137)
[2014.10.31-03.37.10:312][212]LogModuleManager: Shutting down and abandoning module AndroidRuntimeSettings (136)
[2014.10.31-03.37.10:312][212]LogModuleManager: Shutting down and abandoning module ProjectTargetPlatformEditor (135)
[2014.10.31-03.37.10:312][212]LogModuleManager: Shutting down and abandoning module ProjectSettingsViewer (134)
[2014.10.31-03.37.10:312][212]LogModuleManager: Shutting down and abandoning module InputBindingEditor (133)
[2014.10.31-03.37.10:313][212]LogModuleManager: Shutting down and abandoning module EditorSettingsViewer (132)
[2014.10.31-03.37.10:313][212]LogModuleManager: Shutting down and abandoning module SettingsEditor (131)
[2014.10.31-03.37.10:313][212]LogModuleManager: Shutting down and abandoning module ProjectLauncher (130)
[2014.10.31-03.37.10:313][212]LogModuleManager: Shutting down and abandoning module SessionFrontend (129)
[2014.10.31-03.37.10:313][212]LogModuleManager: Shutting down and abandoning module ProfilerClient (128)
[2014.10.31-03.37.10:314][212]LogModuleManager: Shutting down and abandoning module TargetDeviceServices (127)
[2014.10.31-03.37.10:314][212]LogModuleManager: Shutting down and abandoning module DeviceManager (126)
[2014.10.31-03.37.10:314][212]LogModuleManager: Shutting down and abandoning module AutomationController (125)
[2014.10.31-03.37.10:314][212]LogModuleManager: Shutting down and abandoning module AutomationWindow (124)
[2014.10.31-03.37.10:314][212]LogModuleManager: Shutting down and abandoning module Layers (123)
[2014.10.31-03.37.10:315][212]LogModuleManager: Shutting down and abandoning module ComponentVisualizers (122)
[2014.10.31-03.37.10:315][212]LogModuleManager: Shutting down and abandoning module DetailCustomizations (121)
[2014.10.31-03.37.10:315][212]LogModuleManager: Shutting down and abandoning module PackagesDialog (120)
[2014.10.31-03.37.10:315][212]LogModuleManager: Shutting down and abandoning module AssetRegistry (119)
[2014.10.31-03.37.10:425][212]LogModuleManager: Shutting down and abandoning module Persona (118)
[2014.10.31-03.37.10:426][212]LogModuleManager: Shutting down and abandoning module Kismet (117)
[2014.10.31-03.37.10:426][212]LogModuleManager: Shutting down and abandoning module GraphEditor (116)
[2014.10.31-03.37.10:427][212]LogModuleManager: Shutting down and abandoning module ClassViewer (115)
[2014.10.31-03.37.10:427][212]LogModuleManager: Shutting down and abandoning module Toolbox (114)
[2014.10.31-03.37.10:427][212]LogModuleManager: Shutting down and abandoning module ModuleUI (113)
[2014.10.31-03.37.10:428][212]LogModuleManager: Shutting down and abandoning module MovieSceneTools (112)
[2014.10.31-03.37.10:428][212]LogModuleManager: Shutting down and abandoning module OutputLog (111)
[2014.10.31-03.37.10:428][212]LogModuleManager: Shutting down and abandoning module GammaUI (110)
[2014.10.31-03.37.10:428][212]LogModuleManager: Shutting down and abandoning module Documentation (109)
[2014.10.31-03.37.10:429][212]LogModuleManager: Shutting down and abandoning module GameLiveStreaming (108)
[2014.10.31-03.37.10:429][212]LogModuleManager: Shutting down and abandoning module StreamingPauseRendering (107)
[2014.10.31-03.37.10:429][212]LogModuleManager: Shutting down and abandoning module HTTP (106)
[2014.10.31-03.37.10:429][212]LogModuleManager: Shutting down and abandoning module AnalyticsET (105)
[2014.10.31-03.37.10:430][212]LogModuleManager: Shutting down and abandoning module Analytics (104)
[2014.10.31-03.37.10:430][212]LogModuleManager: Shutting down and abandoning module GameplayDebugger (103)
[2014.10.31-03.37.10:430][212]LogModuleManager: Shutting down and abandoning module AIModule (102)
[2014.10.31-03.37.10:430][212]LogModuleManager: Shutting down and abandoning module ProfilerService (101)
[2014.10.31-03.37.10:667][212]LogModuleManager: Shutting down and abandoning module TaskGraph (100)
[2014.10.31-03.37.10:667][212]LogModuleManager: Shutting down and abandoning module SlateRemote (99)
[2014.10.31-03.37.10:668][212]LogModuleManager: Shutting down and abandoning module ScriptEditorPlugin (98)
[2014.10.31-03.37.10:668][212]LogModuleManager: Shutting down and abandoning module CustomMeshComponent (97)
[2014.10.31-03.37.10:669][212]LogModuleManager: Shutting down and abandoning module CableComponent (96)
[2014.10.31-03.37.10:670][212]LogModuleManager: Shutting down and abandoning module MessagingDebugger (95)
[2014.10.31-03.37.10:670][212]LogModuleManager: Shutting down and abandoning module MediaPlayerEditor (94)
[2014.10.31-03.37.10:671][212]LogModuleManager: Shutting down and abandoning module SpeedTreeImporter (93)
[2014.10.31-03.37.10:671][212]LogModuleManager: Shutting down and abandoning module PluginsEditor (92)
[2014.10.31-03.37.10:672][212]LogModuleManager: Shutting down and abandoning module EpicSurvey (91)
[2014.10.31-03.37.10:672][212]LogModuleManager: Shutting down and abandoning module DesktopPlatform (90)
[2014.10.31-03.37.10:673][212]LogModuleManager: Shutting down and abandoning module VisualStudioSourceCodeAccess (89)
[2014.10.31-03.37.10:673][212]LogModuleManager: Shutting down and abandoning module UObjectPlugin (88)
[2014.10.31-03.37.10:674][212]LogModuleManager: Shutting down and abandoning module SubversionSourceControl (87)
[2014.10.31-03.37.10:674][212]LogModuleManager: Shutting down and abandoning module SourceControl (86)
[2014.10.31-03.37.10:675][212]LogModuleManager: Shutting down and abandoning module PerforceSourceControl (85)
[2014.10.31-03.37.10:675][212]LogModuleManager: Shutting down and abandoning module BlankPlugin (84)
[2014.10.31-03.37.10:676][212]LogModuleManager: Shutting down and abandoning module SlateReflector (83)
[2014.10.31-03.37.10:676][212]LogModuleManager: Shutting down and abandoning module DirectoryWatcher (82)
[2014.10.31-03.37.10:677][212]LogModuleManager: Shutting down and abandoning module HotReload (81)
[2014.10.31-03.37.10:678][212]LogModuleManager: Shutting down and abandoning module MainFrame (80)
[2014.10.31-03.37.10:678][212]LogModuleManager: Shutting down and abandoning module LevelEditor (79)
[2014.10.31-03.37.10:680][212]LogModuleManager: Shutting down and abandoning module ViewportSnapping (78)
[2014.10.31-03.37.10:681][212]LogModuleManager: Shutting down and abandoning module SmartSnapping (77)
[2014.10.31-03.37.10:681][212]LogModuleManager: Shutting down and abandoning module PaperTiledImporter (76)
[2014.10.31-03.37.10:681][212]LogModuleManager: Shutting down and abandoning module PaperJsonImporter (75)
[2014.10.31-03.37.10:682][212]LogModuleManager: Shutting down and abandoning module ContentBrowser (74)
[2014.10.31-03.37.10:682][212]LogModuleManager: Shutting down and abandoning module PropertyEditor (73)
[2014.10.31-03.37.10:683][212]LogModuleManager: Shutting down and abandoning module Paper2DEditor (72)
[2014.10.31-03.37.10:683][212]LogModuleManager: Shutting down and abandoning module MyProject (71)
[2014.10.31-03.37.10:683][212]LogModuleManager: Shutting down and abandoning module ScriptPlugin (70)
[2014.10.31-03.37.10:684][212]LogModuleManager: Shutting down and abandoning module UdpMessaging (69)
[2014.10.31-03.37.10:784][212]LogModuleManager: Shutting down and abandoning module Paper2D (68)
[2014.10.31-03.37.10:784][212]LogModuleManager: Shutting down and abandoning module WindowsMoviePlayer (67)
[2014.10.31-03.37.10:789][212]LogModuleManager: Shutting down and abandoning module Media (66)
[2014.10.31-03.37.10:790][212]LogModuleManager: Shutting down and abandoning module WmfMedia (65)
[2014.10.31-03.37.10:792][212]LogModuleManager: Shutting down and abandoning module OnlineBlueprintSupport (64)
[2014.10.31-03.37.10:793][212]LogModuleManager: Shutting down and abandoning module FunctionalTesting (63)
[2014.10.31-03.37.10:793][212]LogModuleManager: Shutting down and abandoning module CollisionAnalyzer (62)
[2014.10.31-03.37.10:794][212]LogModuleManager: Shutting down and abandoning module WorkspaceMenuStructure (61)
[2014.10.31-03.37.10:794][212]LogModuleManager: Shutting down and abandoning module MessageLog (60)
[2014.10.31-03.37.10:795][212]LogModuleManager: Shutting down and abandoning module Sequencer (59)
[2014.10.31-03.37.10:795][212]LogModuleManager: Shutting down and abandoning module AssetTools (58)
[2014.10.31-03.37.10:796][212]LogModuleManager: Shutting down and abandoning module UMGEditor (57)
[2014.10.31-03.37.10:796][212]LogModuleManager: Shutting down and abandoning module UMG (56)
[2014.10.31-03.37.10:797][212]LogModuleManager: Shutting down and abandoning module Slate (55)
[2014.10.31-03.37.10:797][212]LogModuleManager: Shutting down and abandoning module EditorStyle (54)
[2014.10.31-03.37.10:801][212]LogModuleManager: Shutting down and abandoning module SessionServices (53)
[2014.10.31-03.37.10:801][212]LogModuleManager: Shutting down and abandoning module SourceCodeAccess (52)
[2014.10.31-03.37.10:802][212]LogModuleManager: Shutting down and abandoning module HeadMountedDisplay (51)
[2014.10.31-03.37.10:802][212]LogModuleManager: Shutting down and abandoning module XAudio2 (50)
[2014.10.31-03.37.10:803][212]LogModuleManager: Shutting down and abandoning module Networking (48)
[2014.10.31-03.37.10:803][212]LogModuleManager: Shutting down and abandoning module Core (47)
[2014.10.31-03.37.10:804][212]LogModuleManager: Shutting down and abandoning module KismetCompiler (46)
[2014.10.31-03.37.10:804][212]LogModuleManager: Shutting down and abandoning module PhysXFormats (45)
[2014.10.31-03.37.10:805][212]LogModuleManager: Shutting down and abandoning module MeshUtilities (44)
[2014.10.31-03.37.10:805][212]LogModuleManager: Shutting down and abandoning module DerivedDataCache (43)
[2014.10.31-03.37.10:816][212]LogDerivedDataCache: Shutdown
[2014.10.31-03.37.10:816][212]LogModuleManager: Shutting down and abandoning module ShaderFormatOpenGL (42)
[2014.10.31-03.37.10:817][212]LogModuleManager: Shutting down and abandoning module ShaderFormatD3D (41)
[2014.10.31-03.37.10:817][212]LogModuleManager: Shutting down and abandoning module MetalShaderFormat (40)
[2014.10.31-03.37.10:818][212]LogModuleManager: Shutting down and abandoning module TextureFormatUncompressed (39)
[2014.10.31-03.37.10:818][212]LogModuleManager: Shutting down and abandoning module TextureFormatPVR (38)
[2014.10.31-03.37.10:819][212]LogModuleManager: Shutting down and abandoning module TextureFormatDXT (37)
[2014.10.31-03.37.10:819][212]LogModuleManager: Shutting down and abandoning module TextureFormatAndroid (36)
[2014.10.31-03.37.10:820][212]LogModuleManager: Shutting down and abandoning module AudioFormatOpus (35)
[2014.10.31-03.37.10:820][212]LogModuleManager: Shutting down and abandoning module AudioFormatOgg (34)
[2014.10.31-03.37.10:820][212]LogModuleManager: Shutting down and abandoning module AudioFormatADPCM (33)
[2014.10.31-03.37.10:821][212]LogModuleManager: Shutting down and abandoning module Messaging (32)
[2014.10.31-03.37.10:821][212]LogModuleManager: Shutting down and abandoning module IOSTargetPlatform (31)
[2014.10.31-03.37.10:822][212]LogModuleManager: Shutting down and abandoning module Android_PVRTCTargetPlatform (30)
[2014.10.31-03.37.10:822][212]LogModuleManager: Shutting down and abandoning module Android_ETC2TargetPlatform (29)
[2014.10.31-03.37.10:823][212]LogModuleManager: Shutting down and abandoning module Android_ETC1TargetPlatform (28)
[2014.10.31-03.37.10:823][212]LogModuleManager: Shutting down and abandoning module Android_DXTTargetPlatform (27)
[2014.10.31-03.37.10:824][212]LogModuleManager: Shutting down and abandoning module Android_ATCTargetPlatform (26)
[2014.10.31-03.37.10:824][212]LogModuleManager: Shutting down and abandoning module AndroidTargetPlatform (25)
[2014.10.31-03.37.10:824][212]LogModuleManager: Shutting down and abandoning module WindowsTargetPlatform (24)
[2014.10.31-03.37.10:825][212]LogModuleManager: Shutting down and abandoning module WindowsServerTargetPlatform (23)
[2014.10.31-03.37.10:825][212]LogModuleManager: Shutting down and abandoning module WindowsNoEditorTargetPlatform (22)
[2014.10.31-03.37.10:826][212]LogModuleManager: Shutting down and abandoning module WindowsClientTargetPlatform (21)
[2014.10.31-03.37.10:826][212]LogModuleManager: Shutting down and abandoning module TargetPlatform (20)
[2014.10.31-03.37.10:827][212]LogModuleManager: Shutting down and abandoning module InputCore (19)
[2014.10.31-03.37.10:827][212]LogModuleManager: Shutting down and abandoning module Settings (18)
[2014.10.31-03.37.10:827][212]LogModuleManager: Shutting down and abandoning module ImageWrapper (17)
[2014.10.31-03.37.10:828][212]LogModuleManager: Shutting down and abandoning module OculusRift (14)
[2014.10.31-03.37.10:828][212]LogModuleManager: Shutting down and abandoning module ExampleDeviceProfileSelector (13)
[2014.10.31-03.37.10:829][212]LogModuleManager: Shutting down and abandoning module TextureCompressor (12)
[2014.10.31-03.37.10:830][212]LogModuleManager: Shutting down and abandoning module ShaderCore (11)
[2014.10.31-03.37.10:830][212]LogModuleManager: Shutting down and abandoning module SlateRHIRenderer (10)
[2014.10.31-03.37.10:833][212]LogModuleManager: Shutting down and abandoning module OpenGLDrv (9)
[2014.10.31-03.37.10:834][212]LogModuleManager: Shutting down and abandoning module D3D11RHI (8)
[2014.10.31-03.37.10:834][212]LogModuleManager: Shutting down and abandoning module Renderer (7)
[2014.10.31-03.37.10:835][212]LogModuleManager: Shutting down and abandoning module Engine (6)
[2014.10.31-03.37.10:835][212]LogModuleManager: Shutting down and abandoning module CoreUObject (5)
[2014.10.31-03.37.10:836][212]LogModuleManager: Shutting down and abandoning module NetworkFile (4)
[2014.10.31-03.37.10:836][212]LogModuleManager: Shutting down and abandoning module StreamingFile (3)
[2014.10.31-03.37.10:837][212]LogModuleManager: Shutting down and abandoning module SandboxFile (2)
[2014.10.31-03.37.10:837][212]LogModuleManager: Shutting down and abandoning module PakFile (1)
[2014.10.31-03.37.10:840][212]LogExit: Exiting.
[2014.10.31-03.37.10:853][212]Log file closed, 10/30/14 23:37:10
