Log file open, 10/31/14 20:33:53
LogInit:Display: Running engine for game: MyProject
LogInit: Version: 4.5.1-2336687+++depot+UE4-Releases+4.5
LogInit: API Version: 2326478
LogInit: Compiled (64-bit): Oct 21 2014 22:32:40
LogInit: Compiled with Visual C++: 18.00.21005.01
LogInit: Build Configuration: DebugGame
LogInit: Branch Name: ++depot+UE4-Releases+4.5
LogInit: Command line:  -debug
LogInit: Base directory: C:/Program Files/Unreal Engine/4.5/Engine/Binaries/Win64/
LogInit: Rocket: 1
[2014.11.01-00.33.53:742][  0]LogTaskGraph: Started task graph with 3 named threads and 4 total threads.
[2014.11.01-00.33.53:776][  0]LogOnline:Warning: No default platform service specified for OnlineSubsystem
[2014.11.01-00.33.53:860][  0]LogInit: Presizing for 0 objects not considered by GC, pre-allocating 0 bytes.
[2014.11.01-00.33.53:869][  0]LogInit: Object subsystem initialized
[2014.11.01-00.33.53:873][  0]LogConsoleResponse:Warning: Skipping Unknown console variable: 'UIScaleRule = ShortestSide'
[2014.11.01-00.33.53:873][  0]LogConsoleResponse:Warning:   Found in ini file 'C:/Users/Chris/Desktop/MyProject/Saved/Config/Windows/Engine.ini', in section '[/Script/Engine.RendererSettings]'
[2014.11.01-00.33.53:873][  0]LogConsoleResponse:Warning: Skipping Unknown console variable: 'UIScaleCurve = (EditorCurveData=(Keys=((Time=480,Value=0.444),(Time=720,Value=0.666),(Time=1080,Value=1.0),(Time=8640,Value=8.0))),ExternalCurve=None)'
[2014.11.01-00.33.53:874][  0]LogConsoleResponse:Warning:   Found in ini file 'C:/Users/Chris/Desktop/MyProject/Saved/Config/Windows/Engine.ini', in section '[/Script/Engine.RendererSettings]'
[2014.11.01-00.33.53:874][  0]LogInit: Selected Device Profile: [Windows]
[2014.11.01-00.33.53:875][  0]LogInit: Applying CVar settings loaded from the selected device profile: [Windows]
[2014.11.01-00.33.53:925][  0]LogInit: Computer: CHRIS-PC
[2014.11.01-00.33.53:926][  0]LogInit: User: Chris
[2014.11.01-00.33.53:927][  0]LogInit: CPU Page size=4096, Cores=4
[2014.11.01-00.33.53:927][  0]LogInit: High frequency timer resolution =3.312871 MHz
[2014.11.01-00.33.53:928][  0]LogMemory: Memory total: Physical=12.0GB (12GB approx) Virtual=8192.0GB
[2014.11.01-00.33.53:928][  0]LogMemory: Platform Memory Stats for Windows
[2014.11.01-00.33.53:928][  0]LogMemory: Process Physical Memory: 63.13 MB used, 63.13 MB peak
[2014.11.01-00.33.53:929][  0]LogMemory: Process Virtual Memory: 38.33 MB used, 38.33 MB peak
[2014.11.01-00.33.53:929][  0]LogMemory: Physical Memory: 5854.79 MB used, 12270.45 MB total
[2014.11.01-00.33.53:929][  0]LogMemory: Virtual Memory: 269.57 MB used, 8388608.00 MB total
[2014.11.01-00.33.55:102][  0]LogD3D11RHI: Found D3D11 adapter 0: NVIDIA GeForce GTX 760 (Feature Level 11_0)
[2014.11.01-00.33.55:102][  0]LogD3D11RHI: Adapter has 1990MB of dedicated video memory, 0MB of dedicated system memory, and 2048MB of shared system memory, 2 output[s]
[2014.11.01-00.33.55:102][  0]LogD3D11RHI: Chosen D3D11 Adapter Id = 0
[2014.11.01-00.33.55:108][  0]LogRHI: Texture pool is 1361 MB (70% of 1945 MB)
[2014.11.01-00.33.55:128][  0]LogD3D11RHI: Async texture creation enabled
[2014.11.01-00.33.56:175][  0]LogTextLocalizationManager: The requested culture ('en_US') has no localization data; parent culture's ('en') localization data will be used.
[2014.11.01-00.33.56:304][  0]LogContentStreaming: Texture pool size is 0.000000MB
[2014.11.01-00.34.03:501][  0]LogTargetPlatformManager:Display: Building Assets For Windows
[2014.11.01-00.34.04:527][  0]LogTargetPlatformManager:Display: Building Assets For Windows
[2014.11.01-00.34.04:608][  0]LogDerivedDataCache:Display: Max Cache Size: 512 MB
[2014.11.01-00.34.05:008][  0]LogDerivedDataCache: Loaded boot cache 0.40s 39MB C:/Users/Chris/AppData/Local/UnrealEngine/4.5/DerivedDataCache/Boot.ddc.
[2014.11.01-00.34.05:008][  0]LogDerivedDataCache:Display: Loaded Boot cache: C:/Users/Chris/AppData/Local/UnrealEngine/4.5/DerivedDataCache/Boot.ddc
[2014.11.01-00.34.05:009][  0]LogDerivedDataCache: FDerivedDataBackendGraph:  Pak pak cache file ../../../../../../Users/Chris/Desktop/MyProject/DerivedDataCache/DDC.ddp not found, will not use a pak cache.
[2014.11.01-00.34.05:009][  0]LogDerivedDataCache: Unable to find inner node Pak for hierarchical cache Hierarchy.
[2014.11.01-00.34.05:079][  0]LogDerivedDataCache:Display: Pak cache opened for reading ../../../Engine/DerivedDataCache/DDC.ddp.
[2014.11.01-00.34.05:091][  0]LogDerivedDataCache: Using Local data cache path C:/Users/Chris/AppData/Local/UnrealEngine/Common/DerivedDataCache: Writable
[2014.11.01-00.34.07:427][  0]LogMeshUtilities: No automatic mesh reduction module available
[2014.11.01-00.34.07:428][  0]LogMeshUtilities: No automatic mesh merging module available
[2014.11.01-00.34.07:686][  0]LogLinker:Warning: Asset '../../../Engine/Content/Functions/Engine_MaterialFunctions02/Texturing/FlipBook.uasset' has been saved with empty engine version. The asset will be loaded but may be incompatible.
[2014.11.01-00.34.07:690][  0]LogLinker:Warning: Asset '../../../Engine/Content/Functions/Engine_MaterialFunctions02/ExampleContent/Textures/flipbook.uasset' has been saved with empty engine version. The asset will be loaded but may be incompatible.
[2014.11.01-00.34.07:917][  0]LogInit: WinSock: version 1.1 (2.2), MaxSocks=32767, MaxUdp=65467
[2014.11.01-00.34.11:238][  0]UdpMessaging: Initializing bridge on interface 0.0.0.0:0 to multicast group 230.0.0.1:6666.
[2014.11.01-00.34.11:748][  0]SourceControl: Info Source control is disabled
[2014.11.01-00.34.11:748][  0]SourceControl: Info Source control is disabled
[2014.11.01-00.34.11:760][  0]SourceControl: Info Source control is disabled
[2014.11.01-00.34.12:022][  0]LogObj: 22990 objects as part of root set at end of initial load.
[2014.11.01-00.34.12:022][  0]LogUObjectAllocator: 4821864 out of 0 bytes used by permanent object pool.
[2014.11.01-00.34.12:089][  0]LogEngine: Initializing Engine...
[2014.11.01-00.34.12:242][  0]LogInit: XAudio2 using 'Speakers (Realtek High Definition Audio)' : 2 channels at 48 kHz using 32 bits per sample (channel mask 0x3)
[2014.11.01-00.34.12:264][  0]LogInit: FAudioDevice initialized.
[2014.11.01-00.34.12:295][  0]LogAIModule: Creating AISystem for world NewWorld
[2014.11.01-00.34.12:370][  0]LogDerivedDataCache: Saved boot cache 0.07s 39MB C:/Users/Chris/AppData/Local/UnrealEngine/4.5/DerivedDataCache/Boot.ddc.
[2014.11.01-00.34.12:378][  0]LogInit: Texture streaming: Enabled
[2014.11.01-00.34.12:450][  0]LogInit: Transaction tracking system initialized
[2014.11.01-00.34.12:626][  0]BlueprintLog: New page: Editor Load
[2014.11.01-00.34.12:676][  0]LogAssetRegistry: FAssetRegistry took 0.0104 seconds to start up
[2014.11.01-00.34.12:677][  0]LogDirectoryWatcher:Warning: Failed to begin reading directory changes for ../../../Engine/Plugins/Experimental/CharacterAI/Content/. Error: 0
[2014.11.01-00.34.13:296][  0]LogTargetPlatformManager:Display: Building Assets For Windows
[2014.11.01-00.34.13:654][  0]LogTargetPlatformManager:Display: Building Assets For Windows
[2014.11.01-00.34.13:975][  0]LogConsoleResponse:Display: 
[2014.11.01-00.34.14:266][  0]SourceControl: Info Source control is disabled
[2014.11.01-00.34.14:266][  0]Cmd: MAP LOAD FILE="../../../../../../Users/Chris/Desktop/MyProject/Content/Maps/Example_Map.umap" TEMPLATE=0 SHOWPROGRESS=1
[2014.11.01-00.34.14:306][  0]LightingResults: New page: Lighting Build
[2014.11.01-00.34.14:336][  0]MapCheck: New page: Map Check
[2014.11.01-00.34.14:336][  0]LightingResults: New page: Lighting Build
[2014.11.01-00.34.14:349][  0]LogParticles: Destroying 0 GPU particle simulations for FXSystem 0x0000000017206840
[2014.11.01-00.34.15:244][  0]LogEditorServer: Finished looking for orphan Actors (0.000 secs)
[2014.11.01-00.34.15:245][  0]LogAIModule: Creating AISystem for world Example_Map
[2014.11.01-00.34.15:245][  0]Cmd: MAP CHECKDEP
[2014.11.01-00.34.15:246][  0]MapCheck: New page: Example_Map - Oct 31, 2014, 4:34:15 PM
[2014.11.01-00.34.15:396][  0]MapCheck: Info Map check complete: 0 Error(s), 0 Warning(s), took 150.168ms to complete.
[2014.11.01-00.34.15:397][  0]LogFileHelpers: Loading map 'Example_Map' took 1.131
[2014.11.01-00.34.15:514][  0]LogCollectionManager: Loaded 0 collections in 0.001088 seconds
[2014.11.01-00.34.15:761][  0]LogCrashTracker: Crashtracker disabled due to settings.
[2014.11.01-00.34.15:867][  0]LogUObjectGlobals:Warning: Failed to find object 'Class None.'
[2014.11.01-00.34.15:914][  0]LogLoad: Full Startup: 27.52 seconds (BP compile: 0.21 seconds)
[2014.11.01-00.34.15:931][  0]LogContentBrowser:Verbose: The content browser source was changed by the sources view to '/Game/Blueprints'
[2014.11.01-00.34.16:085][  0]LogRenderer:Warning: Reallocating scene render targets to support 960x728.
[2014.11.01-00.34.16:395][  4]LogAssetRegistry: Asset discovery search completed in 3.7295 seconds
[2014.11.01-00.34.33:587][ 34]BlueprintLog: New page: Pre-PIE auto-recompile
[2014.11.01-00.34.33:588][ 34]LogPlayLevel: [PIE] Compiling Example_Map before PIE...
[2014.11.01-00.34.33:666][ 34]LogActorComponent: UnregisterComponent: (/Engine/Transient.CharacterMovementComponent_0) Not registered. Aborting.
[2014.11.01-00.34.33:693][ 34]LogPlayLevel: PIE:  Blueprint regeneration took 106 ms (1 blueprints)
[2014.11.01-00.34.33:694][ 34]PIE: New page: PIE session: Example_Map (Oct 31, 2014, 4:34:33 PM)
[2014.11.01-00.34.33:733][ 34]LogPlayLevel: PIE: StaticDuplicateObject took: (0.038499s)
[2014.11.01-00.34.33:736][ 34]LogPlayLevel: PIE: World Init took: (0.002071s)
[2014.11.01-00.34.33:737][ 34]LogPlayLevel: PIE: Created PIE world by copying editor world from /Game/Maps/Example_Map.Example_Map to /Game/Maps/UEDPIE_0_Example_Map.Example_Map (0.041880s)
[2014.11.01-00.34.33:786][ 34]LogWorld: Game class is 'MyGame_C'
[2014.11.01-00.34.33:788][ 34]LogAIModule: Creating AISystem for world Example_Map
[2014.11.01-00.34.33:789][ 34]LogWorld: Bringing World /Game/Maps/UEDPIE_0_Example_Map.Example_Map up for play (max tick rate 0) at 2014.10.31-20.34.33
[2014.11.01-00.34.33:790][ 34]LogWorld: Bringing up level for play took: 0.001716
[2014.11.01-00.34.34:014][ 34]PIE: Info Play in editor start time for /Game/Maps/UEDPIE_0_Example_Map -0.364
[2014.11.01-00.34.37:350][369]LogBlueprintUserMessages: Rock Armor
[2014.11.01-00.34.38:850][535]LogBlueprintUserMessages: Rock Armor
[2014.11.01-00.34.40:882][765]LogBlueprintUserMessages: Rock Armor
[2014.11.01-00.34.42:028][896]LogBlueprintUserMessages: Rock Armor
[2014.11.01-00.34.43:204][ 28]LogBlueprintUserMessages: Rock Armor
[2014.11.01-00.34.44:240][145]LogBlueprintUserMessages: Rock Armor
[2014.11.01-00.34.44:761][204]LogBlueprintUserMessages: Rock Armor
[2014.11.01-00.34.45:408][276]LogBlueprintUserMessages: Rock Armor
[2014.11.01-00.34.46:173][362]LogBlueprintUserMessages: Rock Armor
[2014.11.01-00.34.46:947][449]LogBlueprintUserMessages: Rock Armor
[2014.11.01-00.34.47:760][536]LogBlueprintUserMessages: Rock Armor
[2014.11.01-00.34.50:105][799]LogBlueprintUserMessages: Health Pot
[2014.11.01-00.34.52:016][ 11]LogBlueprintUserMessages: Health Pot
[2014.11.01-00.34.53:641][191]LogBlueprintUserMessages: Health Pot
[2014.11.01-00.34.54:361][272]LogBlueprintUserMessages: Health Pot
[2014.11.01-00.34.55:467][396]LogBlueprintUserMessages: Health Pot
[2014.11.01-00.34.56:430][504]LogBlueprintUserMessages: Health Pot
[2014.11.01-00.34.57:567][633]LogBlueprintUserMessages: Health Pot
[2014.11.01-00.34.58:865][780]LogBlueprintUserMessages: Health Pot
[2014.11.01-00.34.59:990][908]LogBlueprintUserMessages: Health Pot
[2014.11.01-00.35.01:052][ 28]LogBlueprintUserMessages: Health Pot
[2014.11.01-00.35.01:919][127]LogBlueprintUserMessages: Health Pot
[2014.11.01-00.35.07:720][750]LogParticles: Destroying 0 GPU particle simulations for FXSystem 0x000000000E4C9620
[2014.11.01-00.37.16:398][186]LogContentBrowser:Verbose: The content browser source was changed by the sources view to '/Game/UMG'
[2014.11.01-00.38.27:478][511]BlueprintLog: New page: Compile ItemListText
[2014.11.01-00.38.27:484][511]LogBlueprint:Warning: [MyCharacter] CreatePinForVariable: 'ItemName' variable not found. Base class was probably changed.
[2014.11.01-00.38.27:539][511]LogActorComponent: UnregisterComponent: (/Engine/Transient.CharacterMovementComponent_1) Not registered. Aborting.
[2014.11.01-00.38.27:664][511]BlueprintEditorCompileResults: Info [0279.08] Compile of ItemListText successful! [in 6 ms]
[2014.11.01-00.38.28:126][539]Cmd: OBJ SAVEPACKAGE PACKAGE="/Game/UMG/ItemListText" FILE="../../../../../../Users/Chris/Desktop/MyProject/Content/UMG/ItemListText.uasset" SILENT=true
[2014.11.01-00.38.28:206][539]LogSavePackage: Save=9.726005ms
[2014.11.01-00.38.28:206][539]LogSavePackage: Moving '../../../../../../Users/Chris/Desktop/MyProject/Saved/ItemListText7B0E4CCF4926D86D81F02881BFA42D9D.tmp' to '../../../../../../Users/Chris/Desktop/MyProject/Content/UMG/ItemListText.uasset'
[2014.11.01-00.38.58:719][684]BlueprintLog: New page: Compile ItemListText
[2014.11.01-00.38.58:723][684]LogBlueprint:Warning: [MyCharacter] CreatePinForVariable: 'ItemName' variable not found. Base class was probably changed.
[2014.11.01-00.38.58:867][684]BlueprintEditorCompileResults: Info [0310.32] Compile of ItemListText successful! [in 3 ms]
[2014.11.01-00.38.59:238][707]Cmd: OBJ SAVEPACKAGE PACKAGE="/Game/UMG/ItemListText" FILE="../../../../../../Users/Chris/Desktop/MyProject/Content/UMG/ItemListText.uasset" SILENT=true
[2014.11.01-00.38.59:301][707]LogSavePackage: Save=10.896893ms
[2014.11.01-00.38.59:302][707]LogSavePackage: Moving '../../../../../../Users/Chris/Desktop/MyProject/Saved/ItemListTextC44996044A29E68570228BABDD4405A5.tmp' to '../../../../../../Users/Chris/Desktop/MyProject/Content/UMG/ItemListText.uasset'
[2014.11.01-00.39.54:039][887]LogSlate:Warning: GetFontFace failed to load or process 'Roboto-Regular'
[2014.11.01-00.39.54:039][887]LogSlate:Warning: GetFontFace failed to load or process 'Roboto-Regular'
[2014.11.01-00.39.54:040][887]LogSlate:Warning: GetFontFace failed to load or process 'Roboto-Regular'
[2014.11.01-00.39.54:040][887]LogSlate:Warning: GetFontFace failed to load or process 'Roboto-Regular'
[2014.11.01-00.39.54:041][887]LogSlate:Warning: GetFontFace failed to load or process 'Roboto-Regular'
[2014.11.01-00.39.54:041][887]LogSlate:Warning: GetFontFace failed to load or process 'Roboto-Regular'
[2014.11.01-00.39.54:041][887]LogSlate:Warning: GetFontFace failed to load or process 'Roboto-Regular'
[2014.11.01-00.39.54:042][887]LogSlate:Warning: GetFontFace failed to load or process 'Roboto-Regular'
[2014.11.01-00.39.54:042][887]LogSlate:Warning: GetFontFace failed to load or process 'Roboto-Regular'
[2014.11.01-00.39.54:042][887]LogSlate:Warning: GetFontFace failed to load or process 'Roboto-Regular'
[2014.11.01-00.39.54:043][887]LogSlate:Warning: GetFontFace failed to load or process 'Roboto-Regular'
[2014.11.01-00.39.54:043][887]LogSlate:Warning: GetFontFace failed to load or process 'Roboto-Regular'
[2014.11.01-00.39.54:043][887]LogSlate:Warning: GetFontFace failed to load or process 'Roboto-Regular'
[2014.11.01-00.39.54:044][887]LogSlate:Warning: GetFontFace failed to load or process 'Roboto-Regular'
[2014.11.01-00.39.54:044][887]LogSlate:Warning: GetFontFace failed to load or process 'Roboto-Regular'
[2014.11.01-00.39.54:044][887]LogSlate:Warning: GetFontFace failed to load or process 'Roboto-Regular'
[2014.11.01-00.39.54:045][887]LogSlate:Warning: GetFontFace failed to load or process 'Roboto-Regular'
[2014.11.01-00.39.54:045][887]LogSlate:Warning: GetFontFace failed to load or process 'Roboto-Regular'
[2014.11.01-00.39.54:045][887]LogSlate:Warning: GetFontFace failed to load or process 'Roboto-Regular'
[2014.11.01-00.39.54:046][887]LogSlate:Warning: GetFontFace failed to load or process 'Roboto-Regular'
[2014.11.01-00.39.54:046][887]LogSlate:Warning: GetFontFace failed to load or process 'Roboto-Regular'
[2014.11.01-00.39.54:046][887]LogSlate:Warning: GetFontFace failed to load or process 'Roboto-Regular'
[2014.11.01-00.39.54:046][887]LogSlate:Warning: GetFontFace failed to load or process 'Roboto-Regular'
[2014.11.01-00.39.54:047][887]LogSlate:Warning: GetFontFace failed to load or process 'Roboto-Regular'
[2014.11.01-00.39.54:047][887]LogSlate:Warning: GetFontFace failed to load or process 'Roboto-Regular'
[2014.11.01-00.39.54:047][887]LogSlate:Warning: GetFontFace failed to load or process 'Roboto-Regular'
[2014.11.01-00.40.04:575][700]LogSlate:Warning: GetFontFace failed to load or process 'Roboto-Regular'
[2014.11.01-00.40.04:575][700]LogSlate:Warning: GetFontFace failed to load or process 'Roboto-Regular'
[2014.11.01-00.40.04:576][700]LogSlate:Warning: GetFontFace failed to load or process 'Roboto-Regular'
[2014.11.01-00.40.04:576][700]LogSlate:Warning: GetFontFace failed to load or process 'Roboto-Regular'
[2014.11.01-00.40.04:577][700]LogSlate:Warning: GetFontFace failed to load or process 'Roboto-Regular'
[2014.11.01-00.40.31:511][729]LogSlate:Warning: GetFontFace failed to load or process 'Roboto-Regular'
[2014.11.01-00.40.31:512][729]LogSlate:Warning: GetFontFace failed to load or process 'Roboto-Regular'
[2014.11.01-00.40.51:516][189]LogSlate:Warning: GetFontFace failed to load or process 'Roboto-Regular'
[2014.11.01-00.40.51:517][189]LogSlate:Warning: GetFontFace failed to load or process 'Roboto-Regular'
[2014.11.01-00.41.51:953][448]BlueprintLog: New page: Compile MyCharacter
[2014.11.01-00.41.52:015][448]LogBlueprint:Warning: [compiler] Warning Unable to find variable with name 'ItemName' for  Get ItemName 
[2014.11.01-00.41.52:018][448]LogBlueprint:Error: [compiler] Error The property associated with  Item Name  could not be found
[2014.11.01-00.41.52:069][448]LogBlueprint:Warning: [compiler] Warning [0483.66] Compile of MyCharacter failed. 1 Fatal Issue(s) 1 Warning(s) [in 68 ms]
[2014.11.01-00.41.52:272][448]BlueprintEditorCompileResults:Warning: Warning Unable to find variable with name 'ItemName' for  Get ItemName 
[2014.11.01-00.41.52:273][448]BlueprintEditorCompileResults:Error: Error The property associated with  Item Name  could not be found
[2014.11.01-00.41.52:273][448]BlueprintEditorCompileResults:Warning: Warning [0483.66] Compile of MyCharacter failed. 1 Fatal Issue(s) 1 Warning(s) [in 68 ms]
[2014.11.01-00.41.53:749][534]Cmd: OBJ SAVEPACKAGE PACKAGE="/Game/Blueprints/MyCharacter" FILE="../../../../../../Users/Chris/Desktop/MyProject/Content/Blueprints/MyCharacter.uasset" SILENT=true
[2014.11.01-00.41.54:180][534]LogSavePackage: Save=356.205841ms
[2014.11.01-00.41.54:181][534]LogSavePackage: Moving '../../../../../../Users/Chris/Desktop/MyProject/Saved/MyCharacter3FE1DB9B4D09061F371A6083F187948B.tmp' to '../../../../../../Users/Chris/Desktop/MyProject/Content/Blueprints/MyCharacter.uasset'
[2014.11.01-00.42.06:534][485]BlueprintLog: New page: Compile MyCharacter
[2014.11.01-00.42.06:591][485]LogBlueprint:Error: [compiler] Error This blueprint (self) is not a TextBlock, therefore ' Target ' must have a connection
[2014.11.01-00.42.06:638][485]LogBlueprint:Warning: [compiler] Warning [0498.23] Compile of MyCharacter failed. 1 Fatal Issue(s) 0 Warning(s) [in 64 ms]
[2014.11.01-00.42.06:731][485]LogActorComponent: UnregisterComponent: (/Engine/Transient.CharacterMovementComponent_2) Not registered. Aborting.
[2014.11.01-00.42.06:816][485]BlueprintEditorCompileResults:Error: Error This blueprint (self) is not a TextBlock, therefore ' Target ' must have a connection
[2014.11.01-00.42.06:817][485]BlueprintEditorCompileResults:Warning: Warning [0498.23] Compile of MyCharacter failed. 1 Fatal Issue(s) 0 Warning(s) [in 64 ms]
[2014.11.01-00.42.08:490][590]Cmd: OBJ SAVEPACKAGE PACKAGE="/Game/Blueprints/MyCharacter" FILE="../../../../../../Users/Chris/Desktop/MyProject/Content/Blueprints/MyCharacter.uasset" SILENT=true
[2014.11.01-00.42.08:903][590]LogSavePackage: Save=359.353851ms
[2014.11.01-00.42.08:904][590]LogSavePackage: Moving '../../../../../../Users/Chris/Desktop/MyProject/Saved/MyCharacterA20E8BEE4BA5FEF900387EB2D58EDFF9.tmp' to '../../../../../../Users/Chris/Desktop/MyProject/Content/Blueprints/MyCharacter.uasset'
[2014.11.01-00.42.21:387][491]LogSlate:Warning: GetFontFace failed to load or process 'Roboto-Regular'
[2014.11.01-00.44.54:878][984]LogActorComponent: UnregisterComponent: (/Engine/Transient.CharacterMovementComponent_3) Not registered. Aborting.
[2014.11.01-00.44.54:905][984]LogFileHelpers: Editor autosave (incl. sublevels) for '/Game/Maps/Example_Map' took 0.027
[2014.11.01-00.44.54:918][984]OBJ SavePackage: Generating thumbnails for [1] asset(s) in package [/Game/Blueprints/MyCharacter] ([1] browsable assets)...
[2014.11.01-00.44.54:970][984]OBJ SavePackage:     Rendered thumbnail for [Blueprint /Game/Blueprints/MyCharacter.MyCharacter]
[2014.11.01-00.44.54:970][984]OBJ SavePackage: Finished generating thumbnails for package [/Game/Blueprints/MyCharacter]
[2014.11.01-00.44.54:974][984]Cmd: OBJ SAVEPACKAGE PACKAGE="/Game/Blueprints/MyCharacter" FILE="../../../../../../Users/Chris/Desktop/MyProject/Saved/Autosaves/Game/Blueprints/MyCharacter_Auto1.uasset" SILENT=false AUTOSAVING=true
[2014.11.01-00.44.55:407][984]LogSavePackage: Save=353.283295ms
[2014.11.01-00.44.55:407][984]LogSavePackage: Moving '../../../../../../Users/Chris/Desktop/MyProject/Saved/MyCharacter_Auto1F79E62F14056DDE7165387B6E82BB9BE.tmp' to '../../../../../../Users/Chris/Desktop/MyProject/Saved/Autosaves/Game/Blueprints/MyCharacter_Auto1.uasset'
[2014.11.01-00.44.55:643][984]LogFileHelpers: Auto-saving content packages took 0.738
[2014.11.01-00.45.08:739][983]LogSlate:Warning: Prevented a slow task dialog from being summoned while a context menu was open
[2014.11.01-00.45.12:083][236]BlueprintLog: New page: Compile MyCharacter
[2014.11.01-00.45.12:141][236]LogBlueprint:Error: [compiler] Error This blueprint (self) is not a TextBlock, therefore ' Target ' must have a connection
[2014.11.01-00.45.12:189][236]LogBlueprint:Warning: [compiler] Warning [0683.77] Compile of MyCharacter failed. 1 Fatal Issue(s) 0 Warning(s) [in 67 ms]
[2014.11.01-00.45.12:275][236]LogActorComponent: UnregisterComponent: (/Engine/Transient.CharacterMovementComponent_4) Not registered. Aborting.
[2014.11.01-00.45.12:358][236]BlueprintEditorCompileResults:Error: Error This blueprint (self) is not a TextBlock, therefore ' Target ' must have a connection
[2014.11.01-00.45.12:358][236]BlueprintEditorCompileResults:Warning: Warning [0683.77] Compile of MyCharacter failed. 1 Fatal Issue(s) 0 Warning(s) [in 67 ms]
[2014.11.01-00.45.13:318][283]Cmd: OBJ SAVEPACKAGE PACKAGE="/Game/Blueprints/MyCharacter" FILE="../../../../../../Users/Chris/Desktop/MyProject/Content/Blueprints/MyCharacter.uasset" SILENT=true
[2014.11.01-00.45.13:735][283]LogSavePackage: Save=362.698700ms
[2014.11.01-00.45.13:736][283]LogSavePackage: Moving '../../../../../../Users/Chris/Desktop/MyProject/Saved/MyCharacter56BA0D1D4A5CA5BD443630A94E6A7670.tmp' to '../../../../../../Users/Chris/Desktop/MyProject/Content/Blueprints/MyCharacter.uasset'
[2014.11.01-00.46.32:220][122]BlueprintLog: New page: Compile ItemListText
[2014.11.01-00.46.32:285][122]LogActorComponent: UnregisterComponent: (/Engine/Transient.CharacterMovementComponent_5) Not registered. Aborting.
[2014.11.01-00.46.32:392][122]BlueprintEditorCompileResults: Info [0763.81] Compile of ItemListText successful! [in 2 ms]
[2014.11.01-00.46.32:822][151]Cmd: OBJ SAVEPACKAGE PACKAGE="/Game/UMG/ItemListText" FILE="../../../../../../Users/Chris/Desktop/MyProject/Content/UMG/ItemListText.uasset" SILENT=true
[2014.11.01-00.46.32:903][151]LogSavePackage: Save=9.092717ms
[2014.11.01-00.46.32:904][151]LogSavePackage: Moving '../../../../../../Users/Chris/Desktop/MyProject/Saved/ItemListText290DA6E444A631DC714DA2A6D1807EE5.tmp' to '../../../../../../Users/Chris/Desktop/MyProject/Content/UMG/ItemListText.uasset'
[2014.11.01-00.46.36:017][379]BlueprintLog: New page: Compile MyCharacter
[2014.11.01-00.46.36:073][379]LogBlueprint:Error: [compiler] Error This blueprint (self) is not a TextBlock, therefore ' Target ' must have a connection
[2014.11.01-00.46.36:124][379]LogBlueprint:Warning: [compiler] Warning [0767.71] Compile of MyCharacter failed. 1 Fatal Issue(s) 0 Warning(s) [in 67 ms]
[2014.11.01-00.46.36:307][379]BlueprintEditorCompileResults:Error: Error This blueprint (self) is not a TextBlock, therefore ' Target ' must have a connection
[2014.11.01-00.46.36:308][379]BlueprintEditorCompileResults:Warning: Warning [0767.71] Compile of MyCharacter failed. 1 Fatal Issue(s) 0 Warning(s) [in 67 ms]
[2014.11.01-00.46.37:099][409]Cmd: OBJ SAVEPACKAGE PACKAGE="/Game/Blueprints/MyCharacter" FILE="../../../../../../Users/Chris/Desktop/MyProject/Content/Blueprints/MyCharacter.uasset" SILENT=true
[2014.11.01-00.46.37:505][409]LogSavePackage: Save=351.272949ms
[2014.11.01-00.46.37:506][409]LogSavePackage: Moving '../../../../../../Users/Chris/Desktop/MyProject/Saved/MyCharacter6704EAC049299DFB9E3298A0E8D435D2.tmp' to '../../../../../../Users/Chris/Desktop/MyProject/Content/Blueprints/MyCharacter.uasset'
[2014.11.01-00.46.56:747][798]LogSlate:Warning: GetFontFace failed to load or process 'Roboto-Regular'
[2014.11.01-00.47.55:347][416]BlueprintLog: New page: Compile MyCharacter
[2014.11.01-00.47.55:495][416]LogActorComponent: UnregisterComponent: (/Engine/Transient.CharacterMovementComponent_6) Not registered. Aborting.
[2014.11.01-00.47.55:592][416]BlueprintEditorCompileResults: Info [0847.03] Compile of MyCharacter successful! [in 66 ms]
[2014.11.01-00.47.56:419][449]Cmd: OBJ SAVEPACKAGE PACKAGE="/Game/Blueprints/MyCharacter" FILE="../../../../../../Users/Chris/Desktop/MyProject/Content/Blueprints/MyCharacter.uasset" SILENT=true
[2014.11.01-00.47.56:868][449]LogSavePackage: Save=378.811005ms
[2014.11.01-00.47.56:869][449]LogSavePackage: Moving '../../../../../../Users/Chris/Desktop/MyProject/Saved/MyCharacter6D52C5944B9A1CEACE7C2E8604DB6975.tmp' to '../../../../../../Users/Chris/Desktop/MyProject/Content/Blueprints/MyCharacter.uasset'
[2014.11.01-00.48.00:312][742]BlueprintLog: New page: Pre-PIE auto-recompile
[2014.11.01-00.48.00:313][742]LogPlayLevel: [PIE] Compiling Tutorial_BP_MacroLib before PIE...
[2014.11.01-00.48.00:359][742]LogPlayLevel: [PIE] Compiling Example_Map before PIE...
[2014.11.01-00.48.00:407][742]LogActorComponent: UnregisterComponent: (/Engine/Transient.CharacterMovementComponent_7) Not registered. Aborting.
[2014.11.01-00.48.00:431][742]LogPlayLevel: PIE:  Blueprint regeneration took 119 ms (2 blueprints)
[2014.11.01-00.48.00:432][742]PIE: New page: PIE session: Example_Map (Oct 31, 2014, 4:48:00 PM)
[2014.11.01-00.48.00:465][742]LogPlayLevel: PIE: StaticDuplicateObject took: (0.032805s)
[2014.11.01-00.48.00:467][742]LogPlayLevel: PIE: World Init took: (0.000881s)
[2014.11.01-00.48.00:468][742]LogPlayLevel: PIE: Created PIE world by copying editor world from /Game/Maps/Example_Map.Example_Map to /Game/Maps/UEDPIE_0_Example_Map.Example_Map (0.035230s)
[2014.11.01-00.48.00:501][742]LogWorld: Game class is 'MyGame_C'
[2014.11.01-00.48.00:505][742]LogAIModule: Creating AISystem for world Example_Map
[2014.11.01-00.48.00:507][742]LogWorld: Bringing World /Game/Maps/UEDPIE_0_Example_Map.Example_Map up for play (max tick rate 0) at 2014.10.31-20.48.00
[2014.11.01-00.48.00:508][742]LogWorld: Bringing up level for play took: 0.003042
[2014.11.01-00.48.00:513][742]PIE: Info Play in editor start time for /Game/Maps/UEDPIE_0_Example_Map 0.114
[2014.11.01-00.48.04:629][166]LogParticles: Destroying 0 GPU particle simulations for FXSystem 0x000000002F965260
[2014.11.01-00.48.05:799][301]BlueprintLog: New page: Pre-PIE auto-recompile
[2014.11.01-00.48.05:799][301]LogPlayLevel: [PIE] Compiling Example_Map before PIE...
[2014.11.01-00.48.05:863][301]LogPlayLevel: PIE:  Blueprint regeneration took 64 ms (1 blueprints)
[2014.11.01-00.48.05:863][301]PIE: New page: PIE session: Example_Map (Oct 31, 2014, 4:48:05 PM)
[2014.11.01-00.48.05:898][301]LogPlayLevel: PIE: StaticDuplicateObject took: (0.034217s)
[2014.11.01-00.48.05:900][301]LogPlayLevel: PIE: World Init took: (0.000881s)
[2014.11.01-00.48.05:900][301]LogPlayLevel: PIE: Created PIE world by copying editor world from /Game/Maps/Example_Map.Example_Map to /Game/Maps/UEDPIE_0_Example_Map.Example_Map (0.036595s)
[2014.11.01-00.48.05:936][301]LogWorld: Game class is 'MyGame_C'
[2014.11.01-00.48.05:940][301]LogAIModule: Creating AISystem for world Example_Map
[2014.11.01-00.48.05:943][301]LogWorld: Bringing World /Game/Maps/UEDPIE_0_Example_Map.Example_Map up for play (max tick rate 0) at 2014.10.31-20.48.05
[2014.11.01-00.48.05:944][301]LogWorld: Bringing up level for play took: 0.002886
[2014.11.01-00.48.05:948][301]PIE: Info Play in editor start time for /Game/Maps/UEDPIE_0_Example_Map -0.451
[2014.11.01-00.48.08:448][583]LogBlueprintUserMessages: Rock Armor
[2014.11.01-00.48.09:704][728]LogBlueprintUserMessages: Health Pot
[2014.11.01-00.48.13:780][172]LogParticles: Destroying 0 GPU particle simulations for FXSystem 0x000000000E4CB9C0
[2014.11.01-00.49.27:807][780]Cmd: OBJ SAVEPACKAGE PACKAGE="/Game/Blueprints/MyCharacter" FILE="../../../../../../Users/Chris/Desktop/MyProject/Content/Blueprints/MyCharacter.uasset" SILENT=true
[2014.11.01-00.49.28:245][780]LogSavePackage: Save=370.203064ms
[2014.11.01-00.49.28:245][780]LogSavePackage: Moving '../../../../../../Users/Chris/Desktop/MyProject/Saved/MyCharacter4093CC12493033303CAECFB84AD6EE84.tmp' to '../../../../../../Users/Chris/Desktop/MyProject/Content/Blueprints/MyCharacter.uasset'
[2014.11.01-00.49.29:687][884]BlueprintLog: New page: Compile MyCharacter
[2014.11.01-00.49.29:834][884]LogActorComponent: UnregisterComponent: (/Engine/Transient.CharacterMovementComponent_8) Not registered. Aborting.
[2014.11.01-00.49.29:920][884]BlueprintEditorCompileResults: Info [0941.37] Compile of MyCharacter successful! [in 66 ms]
[2014.11.01-00.49.30:785][922]Cmd: OBJ SAVEPACKAGE PACKAGE="/Game/Blueprints/MyCharacter" FILE="../../../../../../Users/Chris/Desktop/MyProject/Content/Blueprints/MyCharacter.uasset" SILENT=true
[2014.11.01-00.49.31:203][922]LogSavePackage: Save=361.877960ms
[2014.11.01-00.49.31:203][922]LogSavePackage: Moving '../../../../../../Users/Chris/Desktop/MyProject/Saved/MyCharacter9648380948EE562DB72EC5A5FFD1C0B8.tmp' to '../../../../../../Users/Chris/Desktop/MyProject/Content/Blueprints/MyCharacter.uasset'
[2014.11.01-00.49.49:985][347]LogActorComponent: UnregisterComponent: (/Engine/Transient.CharacterMovementComponent_9) Not registered. Aborting.
[2014.11.01-00.51.21:381][958]BlueprintLog: New page: Compile MyCharacter
[2014.11.01-00.51.21:669][958]BlueprintEditorCompileResults: Info [1053.07] Compile of MyCharacter successful! [in 67 ms]
[2014.11.01-00.51.58:844][495]BlueprintLog: New page: Compile MyCharacter
[2014.11.01-00.51.59:093][495]BlueprintEditorCompileResults: Info [1090.53] Compile of MyCharacter successful! [in 69 ms]
[2014.11.01-00.51.59:778][521]Cmd: OBJ SAVEPACKAGE PACKAGE="/Game/Blueprints/MyCharacter" FILE="../../../../../../Users/Chris/Desktop/MyProject/Content/Blueprints/MyCharacter.uasset" SILENT=true
[2014.11.01-00.52.00:224][521]LogSavePackage: Save=364.411102ms
[2014.11.01-00.52.00:224][521]LogSavePackage: Moving '../../../../../../Users/Chris/Desktop/MyProject/Saved/MyCharacterD3E67B66446711459E0EC3AD42AAED00.tmp' to '../../../../../../Users/Chris/Desktop/MyProject/Content/Blueprints/MyCharacter.uasset'
[2014.11.01-00.52.03:238][798]BlueprintLog: New page: Pre-PIE auto-recompile
[2014.11.01-00.52.03:238][798]LogPlayLevel: [PIE] Compiling Example_Map before PIE...
[2014.11.01-00.52.03:291][798]LogActorComponent: UnregisterComponent: (/Engine/Transient.CharacterMovementComponent_10) Not registered. Aborting.
[2014.11.01-00.52.03:319][798]LogPlayLevel: PIE:  Blueprint regeneration took 79 ms (1 blueprints)
[2014.11.01-00.52.03:319][798]PIE: New page: PIE session: Example_Map (Oct 31, 2014, 4:52:03 PM)
[2014.11.01-00.52.03:353][798]LogPlayLevel: PIE: StaticDuplicateObject took: (0.033378s)
[2014.11.01-00.52.03:355][798]LogPlayLevel: PIE: World Init took: (0.000879s)
[2014.11.01-00.52.03:356][798]LogPlayLevel: PIE: Created PIE world by copying editor world from /Game/Maps/Example_Map.Example_Map to /Game/Maps/UEDPIE_0_Example_Map.Example_Map (0.036028s)
[2014.11.01-00.52.03:387][798]LogWorld: Game class is 'MyGame_C'
[2014.11.01-00.52.03:389][798]LogAIModule: Creating AISystem for world Example_Map
[2014.11.01-00.52.03:391][798]LogWorld: Bringing World /Game/Maps/UEDPIE_0_Example_Map.Example_Map up for play (max tick rate 0) at 2014.10.31-20.52.03
[2014.11.01-00.52.03:392][798]LogWorld: Bringing up level for play took: 0.001796
[2014.11.01-00.52.03:394][798]PIE: Info Play in editor start time for /Game/Maps/UEDPIE_0_Example_Map 0.989
[2014.11.01-00.52.06:240][ 94]LogBlueprintUserMessages: Rock Armor
[2014.11.01-00.52.09:096][410]LogBlueprintUserMessages: Health Pot
[2014.11.01-00.52.13:133][839]LogBlueprintUserMessages: Rock Armor
[2014.11.01-00.52.15:539][ 82]LogBlueprintUserMessages: Health Pot
[2014.11.01-00.52.16:139][142]LogBlueprintUserMessages: Health Pot
[2014.11.01-00.52.17:169][247]LogBlueprintUserMessages: Health Pot
[2014.11.01-00.52.20:802][605]LogParticles: Destroying 0 GPU particle simulations for FXSystem 0x00000000381C74C0
[2014.11.01-00.52.22:419][794]BlueprintLog: New page: Pre-PIE auto-recompile
[2014.11.01-00.52.22:420][794]LogPlayLevel: [PIE] Compiling Example_Map before PIE...
[2014.11.01-00.52.22:491][794]LogPlayLevel: PIE:  Blueprint regeneration took 72 ms (1 blueprints)
[2014.11.01-00.52.22:492][794]PIE: New page: PIE session: Example_Map (Oct 31, 2014, 4:52:22 PM)
[2014.11.01-00.52.22:526][794]LogPlayLevel: PIE: StaticDuplicateObject took: (0.033213s)
[2014.11.01-00.52.22:527][794]LogPlayLevel: PIE: World Init took: (0.000753s)
[2014.11.01-00.52.22:528][794]LogPlayLevel: PIE: Created PIE world by copying editor world from /Game/Maps/Example_Map.Example_Map to /Game/Maps/UEDPIE_0_Example_Map.Example_Map (0.035369s)
[2014.11.01-00.52.22:557][794]LogWorld: Game class is 'MyGame_C'
[2014.11.01-00.52.22:559][794]LogAIModule: Creating AISystem for world Example_Map
[2014.11.01-00.52.22:561][794]LogWorld: Bringing World /Game/Maps/UEDPIE_0_Example_Map.Example_Map up for play (max tick rate 0) at 2014.10.31-20.52.22
[2014.11.01-00.52.22:561][794]LogWorld: Bringing up level for play took: 0.001504
[2014.11.01-00.52.22:563][794]PIE: Info Play in editor start time for /Game/Maps/UEDPIE_0_Example_Map 0.158
[2014.11.01-00.52.24:903][ 53]LogBlueprintUserMessages: Health Pot
[2014.11.01-00.52.25:494][120]LogBlueprintUserMessages: Health Pot
[2014.11.01-00.52.28:495][449]LogParticles: Destroying 0 GPU particle simulations for FXSystem 0x0000000038469440
[2014.11.01-00.53.14:308][538]BlueprintLog: New page: Compile ItemListText
[2014.11.01-00.53.14:468][538]BlueprintEditorCompileResults: Info [1165.89] Compile of ItemListText successful! [in 4 ms]
[2014.11.01-00.53.14:953][570]Cmd: OBJ SAVEPACKAGE PACKAGE="/Game/UMG/ItemListText" FILE="../../../../../../Users/Chris/Desktop/MyProject/Content/UMG/ItemListText.uasset" SILENT=true
[2014.11.01-00.53.15:036][570]LogSavePackage: Save=9.270207ms
[2014.11.01-00.53.15:037][570]LogSavePackage: Moving '../../../../../../Users/Chris/Desktop/MyProject/Saved/ItemListText93BE6534423C945E11DA299DCCFE363E.tmp' to '../../../../../../Users/Chris/Desktop/MyProject/Content/UMG/ItemListText.uasset'
[2014.11.01-00.53.20:454][952]BlueprintLog: New page: Compile MyCharacter
[2014.11.01-00.53.20:698][952]BlueprintEditorCompileResults: Info [1172.14] Compile of MyCharacter successful! [in 67 ms]
[2014.11.01-00.53.21:384][979]Cmd: OBJ SAVEPACKAGE PACKAGE="/Game/Blueprints/MyCharacter" FILE="../../../../../../Users/Chris/Desktop/MyProject/Content/Blueprints/MyCharacter.uasset" SILENT=true
[2014.11.01-00.53.21:800][979]LogSavePackage: Save=361.541687ms
[2014.11.01-00.53.21:801][979]LogSavePackage: Moving '../../../../../../Users/Chris/Desktop/MyProject/Saved/MyCharacterD4875F0A4015DB4DA889AEBA746178AD.tmp' to '../../../../../../Users/Chris/Desktop/MyProject/Content/Blueprints/MyCharacter.uasset'
[2014.11.01-00.53.24:864][253]BlueprintLog: New page: Pre-PIE auto-recompile
[2014.11.01-00.53.24:864][253]LogPlayLevel: [PIE] Compiling Example_Map before PIE...
[2014.11.01-00.53.24:915][253]LogActorComponent: UnregisterComponent: (/Engine/Transient.CharacterMovementComponent_11) Not registered. Aborting.
[2014.11.01-00.53.24:942][253]LogPlayLevel: PIE:  Blueprint regeneration took 78 ms (1 blueprints)
[2014.11.01-00.53.24:943][253]PIE: New page: PIE session: Example_Map (Oct 31, 2014, 4:53:24 PM)
[2014.11.01-00.53.24:978][253]LogPlayLevel: PIE: StaticDuplicateObject took: (0.034939s)
[2014.11.01-00.53.24:981][253]LogPlayLevel: PIE: World Init took: (0.001407s)
[2014.11.01-00.53.24:981][253]LogPlayLevel: PIE: Created PIE world by copying editor world from /Game/Maps/Example_Map.Example_Map to /Game/Maps/UEDPIE_0_Example_Map.Example_Map (0.037856s)
[2014.11.01-00.53.25:010][253]LogWorld: Game class is 'MyGame_C'
[2014.11.01-00.53.25:012][253]LogAIModule: Creating AISystem for world Example_Map
[2014.11.01-00.53.25:014][253]LogWorld: Bringing World /Game/Maps/UEDPIE_0_Example_Map.Example_Map up for play (max tick rate 0) at 2014.10.31-20.53.25
[2014.11.01-00.53.25:014][253]LogWorld: Bringing up level for play took: 0.001650
[2014.11.01-00.53.25:017][253]PIE: Info Play in editor start time for /Game/Maps/UEDPIE_0_Example_Map 0.61
[2014.11.01-00.53.27:409][517]LogBlueprintUserMessages: Health Pot
[2014.11.01-00.53.28:903][682]LogBlueprintUserMessages: Rock Armor
[2014.11.01-00.53.32:735][ 93]LogParticles: Destroying 0 GPU particle simulations for FXSystem 0x0000000038CBEAC0
[2014.11.01-00.54.20:429][494]BlueprintLog: New page: Compile ItemListText
[2014.11.01-00.54.20:610][494]BlueprintEditorCompileResults: Info [1232.01] Compile of ItemListText successful! [in 3 ms]
[2014.11.01-00.54.21:043][520]Cmd: OBJ SAVEPACKAGE PACKAGE="/Game/UMG/ItemListText" FILE="../../../../../../Users/Chris/Desktop/MyProject/Content/UMG/ItemListText.uasset" SILENT=true
[2014.11.01-00.54.21:126][520]LogSavePackage: Save=12.011938ms
[2014.11.01-00.54.21:127][520]LogSavePackage: Moving '../../../../../../Users/Chris/Desktop/MyProject/Saved/ItemListText6F69B1774BF1E27AF1B0AFA9EFE26692.tmp' to '../../../../../../Users/Chris/Desktop/MyProject/Content/UMG/ItemListText.uasset'
[2014.11.01-00.54.24:329][806]BlueprintLog: New page: Pre-PIE auto-recompile
[2014.11.01-00.54.24:386][806]LogPlayLevel: [PIE] Compiling MyCharacter before PIE...
[2014.11.01-00.54.24:595][806]LogPlayLevel: [PIE] Compiling Example_Map before PIE...
[2014.11.01-00.54.24:669][806]LogPlayLevel: PIE:  Blueprint regeneration took 339 ms (2 blueprints)
[2014.11.01-00.54.24:670][806]PIE: New page: PIE session: Example_Map (Oct 31, 2014, 4:54:24 PM)
[2014.11.01-00.54.24:702][806]LogPlayLevel: PIE: StaticDuplicateObject took: (0.032028s)
[2014.11.01-00.54.24:704][806]LogPlayLevel: PIE: World Init took: (0.000983s)
[2014.11.01-00.54.24:705][806]LogPlayLevel: PIE: Created PIE world by copying editor world from /Game/Maps/Example_Map.Example_Map to /Game/Maps/UEDPIE_0_Example_Map.Example_Map (0.034487s)
[2014.11.01-00.54.24:735][806]LogWorld: Game class is 'MyGame_C'
[2014.11.01-00.54.24:737][806]LogAIModule: Creating AISystem for world Example_Map
[2014.11.01-00.54.24:739][806]LogWorld: Bringing World /Game/Maps/UEDPIE_0_Example_Map.Example_Map up for play (max tick rate 0) at 2014.10.31-20.54.24
[2014.11.01-00.54.24:740][806]LogWorld: Bringing up level for play took: 0.001904
[2014.11.01-00.54.24:742][806]PIE: Info Play in editor start time for /Game/Maps/UEDPIE_0_Example_Map 0.333
[2014.11.01-00.54.27:325][ 72]LogBlueprintUserMessages: Health Pot
[2014.11.01-00.54.28:755][231]LogBlueprintUserMessages: Rock Armor
[2014.11.01-00.54.33:290][740]LogParticles: Destroying 0 GPU particle simulations for FXSystem 0x00000000386618A0
[2014.11.01-00.54.35:639][967]BlueprintLog: New page: Pre-PIE auto-recompile
[2014.11.01-00.54.35:639][967]LogPlayLevel: [PIE] Compiling Example_Map before PIE...
[2014.11.01-00.54.35:710][967]LogPlayLevel: PIE:  Blueprint regeneration took 71 ms (1 blueprints)
[2014.11.01-00.54.35:711][967]PIE: New page: PIE session: Example_Map (Oct 31, 2014, 4:54:35 PM)
[2014.11.01-00.54.35:749][967]LogPlayLevel: PIE: StaticDuplicateObject took: (0.038178s)
[2014.11.01-00.54.35:751][967]LogPlayLevel: PIE: World Init took: (0.000778s)
[2014.11.01-00.54.35:751][967]LogPlayLevel: PIE: Created PIE world by copying editor world from /Game/Maps/Example_Map.Example_Map to /Game/Maps/UEDPIE_0_Example_Map.Example_Map (0.040329s)
[2014.11.01-00.54.35:780][967]LogWorld: Game class is 'MyGame_C'
[2014.11.01-00.54.35:783][967]LogAIModule: Creating AISystem for world Example_Map
[2014.11.01-00.54.35:786][967]LogWorld: Bringing World /Game/Maps/UEDPIE_0_Example_Map.Example_Map up for play (max tick rate 0) at 2014.10.31-20.54.35
[2014.11.01-00.54.35:787][967]LogWorld: Bringing up level for play took: 0.002843
[2014.11.01-00.54.35:791][967]PIE: Info Play in editor start time for /Game/Maps/UEDPIE_0_Example_Map -0.618
[2014.11.01-00.54.38:042][209]LogBlueprintUserMessages: Rock Armor
[2014.11.01-00.54.39:304][352]LogBlueprintUserMessages: Health Pot
[2014.11.01-00.54.42:136][676]LogBlueprintUserMessages: Health Pot
[2014.11.01-00.54.43:137][789]LogBlueprintUserMessages: Rock Armor
[2014.11.01-00.54.46:387][149]LogParticles: Destroying 0 GPU particle simulations for FXSystem 0x0000000038663100
[2014.11.01-00.55.23:878][908]BlueprintLog: New page: Compile ItemListText
[2014.11.01-00.55.24:047][908]BlueprintEditorCompileResults: Info [1295.46] Compile of ItemListText successful! [in 4 ms]
[2014.11.01-00.55.24:851][960]Cmd: OBJ SAVEPACKAGE PACKAGE="/Game/UMG/ItemListText" FILE="../../../../../../Users/Chris/Desktop/MyProject/Content/UMG/ItemListText.uasset" SILENT=true
[2014.11.01-00.55.24:930][960]LogSavePackage: Save=9.926435ms
[2014.11.01-00.55.24:931][960]LogSavePackage: Moving '../../../../../../Users/Chris/Desktop/MyProject/Saved/ItemListText84402E904BC8F5307057CA8A48AB31B7.tmp' to '../../../../../../Users/Chris/Desktop/MyProject/Content/UMG/ItemListText.uasset'
[2014.11.01-00.55.27:698][144]BlueprintLog: New page: Compile ItemListText
[2014.11.01-00.55.27:866][144]BlueprintEditorCompileResults: Info [1299.27] Compile of ItemListText successful! [in 3 ms]
[2014.11.01-00.55.28:518][184]Cmd: OBJ SAVEPACKAGE PACKAGE="/Game/UMG/ItemListText" FILE="../../../../../../Users/Chris/Desktop/MyProject/Content/UMG/ItemListText.uasset" SILENT=true
[2014.11.01-00.55.28:586][184]LogSavePackage: Save=14.815850ms
[2014.11.01-00.55.28:587][184]LogSavePackage: Moving '../../../../../../Users/Chris/Desktop/MyProject/Saved/ItemListText41BFAEE443F798A2BB64E68FDCC90BAD.tmp' to '../../../../../../Users/Chris/Desktop/MyProject/Content/UMG/ItemListText.uasset'
[2014.11.01-00.55.31:030][415]BlueprintLog: New page: Pre-PIE auto-recompile
[2014.11.01-00.55.31:086][415]LogPlayLevel: [PIE] Compiling MyCharacter before PIE...
[2014.11.01-00.55.31:295][415]LogPlayLevel: [PIE] Compiling Example_Map before PIE...
[2014.11.01-00.55.31:371][415]LogPlayLevel: PIE:  Blueprint regeneration took 341 ms (2 blueprints)
[2014.11.01-00.55.31:372][415]PIE: New page: PIE session: Example_Map (Oct 31, 2014, 4:55:31 PM)
[2014.11.01-00.55.31:405][415]LogPlayLevel: PIE: StaticDuplicateObject took: (0.032400s)
[2014.11.01-00.55.31:406][415]LogPlayLevel: PIE: World Init took: (0.000890s)
[2014.11.01-00.55.31:407][415]LogPlayLevel: PIE: Created PIE world by copying editor world from /Game/Maps/Example_Map.Example_Map to /Game/Maps/UEDPIE_0_Example_Map.Example_Map (0.034823s)
[2014.11.01-00.55.31:435][415]LogWorld: Game class is 'MyGame_C'
[2014.11.01-00.55.31:437][415]LogAIModule: Creating AISystem for world Example_Map
[2014.11.01-00.55.31:439][415]LogWorld: Bringing World /Game/Maps/UEDPIE_0_Example_Map.Example_Map up for play (max tick rate 0) at 2014.10.31-20.55.31
[2014.11.01-00.55.31:439][415]LogWorld: Bringing up level for play took: 0.001610
[2014.11.01-00.55.31:442][415]PIE: Info Play in editor start time for /Game/Maps/UEDPIE_0_Example_Map 1.032
[2014.11.01-00.55.35:040][805]LogBlueprintUserMessages: Rock Armor
[2014.11.01-00.55.36:208][939]LogBlueprintUserMessages: Health Pot
[2014.11.01-00.55.40:987][458]LogParticles: Destroying 0 GPU particle simulations for FXSystem 0x0000000039E345E0
[2014.11.01-00.56.09:819][805]LogFileHelpers: Editor autosave (incl. sublevels) for '/Game/Maps/Example_Map' took 0.024
[2014.11.01-00.56.13:735][268]BlueprintLog: New page: Pre-PIE auto-recompile
[2014.11.01-00.56.13:735][268]LogPlayLevel: [PIE] Compiling Example_Map before PIE...
[2014.11.01-00.56.13:807][268]LogPlayLevel: PIE:  Blueprint regeneration took 72 ms (1 blueprints)
[2014.11.01-00.56.13:808][268]PIE: New page: PIE session: Example_Map (Oct 31, 2014, 4:56:13 PM)
[2014.11.01-00.56.13:839][268]LogPlayLevel: PIE: StaticDuplicateObject took: (0.030935s)
[2014.11.01-00.56.13:841][268]LogPlayLevel: PIE: World Init took: (0.000912s)
[2014.11.01-00.56.13:841][268]LogPlayLevel: PIE: Created PIE world by copying editor world from /Game/Maps/Example_Map.Example_Map to /Game/Maps/UEDPIE_0_Example_Map.Example_Map (0.033221s)
[2014.11.01-00.56.13:875][268]LogWorld: Game class is 'MyGame_C'
[2014.11.01-00.56.13:877][268]LogAIModule: Creating AISystem for world Example_Map
[2014.11.01-00.56.13:879][268]LogWorld: Bringing World /Game/Maps/UEDPIE_0_Example_Map.Example_Map up for play (max tick rate 0) at 2014.10.31-20.56.13
[2014.11.01-00.56.13:879][268]LogWorld: Bringing up level for play took: 0.001412
[2014.11.01-00.56.13:881][268]PIE: Info Play in editor start time for /Game/Maps/UEDPIE_0_Example_Map -0.53
[2014.11.01-00.56.17:278][632]LogBlueprintUserMessages: Health Pot
[2014.11.01-00.56.18:399][759]LogBlueprintUserMessages: Rock Armor
[2014.11.01-00.56.20:875][ 30]LogParticles: Destroying 0 GPU particle simulations for FXSystem 0x000000003DD8C9A0
[2014.11.01-00.56.21:902][148]BlueprintLog: New page: Pre-PIE auto-recompile
[2014.11.01-00.56.21:903][148]LogPlayLevel: [PIE] Compiling Example_Map before PIE...
[2014.11.01-00.56.21:975][148]LogPlayLevel: PIE:  Blueprint regeneration took 73 ms (1 blueprints)
[2014.11.01-00.56.21:976][148]PIE: New page: PIE session: Example_Map (Oct 31, 2014, 4:56:21 PM)
[2014.11.01-00.56.22:009][148]LogPlayLevel: PIE: StaticDuplicateObject took: (0.032659s)
[2014.11.01-00.56.22:011][148]LogPlayLevel: PIE: World Init took: (0.000866s)
[2014.11.01-00.56.22:011][148]LogPlayLevel: PIE: Created PIE world by copying editor world from /Game/Maps/Example_Map.Example_Map to /Game/Maps/UEDPIE_0_Example_Map.Example_Map (0.034946s)
[2014.11.01-00.56.22:045][148]LogWorld: Game class is 'MyGame_C'
[2014.11.01-00.56.22:048][148]LogAIModule: Creating AISystem for world Example_Map
[2014.11.01-00.56.22:051][148]LogWorld: Bringing World /Game/Maps/UEDPIE_0_Example_Map.Example_Map up for play (max tick rate 0) at 2014.10.31-20.56.22
[2014.11.01-00.56.22:052][148]LogWorld: Bringing up level for play took: 0.003343
[2014.11.01-00.56.22:057][148]PIE: Info Play in editor start time for /Game/Maps/UEDPIE_0_Example_Map -0.355
[2014.11.01-00.56.24:777][453]LogBlueprintUserMessages: Rock Armor
[2014.11.01-00.56.25:973][588]LogBlueprintUserMessages: Health Pot
[2014.11.01-00.56.27:779][781]LogParticles: Destroying 0 GPU particle simulations for FXSystem 0x000000003DD8D260
[2014.11.01-00.56.52:924][792]BlueprintLog: New page: Pre-PIE auto-recompile
[2014.11.01-00.56.52:925][792]LogPlayLevel: [PIE] Compiling Example_Map before PIE...
[2014.11.01-00.56.52:996][792]LogPlayLevel: PIE:  Blueprint regeneration took 72 ms (1 blueprints)
[2014.11.01-00.56.52:997][792]PIE: New page: PIE session: Example_Map (Oct 31, 2014, 4:56:52 PM)
[2014.11.01-00.56.53:031][792]LogPlayLevel: PIE: StaticDuplicateObject took: (0.032788s)
[2014.11.01-00.56.53:033][792]LogPlayLevel: PIE: World Init took: (0.001176s)
[2014.11.01-00.56.53:033][792]LogPlayLevel: PIE: Created PIE world by copying editor world from /Game/Maps/Example_Map.Example_Map to /Game/Maps/UEDPIE_0_Example_Map.Example_Map (0.035501s)
[2014.11.01-00.56.53:061][792]LogWorld: Game class is 'MyGame_C'
[2014.11.01-00.56.53:065][792]LogAIModule: Creating AISystem for world Example_Map
[2014.11.01-00.56.53:067][792]LogWorld: Bringing World /Game/Maps/UEDPIE_0_Example_Map.Example_Map up for play (max tick rate 0) at 2014.10.31-20.56.53
[2014.11.01-00.56.53:069][792]LogWorld: Bringing up level for play took: 0.002941
[2014.11.01-00.56.53:073][792]PIE: Info Play in editor start time for /Game/Maps/UEDPIE_0_Example_Map 0.661
[2014.11.01-00.56.56:048][125]LogBlueprintUserMessages: Rock Armor
[2014.11.01-00.57.00:672][636]LogBlueprintUserMessages: Health Pot
[2014.11.01-00.57.05:737][160]LogParticles: Destroying 0 GPU particle simulations for FXSystem 0x0000000039B52660
[2014.11.01-01.01.02:224][379]BlueprintLog: New page: Pre-PIE auto-recompile
[2014.11.01-01.01.02:225][379]LogPlayLevel: [PIE] Compiling Example_Map before PIE...
[2014.11.01-01.01.02:300][379]LogPlayLevel: PIE:  Blueprint regeneration took 75 ms (1 blueprints)
[2014.11.01-01.01.02:301][379]PIE: New page: PIE session: Example_Map (Oct 31, 2014, 5:01:02 PM)
[2014.11.01-01.01.02:336][379]LogPlayLevel: PIE: StaticDuplicateObject took: (0.034949s)
[2014.11.01-01.01.02:338][379]LogPlayLevel: PIE: World Init took: (0.000881s)
[2014.11.01-01.01.02:339][379]LogPlayLevel: PIE: Created PIE world by copying editor world from /Game/Maps/Example_Map.Example_Map to /Game/Maps/UEDPIE_0_Example_Map.Example_Map (0.037730s)
[2014.11.01-01.01.02:366][379]LogWorld: Game class is 'MyGame_C'
[2014.11.01-01.01.02:368][379]LogAIModule: Creating AISystem for world Example_Map
[2014.11.01-01.01.02:370][379]LogWorld: Bringing World /Game/Maps/UEDPIE_0_Example_Map.Example_Map up for play (max tick rate 0) at 2014.10.31-21.01.02
[2014.11.01-01.01.02:370][379]LogWorld: Bringing up level for play took: 0.001588
[2014.11.01-01.01.02:373][379]PIE: Info Play in editor start time for /Game/Maps/UEDPIE_0_Example_Map -0.045
[2014.11.01-01.01.04:625][581]LogParticles: Destroying 0 GPU particle simulations for FXSystem 0x000000003B751760
[2014.11.01-01.02.16:016][101]LogContentBrowser:Verbose: The content browser source was changed by the sources view to '/Game/Blueprints'
[2014.11.01-01.08.57:936][426]LogActorComponent: UnregisterComponent: (/Engine/Transient.CharacterMovementComponent_12) Not registered. Aborting.
[2014.11.01-01.08.57:962][426]LogParticles: Destroying 0 GPU particle simulations for FXSystem 0x000000001FD482C0
[2014.11.01-01.08.59:042][427]Cmd: QUIT_EDITOR
[2014.11.01-01.08.59:662][427]LogExit: Preparing to exit.
[2014.11.01-01.09.00:499][427]LogExit: Editor shut down
[2014.11.01-01.09.00:500][427]LogExit: Transaction tracking system shut down
[2014.11.01-01.09.00:501][427]LogParticles: Destroying 0 GPU particle simulations for FXSystem 0x000000003DD8E520
[2014.11.01-01.09.00:502][427]LogParticles: Destroying 0 GPU particle simulations for FXSystem 0x00000000140FA2A0
[2014.11.01-01.09.00:529][427]LogParticles: Destroying 0 GPU particle simulations for FXSystem 0x000000000DA9C720
[2014.11.01-01.09.00:530][427]LogParticles: Destroying 0 GPU particle simulations for FXSystem 0x000000000DBA5120
[2014.11.01-01.09.00:530][427]LogExit: Object subsystem successfully closed.
[2014.11.01-01.09.00:621][427]LogModuleManager: Shutting down and abandoning module SequencerWidgets (168)
[2014.11.01-01.09.00:621][427]LogModuleManager: Shutting down and abandoning module AndroidDeviceDetection (167)
[2014.11.01-01.09.00:622][427]LogModuleManager: Shutting down and abandoning module CrashTracker (166)
[2014.11.01-01.09.00:622][427]LogModuleManager: Shutting down and abandoning module SuperSearch (165)
[2014.11.01-01.09.00:622][427]LogModuleManager: Shutting down and abandoning module SceneOutliner (164)
[2014.11.01-01.09.00:623][427]LogModuleManager: Shutting down and abandoning module EditorWidgets (163)
[2014.11.01-01.09.00:623][427]LogModuleManager: Shutting down and abandoning module CollectionManager (162)
[2014.11.01-01.09.00:623][427]LogModuleManager: Shutting down and abandoning module StatsViewer (161)
[2014.11.01-01.09.00:623][427]LogModuleManager: Shutting down and abandoning module FoliageEdit (160)
[2014.11.01-01.09.00:624][427]LogModuleManager: Shutting down and abandoning module LandscapeEditor (159)
[2014.11.01-01.09.00:624][427]LogModuleManager: Shutting down and abandoning module MeshPaint (158)
[2014.11.01-01.09.00:624][427]LogModuleManager: Shutting down and abandoning module ActorPickerMode (157)
[2014.11.01-01.09.00:624][427]LogModuleManager: Shutting down and abandoning module GeometryMode (156)
[2014.11.01-01.09.00:625][427]LogModuleManager: Shutting down and abandoning module TextureAlignMode (155)
[2014.11.01-01.09.00:625][427]LogModuleManager: Shutting down and abandoning module BspMode (154)
[2014.11.01-01.09.00:625][427]LogModuleManager: Shutting down and abandoning module PlacementMode (153)
[2014.11.01-01.09.00:625][427]LogModuleManager: Shutting down and abandoning module AutomationWorker (152)
[2014.11.01-01.09.00:625][427]LogModuleManager: Shutting down and abandoning module CharacterAI (151)
[2014.11.01-01.09.00:626][427]LogModuleManager: Shutting down and abandoning module GameProjectGeneration (150)
[2014.11.01-01.09.00:626][427]LogModuleManager: Shutting down and abandoning module IntroTutorials (149)
[2014.11.01-01.09.00:626][427]LogModuleManager: Shutting down and abandoning module EditorLiveStreaming (148)
[2014.11.01-01.09.00:626][427]LogModuleManager: Shutting down and abandoning module HardwareTargeting (147)
[2014.11.01-01.09.00:626][427]LogModuleManager: Shutting down and abandoning module BehaviorTreeEditor (146)
[2014.11.01-01.09.00:627][427]LogModuleManager: Shutting down and abandoning module DeviceProfileEditor (145)
[2014.11.01-01.09.00:627][427]LogModuleManager: Shutting down and abandoning module UndoHistory (144)
[2014.11.01-01.09.00:627][427]LogModuleManager: Shutting down and abandoning module GameplayTagsEditor (143)
[2014.11.01-01.09.00:627][427]LogModuleManager: Shutting down and abandoning module UserFeedback (142)
[2014.11.01-01.09.00:627][427]LogModuleManager: Shutting down and abandoning module XmlParser (141)
[2014.11.01-01.09.00:628][427]LogModuleManager: Shutting down and abandoning module Blutility (140)
[2014.11.01-01.09.00:628][427]LogModuleManager: Shutting down and abandoning module IOSPlatformEditor (139)
[2014.11.01-01.09.00:628][427]LogModuleManager: Shutting down and abandoning module IOSRuntimeSettings (138)
[2014.11.01-01.09.00:628][427]LogModuleManager: Shutting down and abandoning module AndroidPlatformEditor (137)
[2014.11.01-01.09.00:628][427]LogModuleManager: Shutting down and abandoning module AndroidRuntimeSettings (136)
[2014.11.01-01.09.00:628][427]LogModuleManager: Shutting down and abandoning module ProjectTargetPlatformEditor (135)
[2014.11.01-01.09.00:629][427]LogModuleManager: Shutting down and abandoning module ProjectSettingsViewer (134)
[2014.11.01-01.09.00:629][427]LogModuleManager: Shutting down and abandoning module InputBindingEditor (133)
[2014.11.01-01.09.00:629][427]LogModuleManager: Shutting down and abandoning module EditorSettingsViewer (132)
[2014.11.01-01.09.00:630][427]LogModuleManager: Shutting down and abandoning module SettingsEditor (131)
[2014.11.01-01.09.00:630][427]LogModuleManager: Shutting down and abandoning module ProjectLauncher (130)
[2014.11.01-01.09.00:630][427]LogModuleManager: Shutting down and abandoning module SessionFrontend (129)
[2014.11.01-01.09.00:630][427]LogModuleManager: Shutting down and abandoning module ProfilerClient (128)
[2014.11.01-01.09.00:630][427]LogModuleManager: Shutting down and abandoning module TargetDeviceServices (127)
[2014.11.01-01.09.00:630][427]LogModuleManager: Shutting down and abandoning module DeviceManager (126)
[2014.11.01-01.09.00:631][427]LogModuleManager: Shutting down and abandoning module AutomationController (125)
[2014.11.01-01.09.00:631][427]LogModuleManager: Shutting down and abandoning module AutomationWindow (124)
[2014.11.01-01.09.00:631][427]LogModuleManager: Shutting down and abandoning module Layers (123)
[2014.11.01-01.09.00:631][427]LogModuleManager: Shutting down and abandoning module ComponentVisualizers (122)
[2014.11.01-01.09.00:631][427]LogModuleManager: Shutting down and abandoning module DetailCustomizations (121)
[2014.11.01-01.09.00:632][427]LogModuleManager: Shutting down and abandoning module PackagesDialog (120)
[2014.11.01-01.09.00:632][427]LogModuleManager: Shutting down and abandoning module AssetRegistry (119)
[2014.11.01-01.09.00:736][427]LogModuleManager: Shutting down and abandoning module Persona (118)
[2014.11.01-01.09.00:737][427]LogModuleManager: Shutting down and abandoning module Kismet (117)
[2014.11.01-01.09.00:738][427]LogModuleManager: Shutting down and abandoning module GraphEditor (116)
[2014.11.01-01.09.00:739][427]LogModuleManager: Shutting down and abandoning module ClassViewer (115)
[2014.11.01-01.09.00:739][427]LogModuleManager: Shutting down and abandoning module Toolbox (114)
[2014.11.01-01.09.00:740][427]LogModuleManager: Shutting down and abandoning module ModuleUI (113)
[2014.11.01-01.09.00:741][427]LogModuleManager: Shutting down and abandoning module MovieSceneTools (112)
[2014.11.01-01.09.00:741][427]LogModuleManager: Shutting down and abandoning module OutputLog (111)
[2014.11.01-01.09.00:742][427]LogModuleManager: Shutting down and abandoning module GammaUI (110)
[2014.11.01-01.09.00:742][427]LogModuleManager: Shutting down and abandoning module Documentation (109)
[2014.11.01-01.09.00:743][427]LogModuleManager: Shutting down and abandoning module GameLiveStreaming (108)
[2014.11.01-01.09.00:743][427]LogModuleManager: Shutting down and abandoning module StreamingPauseRendering (107)
[2014.11.01-01.09.00:743][427]LogModuleManager: Shutting down and abandoning module HTTP (106)
[2014.11.01-01.09.00:744][427]LogModuleManager: Shutting down and abandoning module AnalyticsET (105)
[2014.11.01-01.09.00:744][427]LogModuleManager: Shutting down and abandoning module Analytics (104)
[2014.11.01-01.09.00:744][427]LogModuleManager: Shutting down and abandoning module GameplayDebugger (103)
[2014.11.01-01.09.00:744][427]LogModuleManager: Shutting down and abandoning module AIModule (102)
[2014.11.01-01.09.00:744][427]LogModuleManager: Shutting down and abandoning module ProfilerService (101)
[2014.11.01-01.09.00:942][427]LogModuleManager: Shutting down and abandoning module TaskGraph (100)
[2014.11.01-01.09.00:943][427]LogModuleManager: Shutting down and abandoning module SlateRemote (99)
[2014.11.01-01.09.00:944][427]LogModuleManager: Shutting down and abandoning module ScriptEditorPlugin (98)
[2014.11.01-01.09.00:944][427]LogModuleManager: Shutting down and abandoning module CustomMeshComponent (97)
[2014.11.01-01.09.00:945][427]LogModuleManager: Shutting down and abandoning module CableComponent (96)
[2014.11.01-01.09.00:945][427]LogModuleManager: Shutting down and abandoning module MessagingDebugger (95)
[2014.11.01-01.09.00:946][427]LogModuleManager: Shutting down and abandoning module MediaPlayerEditor (94)
[2014.11.01-01.09.00:946][427]LogModuleManager: Shutting down and abandoning module SpeedTreeImporter (93)
[2014.11.01-01.09.00:947][427]LogModuleManager: Shutting down and abandoning module PluginsEditor (92)
[2014.11.01-01.09.00:947][427]LogModuleManager: Shutting down and abandoning module EpicSurvey (91)
[2014.11.01-01.09.00:948][427]LogModuleManager: Shutting down and abandoning module DesktopPlatform (90)
[2014.11.01-01.09.00:948][427]LogModuleManager: Shutting down and abandoning module VisualStudioSourceCodeAccess (89)
[2014.11.01-01.09.00:949][427]LogModuleManager: Shutting down and abandoning module UObjectPlugin (88)
[2014.11.01-01.09.00:949][427]LogModuleManager: Shutting down and abandoning module SubversionSourceControl (87)
[2014.11.01-01.09.00:949][427]LogModuleManager: Shutting down and abandoning module SourceControl (86)
[2014.11.01-01.09.00:950][427]LogModuleManager: Shutting down and abandoning module PerforceSourceControl (85)
[2014.11.01-01.09.00:950][427]LogModuleManager: Shutting down and abandoning module BlankPlugin (84)
[2014.11.01-01.09.00:951][427]LogModuleManager: Shutting down and abandoning module SlateReflector (83)
[2014.11.01-01.09.00:951][427]LogModuleManager: Shutting down and abandoning module DirectoryWatcher (82)
[2014.11.01-01.09.00:952][427]LogModuleManager: Shutting down and abandoning module HotReload (81)
[2014.11.01-01.09.00:953][427]LogModuleManager: Shutting down and abandoning module MainFrame (80)
[2014.11.01-01.09.00:953][427]LogModuleManager: Shutting down and abandoning module LevelEditor (79)
[2014.11.01-01.09.00:955][427]LogModuleManager: Shutting down and abandoning module ViewportSnapping (78)
[2014.11.01-01.09.00:956][427]LogModuleManager: Shutting down and abandoning module SmartSnapping (77)
[2014.11.01-01.09.00:956][427]LogModuleManager: Shutting down and abandoning module PaperTiledImporter (76)
[2014.11.01-01.09.00:957][427]LogModuleManager: Shutting down and abandoning module PaperJsonImporter (75)
[2014.11.01-01.09.00:957][427]LogModuleManager: Shutting down and abandoning module ContentBrowser (74)
[2014.11.01-01.09.00:957][427]LogModuleManager: Shutting down and abandoning module PropertyEditor (73)
[2014.11.01-01.09.00:958][427]LogModuleManager: Shutting down and abandoning module Paper2DEditor (72)
[2014.11.01-01.09.00:958][427]LogModuleManager: Shutting down and abandoning module MyProject (71)
[2014.11.01-01.09.00:959][427]LogModuleManager: Shutting down and abandoning module ScriptPlugin (70)
[2014.11.01-01.09.00:959][427]LogModuleManager: Shutting down and abandoning module UdpMessaging (69)
[2014.11.01-01.09.01:059][427]LogModuleManager: Shutting down and abandoning module Paper2D (68)
[2014.11.01-01.09.01:059][427]LogModuleManager: Shutting down and abandoning module WindowsMoviePlayer (67)
[2014.11.01-01.09.01:062][427]LogModuleManager: Shutting down and abandoning module Media (66)
[2014.11.01-01.09.01:062][427]LogModuleManager: Shutting down and abandoning module WmfMedia (65)
[2014.11.01-01.09.01:063][427]LogModuleManager: Shutting down and abandoning module OnlineBlueprintSupport (64)
[2014.11.01-01.09.01:064][427]LogModuleManager: Shutting down and abandoning module FunctionalTesting (63)
[2014.11.01-01.09.01:064][427]LogModuleManager: Shutting down and abandoning module CollisionAnalyzer (62)
[2014.11.01-01.09.01:064][427]LogModuleManager: Shutting down and abandoning module WorkspaceMenuStructure (61)
[2014.11.01-01.09.01:065][427]LogModuleManager: Shutting down and abandoning module MessageLog (60)
[2014.11.01-01.09.01:065][427]LogModuleManager: Shutting down and abandoning module Sequencer (59)
[2014.11.01-01.09.01:065][427]LogModuleManager: Shutting down and abandoning module AssetTools (58)
[2014.11.01-01.09.01:065][427]LogModuleManager: Shutting down and abandoning module UMGEditor (57)
[2014.11.01-01.09.01:065][427]LogModuleManager: Shutting down and abandoning module UMG (56)
[2014.11.01-01.09.01:066][427]LogModuleManager: Shutting down and abandoning module Slate (55)
[2014.11.01-01.09.01:066][427]LogModuleManager: Shutting down and abandoning module EditorStyle (54)
[2014.11.01-01.09.01:068][427]LogModuleManager: Shutting down and abandoning module SessionServices (53)
[2014.11.01-01.09.01:068][427]LogModuleManager: Shutting down and abandoning module SourceCodeAccess (52)
[2014.11.01-01.09.01:068][427]LogModuleManager: Shutting down and abandoning module HeadMountedDisplay (51)
[2014.11.01-01.09.01:068][427]LogModuleManager: Shutting down and abandoning module XAudio2 (50)
[2014.11.01-01.09.01:068][427]LogModuleManager: Shutting down and abandoning module Networking (48)
[2014.11.01-01.09.01:069][427]LogModuleManager: Shutting down and abandoning module Core (47)
[2014.11.01-01.09.01:069][427]LogModuleManager: Shutting down and abandoning module KismetCompiler (46)
[2014.11.01-01.09.01:069][427]LogModuleManager: Shutting down and abandoning module PhysXFormats (45)
[2014.11.01-01.09.01:069][427]LogModuleManager: Shutting down and abandoning module MeshUtilities (44)
[2014.11.01-01.09.01:069][427]LogModuleManager: Shutting down and abandoning module DerivedDataCache (43)
[2014.11.01-01.09.01:143][427]LogDerivedDataCache: Shutdown
[2014.11.01-01.09.01:144][427]LogModuleManager: Shutting down and abandoning module ShaderFormatOpenGL (42)
[2014.11.01-01.09.01:144][427]LogModuleManager: Shutting down and abandoning module ShaderFormatD3D (41)
[2014.11.01-01.09.01:145][427]LogModuleManager: Shutting down and abandoning module MetalShaderFormat (40)
[2014.11.01-01.09.01:146][427]LogModuleManager: Shutting down and abandoning module TextureFormatUncompressed (39)
[2014.11.01-01.09.01:146][427]LogModuleManager: Shutting down and abandoning module TextureFormatPVR (38)
[2014.11.01-01.09.01:147][427]LogModuleManager: Shutting down and abandoning module TextureFormatDXT (37)
[2014.11.01-01.09.01:147][427]LogModuleManager: Shutting down and abandoning module TextureFormatAndroid (36)
[2014.11.01-01.09.01:148][427]LogModuleManager: Shutting down and abandoning module AudioFormatOpus (35)
[2014.11.01-01.09.01:148][427]LogModuleManager: Shutting down and abandoning module AudioFormatOgg (34)
[2014.11.01-01.09.01:148][427]LogModuleManager: Shutting down and abandoning module AudioFormatADPCM (33)
[2014.11.01-01.09.01:149][427]LogModuleManager: Shutting down and abandoning module Messaging (32)
[2014.11.01-01.09.01:149][427]LogModuleManager: Shutting down and abandoning module IOSTargetPlatform (31)
[2014.11.01-01.09.01:150][427]LogModuleManager: Shutting down and abandoning module Android_PVRTCTargetPlatform (30)
[2014.11.01-01.09.01:150][427]LogModuleManager: Shutting down and abandoning module Android_ETC2TargetPlatform (29)
[2014.11.01-01.09.01:150][427]LogModuleManager: Shutting down and abandoning module Android_ETC1TargetPlatform (28)
[2014.11.01-01.09.01:151][427]LogModuleManager: Shutting down and abandoning module Android_DXTTargetPlatform (27)
[2014.11.01-01.09.01:151][427]LogModuleManager: Shutting down and abandoning module Android_ATCTargetPlatform (26)
[2014.11.01-01.09.01:152][427]LogModuleManager: Shutting down and abandoning module AndroidTargetPlatform (25)
[2014.11.01-01.09.01:152][427]LogModuleManager: Shutting down and abandoning module WindowsTargetPlatform (24)
[2014.11.01-01.09.01:152][427]LogModuleManager: Shutting down and abandoning module WindowsServerTargetPlatform (23)
[2014.11.01-01.09.01:153][427]LogModuleManager: Shutting down and abandoning module WindowsNoEditorTargetPlatform (22)
[2014.11.01-01.09.01:153][427]LogModuleManager: Shutting down and abandoning module WindowsClientTargetPlatform (21)
[2014.11.01-01.09.01:154][427]LogModuleManager: Shutting down and abandoning module TargetPlatform (20)
[2014.11.01-01.09.01:154][427]LogModuleManager: Shutting down and abandoning module InputCore (19)
[2014.11.01-01.09.01:155][427]LogModuleManager: Shutting down and abandoning module Settings (18)
[2014.11.01-01.09.01:155][427]LogModuleManager: Shutting down and abandoning module ImageWrapper (17)
[2014.11.01-01.09.01:156][427]LogModuleManager: Shutting down and abandoning module OculusRift (14)
[2014.11.01-01.09.01:156][427]LogModuleManager: Shutting down and abandoning module ExampleDeviceProfileSelector (13)
[2014.11.01-01.09.01:156][427]LogModuleManager: Shutting down and abandoning module TextureCompressor (12)
[2014.11.01-01.09.01:157][427]LogModuleManager: Shutting down and abandoning module ShaderCore (11)
[2014.11.01-01.09.01:158][427]LogModuleManager: Shutting down and abandoning module SlateRHIRenderer (10)
[2014.11.01-01.09.01:161][427]LogModuleManager: Shutting down and abandoning module OpenGLDrv (9)
[2014.11.01-01.09.01:162][427]LogModuleManager: Shutting down and abandoning module D3D11RHI (8)
[2014.11.01-01.09.01:162][427]LogModuleManager: Shutting down and abandoning module Renderer (7)
[2014.11.01-01.09.01:163][427]LogModuleManager: Shutting down and abandoning module Engine (6)
[2014.11.01-01.09.01:163][427]LogModuleManager: Shutting down and abandoning module CoreUObject (5)
[2014.11.01-01.09.01:164][427]LogModuleManager: Shutting down and abandoning module NetworkFile (4)
[2014.11.01-01.09.01:165][427]LogModuleManager: Shutting down and abandoning module StreamingFile (3)
[2014.11.01-01.09.01:165][427]LogModuleManager: Shutting down and abandoning module SandboxFile (2)
[2014.11.01-01.09.01:166][427]LogModuleManager: Shutting down and abandoning module PakFile (1)
[2014.11.01-01.09.01:169][427]LogExit: Exiting.
[2014.11.01-01.09.01:183][427]Log file closed, 10/31/14 21:09:01
