Log file open, 11/01/14 22:31:37
LogInit:Display: Running engine for game: MyProject
LogInit: Version: 4.5.1-2336687+++depot+UE4-Releases+4.5
LogInit: API Version: 2326478
LogInit: Compiled (64-bit): Oct 21 2014 22:32:40
LogInit: Compiled with Visual C++: 18.00.21005.01
LogInit: Build Configuration: DebugGame
LogInit: Branch Name: ++depot+UE4-Releases+4.5
LogInit: Command line:  -debug
LogInit: Base directory: C:/Program Files/Unreal Engine/4.5/Engine/Binaries/Win64/
LogInit: Rocket: 1
[2014.11.02-02.31.37:373][  0]LogTaskGraph: Started task graph with 3 named threads and 4 total threads.
[2014.11.02-02.31.37:410][  0]LogOnline:Warning: No default platform service specified for OnlineSubsystem
[2014.11.02-02.31.37:668][  0]LogInit: Presizing for 0 objects not considered by GC, pre-allocating 0 bytes.
[2014.11.02-02.31.37:677][  0]LogInit: Object subsystem initialized
[2014.11.02-02.31.37:680][  0]LogConsoleResponse:Warning: Skipping Unknown console variable: 'UIScaleRule = ShortestSide'
[2014.11.02-02.31.37:680][  0]LogConsoleResponse:Warning:   Found in ini file 'C:/Users/Chris/Desktop/MyProject/Saved/Config/Windows/Engine.ini', in section '[/Script/Engine.RendererSettings]'
[2014.11.02-02.31.37:680][  0]LogConsoleResponse:Warning: Skipping Unknown console variable: 'UIScaleCurve = (EditorCurveData=(Keys=((Time=480,Value=0.444),(Time=720,Value=0.666),(Time=1080,Value=1.0),(Time=8640,Value=8.0))),ExternalCurve=None)'
[2014.11.02-02.31.37:681][  0]LogConsoleResponse:Warning:   Found in ini file 'C:/Users/Chris/Desktop/MyProject/Saved/Config/Windows/Engine.ini', in section '[/Script/Engine.RendererSettings]'
[2014.11.02-02.31.37:681][  0]LogInit: Selected Device Profile: [Windows]
[2014.11.02-02.31.37:682][  0]LogInit: Applying CVar settings loaded from the selected device profile: [Windows]
[2014.11.02-02.31.37:736][  0]LogInit: Computer: CHRIS-PC
[2014.11.02-02.31.37:737][  0]LogInit: User: Chris
[2014.11.02-02.31.37:738][  0]LogInit: CPU Page size=4096, Cores=4
[2014.11.02-02.31.37:739][  0]LogInit: High frequency timer resolution =3.312871 MHz
[2014.11.02-02.31.37:739][  0]LogMemory: Memory total: Physical=12.0GB (12GB approx) Virtual=8192.0GB
[2014.11.02-02.31.37:740][  0]LogMemory: Platform Memory Stats for Windows
[2014.11.02-02.31.37:740][  0]LogMemory: Process Physical Memory: 63.33 MB used, 63.33 MB peak
[2014.11.02-02.31.37:741][  0]LogMemory: Process Virtual Memory: 38.41 MB used, 38.41 MB peak
[2014.11.02-02.31.37:741][  0]LogMemory: Physical Memory: 8501.06 MB used, 12270.45 MB total
[2014.11.02-02.31.37:741][  0]LogMemory: Virtual Memory: 269.63 MB used, 8388608.00 MB total
[2014.11.02-02.31.39:783][  0]LogD3D11RHI: Found D3D11 adapter 0: NVIDIA GeForce GTX 760 (Feature Level 11_0)
[2014.11.02-02.31.39:783][  0]LogD3D11RHI: Adapter has 1990MB of dedicated video memory, 0MB of dedicated system memory, and 2048MB of shared system memory, 2 output[s]
[2014.11.02-02.31.39:783][  0]LogD3D11RHI: Chosen D3D11 Adapter Id = 0
[2014.11.02-02.31.39:790][  0]LogRHI: Texture pool is 1361 MB (70% of 1945 MB)
[2014.11.02-02.31.39:813][  0]LogD3D11RHI: Async texture creation enabled
[2014.11.02-02.31.42:026][  0]LogTextLocalizationManager: The requested culture ('en_US') has no localization data; parent culture's ('en') localization data will be used.
[2014.11.02-02.31.42:159][  0]LogContentStreaming: Texture pool size is 0.000000MB
[2014.11.02-02.31.49:848][  0]LogTargetPlatformManager:Display: Building Assets For Windows
[2014.11.02-02.31.51:238][  0]LogTargetPlatformManager:Display: Building Assets For Windows
[2014.11.02-02.31.51:395][  0]LogDerivedDataCache:Display: Max Cache Size: 512 MB
[2014.11.02-02.31.52:079][  0]LogDerivedDataCache: Loaded boot cache 0.66s 39MB C:/Users/Chris/AppData/Local/UnrealEngine/4.5/DerivedDataCache/Boot.ddc.
[2014.11.02-02.31.52:080][  0]LogDerivedDataCache:Display: Loaded Boot cache: C:/Users/Chris/AppData/Local/UnrealEngine/4.5/DerivedDataCache/Boot.ddc
[2014.11.02-02.31.52:080][  0]LogDerivedDataCache: FDerivedDataBackendGraph:  Pak pak cache file ../../../../../../Users/Chris/Desktop/MyProject/DerivedDataCache/DDC.ddp not found, will not use a pak cache.
[2014.11.02-02.31.52:081][  0]LogDerivedDataCache: Unable to find inner node Pak for hierarchical cache Hierarchy.
[2014.11.02-02.31.52:208][  0]LogDerivedDataCache:Display: Pak cache opened for reading ../../../Engine/DerivedDataCache/DDC.ddp.
[2014.11.02-02.31.52:232][  0]LogDerivedDataCache: Using Local data cache path C:/Users/Chris/AppData/Local/UnrealEngine/Common/DerivedDataCache: Writable
[2014.11.02-02.32.01:116][  0]LogMeshUtilities: No automatic mesh reduction module available
[2014.11.02-02.32.01:116][  0]LogMeshUtilities: No automatic mesh merging module available
[2014.11.02-02.32.03:128][  0]LogLinker:Warning: Asset '../../../Engine/Content/Functions/Engine_MaterialFunctions02/Texturing/FlipBook.uasset' has been saved with empty engine version. The asset will be loaded but may be incompatible.
[2014.11.02-02.32.03:241][  0]LogLinker:Warning: Asset '../../../Engine/Content/Functions/Engine_MaterialFunctions02/ExampleContent/Textures/flipbook.uasset' has been saved with empty engine version. The asset will be loaded but may be incompatible.
[2014.11.02-02.32.05:217][  0]LogInit: WinSock: version 1.1 (2.2), MaxSocks=32767, MaxUdp=65467
[2014.11.02-02.32.38:328][  0]UdpMessaging: Initializing bridge on interface 0.0.0.0:0 to multicast group 230.0.0.1:6666.
[2014.11.02-02.32.39:858][  0]SourceControl: Info Source control is disabled
[2014.11.02-02.32.39:858][  0]SourceControl: Info Source control is disabled
[2014.11.02-02.32.39:873][  0]SourceControl: Info Source control is disabled
[2014.11.02-02.32.40:720][  0]LogObj: 22990 objects as part of root set at end of initial load.
[2014.11.02-02.32.40:721][  0]LogUObjectAllocator: 4821864 out of 0 bytes used by permanent object pool.
[2014.11.02-02.32.40:908][  0]LogEngine: Initializing Engine...
[2014.11.02-02.32.41:595][  0]LogInit: XAudio2 using 'Speakers (Realtek High Definition Audio)' : 2 channels at 48 kHz using 32 bits per sample (channel mask 0x3)
[2014.11.02-02.32.41:660][  0]LogInit: FAudioDevice initialized.
[2014.11.02-02.32.41:808][  0]LogAIModule: Creating AISystem for world NewWorld
[2014.11.02-02.32.41:938][  0]LogDerivedDataCache: Saved boot cache 0.10s 39MB C:/Users/Chris/AppData/Local/UnrealEngine/4.5/DerivedDataCache/Boot.ddc.
[2014.11.02-02.32.41:968][  0]LogInit: Texture streaming: Enabled
[2014.11.02-02.32.42:095][  0]LogInit: Transaction tracking system initialized
[2014.11.02-02.32.42:306][  0]BlueprintLog: New page: Editor Load
[2014.11.02-02.32.42:362][  0]LogAssetRegistry: FAssetRegistry took 0.0104 seconds to start up
[2014.11.02-02.32.42:363][  0]LogDirectoryWatcher:Warning: Failed to begin reading directory changes for ../../../Engine/Plugins/Experimental/CharacterAI/Content/. Error: 0
[2014.11.02-02.32.43:774][  0]LogTargetPlatformManager:Display: Building Assets For Windows
[2014.11.02-02.32.44:169][  0]LogTargetPlatformManager:Display: Building Assets For Windows
[2014.11.02-02.32.45:327][  0]LogConsoleResponse:Display: 
[2014.11.02-02.32.49:496][  0]SourceControl: Info Source control is disabled
[2014.11.02-02.32.49:497][  0]Cmd: MAP LOAD FILE="../../../../../../Users/Chris/Desktop/MyProject/Content/Maps/Example_Map.umap" TEMPLATE=0 SHOWPROGRESS=1
[2014.11.02-02.32.49:542][  0]LightingResults: New page: Lighting Build
[2014.11.02-02.32.49:585][  0]MapCheck: New page: Map Check
[2014.11.02-02.32.49:585][  0]LightingResults: New page: Lighting Build
[2014.11.02-02.32.49:844][  0]LogParticles: Destroying 0 GPU particle simulations for FXSystem 0x0000000017A16840
[2014.11.02-02.32.54:766][  0]LogEditorServer: Finished looking for orphan Actors (0.000 secs)
[2014.11.02-02.32.54:825][  0]LogAIModule: Creating AISystem for world Example_Map
[2014.11.02-02.32.54:826][  0]Cmd: MAP CHECKDEP
[2014.11.02-02.32.54:827][  0]MapCheck: New page: Example_Map - Nov 1, 2014, 6:32:54 PM
[2014.11.02-02.32.55:012][  0]MapCheck: Info Map check complete: 0 Error(s), 0 Warning(s), took 184.937ms to complete.
[2014.11.02-02.32.55:013][  0]LogFileHelpers: Loading map 'Example_Map' took 5.516
[2014.11.02-02.32.55:311][  0]LogCollectionManager: Loaded 0 collections in 0.002299 seconds
[2014.11.02-02.32.55:919][  0]LogCrashTracker: Crashtracker disabled due to settings.
[2014.11.02-02.32.56:157][  0]LogUObjectGlobals:Warning: Failed to find object 'Class None.'
[2014.11.02-02.32.56:265][  0]LogLoad: Full Startup: 92.50 seconds (BP compile: 0.39 seconds)
[2014.11.02-02.32.56:614][  0]LogContentBrowser:Verbose: The content browser source was changed by the sources view to '/Game/Blueprints'
[2014.11.02-02.32.57:453][  0]LogRenderer:Warning: Reallocating scene render targets to support 960x728.
[2014.11.02-02.32.59:110][  4]LogAssetRegistry: Asset discovery search completed in 16.7585 seconds
[2014.11.02-02.33.26:106][ 85]LogContentBrowser:Verbose: The content browser source was changed by the sources view to '/Game/Animations'
[2014.11.02-02.33.27:866][232]LogContentBrowser:Verbose: The content browser source was changed by the sources view to '/Game/Architecture'
[2014.11.02-02.33.28:375][277]LogContentBrowser:Verbose: The content browser source was changed by the sources view to '/Game/Audio'
[2014.11.02-02.33.29:888][417]LogContentBrowser:Verbose: The content browser source was changed by the sources view to '/Game/Blueprints'
[2014.11.02-02.33.31:256][567]LogContentBrowser:Verbose: The content browser source was changed by the sources view to '/Game/Character'
[2014.11.02-02.33.31:758][625]LogContentBrowser:Verbose: The content browser source was changed by the sources view to '/Game/Data'
[2014.11.02-02.33.46:716][414]LogContentBrowser:Verbose: The content browser source was changed by the sources view to '/Game/UMG'
[2014.11.02-02.33.48:321][602]LogContentBrowser:Verbose: The content browser source was changed by the sources view to '/Game/Data'
[2014.11.02-02.35.06:998][ 29]LogContentBrowser:Verbose: The content browser source was changed by the sources view to '/Game/Textures'
[2014.11.02-02.35.08:931][134]LogContentBrowser:Verbose: The content browser source was changed by the sources view to '/Game/UMG'
[2014.11.02-02.41.45:001][ 31]BlueprintLog: New page: Compile InventoryHUD
[2014.11.02-02.41.45:375][ 31]LogActorComponent: UnregisterComponent: (/Engine/Transient.CharacterMovementComponent_0) Not registered. Aborting.
[2014.11.02-02.41.45:608][ 31]BlueprintEditorCompileResults: Info [0621.26] Compile of InventoryHUD successful! [in 13 ms]
[2014.11.02-02.42.54:935][634]BlueprintLog: New page: Compile InventoryHUD
[2014.11.02-02.42.55:054][634]BlueprintEditorCompileResults: Info [0691.16] Compile of InventoryHUD successful! [in 4 ms]
[2014.11.02-02.42.55:607][664]Cmd: OBJ SAVEPACKAGE PACKAGE="/Game/UMG/InventoryHUD" FILE="../../../../../../Users/Chris/Desktop/MyProject/Content/UMG/InventoryHUD.uasset" SILENT=true
[2014.11.02-02.42.56:713][664]LogSavePackage: Save=82.945877ms
[2014.11.02-02.42.56:714][664]LogSavePackage: Moving '../../../../../../Users/Chris/Desktop/MyProject/Saved/InventoryHUD4ED19C534205E410C6F27D8A10E13F92.tmp' to '../../../../../../Users/Chris/Desktop/MyProject/Content/UMG/InventoryHUD.uasset'
[2014.11.02-02.43.48:637][108]BlueprintLog: New page: Compile InventoryHUD
[2014.11.02-02.43.48:740][108]BlueprintEditorCompileResults: Info [0744.86] Compile of InventoryHUD successful! [in 3 ms]
[2014.11.02-02.43.49:229][137]Cmd: OBJ SAVEPACKAGE PACKAGE="/Game/UMG/InventoryHUD" FILE="../../../../../../Users/Chris/Desktop/MyProject/Content/UMG/InventoryHUD.uasset" SILENT=true
[2014.11.02-02.43.49:300][137]LogSavePackage: Save=13.376313ms
[2014.11.02-02.43.49:301][137]LogSavePackage: Moving '../../../../../../Users/Chris/Desktop/MyProject/Saved/InventoryHUDA56FD07545766EAAAFCC3195D2FBD819.tmp' to '../../../../../../Users/Chris/Desktop/MyProject/Content/UMG/InventoryHUD.uasset'
[2014.11.02-02.43.58:473][752]BlueprintLog: New page: Compile InventoryHUD
[2014.11.02-02.43.58:612][752]BlueprintEditorCompileResults: Info [0754.73] Compile of InventoryHUD successful! [in 3 ms]
[2014.11.02-02.43.59:083][780]Cmd: OBJ SAVEPACKAGE PACKAGE="/Game/UMG/InventoryHUD" FILE="../../../../../../Users/Chris/Desktop/MyProject/Content/UMG/InventoryHUD.uasset" SILENT=true
[2014.11.02-02.43.59:171][780]LogSavePackage: Save=14.780835ms
[2014.11.02-02.43.59:171][780]LogSavePackage: Moving '../../../../../../Users/Chris/Desktop/MyProject/Saved/InventoryHUDEFEE71694076E1B1B2301B9438E520F7.tmp' to '../../../../../../Users/Chris/Desktop/MyProject/Content/UMG/InventoryHUD.uasset'
[2014.11.02-02.44.03:264][ 92]BlueprintLog: New page: Pre-PIE auto-recompile
[2014.11.02-02.44.03:265][ 92]LogPlayLevel: [PIE] Compiling MyCharacter before PIE...
[2014.11.02-02.44.03:418][ 92]LogPlayLevel: [PIE] Compiling Tutorial_BP_MacroLib before PIE...
[2014.11.02-02.44.03:459][ 92]LogPlayLevel: [PIE] Compiling Example_Map before PIE...
[2014.11.02-02.44.03:611][ 92]LogPlayLevel: PIE:  Blueprint regeneration took 347 ms (3 blueprints)
[2014.11.02-02.44.03:625][ 92]PIE: New page: PIE session: Example_Map (Nov 1, 2014, 6:44:03 PM)
[2014.11.02-02.44.03:658][ 92]LogPlayLevel: PIE: StaticDuplicateObject took: (0.032287s)
[2014.11.02-02.44.03:660][ 92]LogPlayLevel: PIE: World Init took: (0.001058s)
[2014.11.02-02.44.03:660][ 92]LogPlayLevel: PIE: Created PIE world by copying editor world from /Game/Maps/Example_Map.Example_Map to /Game/Maps/UEDPIE_0_Example_Map.Example_Map (0.034971s)
[2014.11.02-02.44.03:807][ 92]LogWorld: Game class is 'MyGame_C'
[2014.11.02-02.44.03:825][ 92]LogAIModule: Creating AISystem for world Example_Map
[2014.11.02-02.44.03:827][ 92]LogWorld: Bringing World /Game/Maps/UEDPIE_0_Example_Map.Example_Map up for play (max tick rate 0) at 2014.11.01-22.44.03
[2014.11.02-02.44.03:876][ 92]LogWorld: Bringing up level for play took: 0.050193
[2014.11.02-02.44.04:202][ 92]PIE: Info Play in editor start time for /Game/Maps/UEDPIE_0_Example_Map 1.265
[2014.11.02-02.44.07:107][364]LogBlueprintUserMessages: Health Pot
[2014.11.02-02.44.08:470][526]LogBlueprintUserMessages: Rock Armor
[2014.11.02-02.44.14:045][152]LogParticles: Destroying 0 GPU particle simulations for FXSystem 0x00000000164BF100
[2014.11.02-02.46.44:198][105]Cmd: QUIT_EDITOR
[2014.11.02-02.46.44:889][105]LogExit: Preparing to exit.
[2014.11.02-02.46.45:836][105]LogExit: Editor shut down
[2014.11.02-02.46.45:837][105]LogExit: Transaction tracking system shut down
[2014.11.02-02.46.45:839][105]LogParticles: Destroying 0 GPU particle simulations for FXSystem 0x000000000CBC6660
[2014.11.02-02.46.46:345][105]LogParticles: Destroying 0 GPU particle simulations for FXSystem 0x000000000DB42480
[2014.11.02-02.46.46:345][105]LogParticles: Destroying 0 GPU particle simulations for FXSystem 0x000000000D8CFE20
[2014.11.02-02.46.46:346][105]LogParticles: Destroying 0 GPU particle simulations for FXSystem 0x0000000020F5C360
[2014.11.02-02.46.46:346][105]LogParticles: Destroying 0 GPU particle simulations for FXSystem 0x0000000020F5D800
[2014.11.02-02.46.46:346][105]LogParticles: Destroying 0 GPU particle simulations for FXSystem 0x0000000020F5EB60
[2014.11.02-02.46.46:346][105]LogParticles: Destroying 0 GPU particle simulations for FXSystem 0x000000000B68F380
[2014.11.02-02.46.46:347][105]LogExit: Object subsystem successfully closed.
[2014.11.02-02.46.47:302][105]LogModuleManager: Shutting down and abandoning module SequencerWidgets (168)
[2014.11.02-02.46.47:303][105]LogModuleManager: Shutting down and abandoning module AndroidDeviceDetection (167)
[2014.11.02-02.46.47:304][105]LogModuleManager: Shutting down and abandoning module CrashTracker (166)
[2014.11.02-02.46.47:304][105]LogModuleManager: Shutting down and abandoning module SuperSearch (165)
[2014.11.02-02.46.47:305][105]LogModuleManager: Shutting down and abandoning module SceneOutliner (164)
[2014.11.02-02.46.47:305][105]LogModuleManager: Shutting down and abandoning module EditorWidgets (163)
[2014.11.02-02.46.47:306][105]LogModuleManager: Shutting down and abandoning module CollectionManager (162)
[2014.11.02-02.46.47:306][105]LogModuleManager: Shutting down and abandoning module StatsViewer (161)
[2014.11.02-02.46.47:307][105]LogModuleManager: Shutting down and abandoning module FoliageEdit (160)
[2014.11.02-02.46.47:307][105]LogModuleManager: Shutting down and abandoning module LandscapeEditor (159)
[2014.11.02-02.46.47:308][105]LogModuleManager: Shutting down and abandoning module MeshPaint (158)
[2014.11.02-02.46.47:309][105]LogModuleManager: Shutting down and abandoning module ActorPickerMode (157)
[2014.11.02-02.46.47:309][105]LogModuleManager: Shutting down and abandoning module GeometryMode (156)
[2014.11.02-02.46.47:310][105]LogModuleManager: Shutting down and abandoning module TextureAlignMode (155)
[2014.11.02-02.46.47:310][105]LogModuleManager: Shutting down and abandoning module BspMode (154)
[2014.11.02-02.46.47:310][105]LogModuleManager: Shutting down and abandoning module PlacementMode (153)
[2014.11.02-02.46.47:311][105]LogModuleManager: Shutting down and abandoning module AutomationWorker (152)
[2014.11.02-02.46.47:311][105]LogModuleManager: Shutting down and abandoning module CharacterAI (151)
[2014.11.02-02.46.47:312][105]LogModuleManager: Shutting down and abandoning module GameProjectGeneration (150)
[2014.11.02-02.46.47:312][105]LogModuleManager: Shutting down and abandoning module IntroTutorials (149)
[2014.11.02-02.46.47:313][105]LogModuleManager: Shutting down and abandoning module EditorLiveStreaming (148)
[2014.11.02-02.46.47:313][105]LogModuleManager: Shutting down and abandoning module HardwareTargeting (147)
[2014.11.02-02.46.47:314][105]LogModuleManager: Shutting down and abandoning module BehaviorTreeEditor (146)
[2014.11.02-02.46.47:314][105]LogModuleManager: Shutting down and abandoning module DeviceProfileEditor (145)
[2014.11.02-02.46.47:314][105]LogModuleManager: Shutting down and abandoning module UndoHistory (144)
[2014.11.02-02.46.47:315][105]LogModuleManager: Shutting down and abandoning module GameplayTagsEditor (143)
[2014.11.02-02.46.47:315][105]LogModuleManager: Shutting down and abandoning module UserFeedback (142)
[2014.11.02-02.46.47:316][105]LogModuleManager: Shutting down and abandoning module XmlParser (141)
[2014.11.02-02.46.47:357][105]LogModuleManager: Shutting down and abandoning module Blutility (140)
[2014.11.02-02.46.47:358][105]LogModuleManager: Shutting down and abandoning module IOSPlatformEditor (139)
[2014.11.02-02.46.47:359][105]LogModuleManager: Shutting down and abandoning module IOSRuntimeSettings (138)
[2014.11.02-02.46.47:359][105]LogModuleManager: Shutting down and abandoning module AndroidPlatformEditor (137)
[2014.11.02-02.46.47:360][105]LogModuleManager: Shutting down and abandoning module AndroidRuntimeSettings (136)
[2014.11.02-02.46.47:360][105]LogModuleManager: Shutting down and abandoning module ProjectTargetPlatformEditor (135)
[2014.11.02-02.46.47:361][105]LogModuleManager: Shutting down and abandoning module ProjectSettingsViewer (134)
[2014.11.02-02.46.47:362][105]LogModuleManager: Shutting down and abandoning module InputBindingEditor (133)
[2014.11.02-02.46.47:362][105]LogModuleManager: Shutting down and abandoning module EditorSettingsViewer (132)
[2014.11.02-02.46.47:363][105]LogModuleManager: Shutting down and abandoning module SettingsEditor (131)
[2014.11.02-02.46.47:363][105]LogModuleManager: Shutting down and abandoning module ProjectLauncher (130)
[2014.11.02-02.46.47:364][105]LogModuleManager: Shutting down and abandoning module SessionFrontend (129)
[2014.11.02-02.46.47:364][105]LogModuleManager: Shutting down and abandoning module ProfilerClient (128)
[2014.11.02-02.46.47:365][105]LogModuleManager: Shutting down and abandoning module TargetDeviceServices (127)
[2014.11.02-02.46.47:365][105]LogModuleManager: Shutting down and abandoning module DeviceManager (126)
[2014.11.02-02.46.47:366][105]LogModuleManager: Shutting down and abandoning module AutomationController (125)
[2014.11.02-02.46.47:366][105]LogModuleManager: Shutting down and abandoning module AutomationWindow (124)
[2014.11.02-02.46.47:367][105]LogModuleManager: Shutting down and abandoning module Layers (123)
[2014.11.02-02.46.47:367][105]LogModuleManager: Shutting down and abandoning module ComponentVisualizers (122)
[2014.11.02-02.46.47:368][105]LogModuleManager: Shutting down and abandoning module DetailCustomizations (121)
[2014.11.02-02.46.47:368][105]LogModuleManager: Shutting down and abandoning module PackagesDialog (120)
[2014.11.02-02.46.47:369][105]LogModuleManager: Shutting down and abandoning module AssetRegistry (119)
[2014.11.02-02.46.47:457][105]LogModuleManager: Shutting down and abandoning module Persona (118)
[2014.11.02-02.46.47:458][105]LogModuleManager: Shutting down and abandoning module Kismet (117)
[2014.11.02-02.46.47:491][105]LogModuleManager: Shutting down and abandoning module GraphEditor (116)
[2014.11.02-02.46.47:492][105]LogModuleManager: Shutting down and abandoning module ClassViewer (115)
[2014.11.02-02.46.47:492][105]LogModuleManager: Shutting down and abandoning module Toolbox (114)
[2014.11.02-02.46.47:493][105]LogModuleManager: Shutting down and abandoning module ModuleUI (113)
[2014.11.02-02.46.47:493][105]LogModuleManager: Shutting down and abandoning module MovieSceneTools (112)
[2014.11.02-02.46.47:494][105]LogModuleManager: Shutting down and abandoning module OutputLog (111)
[2014.11.02-02.46.47:494][105]LogModuleManager: Shutting down and abandoning module GammaUI (110)
[2014.11.02-02.46.47:495][105]LogModuleManager: Shutting down and abandoning module Documentation (109)
[2014.11.02-02.46.47:495][105]LogModuleManager: Shutting down and abandoning module GameLiveStreaming (108)
[2014.11.02-02.46.47:496][105]LogModuleManager: Shutting down and abandoning module StreamingPauseRendering (107)
[2014.11.02-02.46.47:496][105]LogModuleManager: Shutting down and abandoning module HTTP (106)
[2014.11.02-02.46.47:497][105]LogModuleManager: Shutting down and abandoning module AnalyticsET (105)
[2014.11.02-02.46.47:497][105]LogModuleManager: Shutting down and abandoning module Analytics (104)
[2014.11.02-02.46.47:498][105]LogModuleManager: Shutting down and abandoning module GameplayDebugger (103)
[2014.11.02-02.46.47:498][105]LogModuleManager: Shutting down and abandoning module AIModule (102)
[2014.11.02-02.46.47:524][105]LogModuleManager: Shutting down and abandoning module ProfilerService (101)
[2014.11.02-02.46.47:581][105]LogModuleManager: Shutting down and abandoning module TaskGraph (100)
[2014.11.02-02.46.47:581][105]LogModuleManager: Shutting down and abandoning module SlateRemote (99)
[2014.11.02-02.46.47:582][105]LogModuleManager: Shutting down and abandoning module ScriptEditorPlugin (98)
[2014.11.02-02.46.47:583][105]LogModuleManager: Shutting down and abandoning module CustomMeshComponent (97)
[2014.11.02-02.46.47:583][105]LogModuleManager: Shutting down and abandoning module CableComponent (96)
[2014.11.02-02.46.47:584][105]LogModuleManager: Shutting down and abandoning module MessagingDebugger (95)
[2014.11.02-02.46.47:621][105]LogModuleManager: Shutting down and abandoning module MediaPlayerEditor (94)
[2014.11.02-02.46.47:622][105]LogModuleManager: Shutting down and abandoning module SpeedTreeImporter (93)
[2014.11.02-02.46.47:623][105]LogModuleManager: Shutting down and abandoning module PluginsEditor (92)
[2014.11.02-02.46.47:623][105]LogModuleManager: Shutting down and abandoning module EpicSurvey (91)
[2014.11.02-02.46.47:624][105]LogModuleManager: Shutting down and abandoning module DesktopPlatform (90)
[2014.11.02-02.46.47:624][105]LogModuleManager: Shutting down and abandoning module VisualStudioSourceCodeAccess (89)
[2014.11.02-02.46.47:625][105]LogModuleManager: Shutting down and abandoning module UObjectPlugin (88)
[2014.11.02-02.46.47:625][105]LogModuleManager: Shutting down and abandoning module SubversionSourceControl (87)
[2014.11.02-02.46.47:626][105]LogModuleManager: Shutting down and abandoning module SourceControl (86)
[2014.11.02-02.46.47:626][105]LogModuleManager: Shutting down and abandoning module PerforceSourceControl (85)
[2014.11.02-02.46.47:627][105]LogModuleManager: Shutting down and abandoning module BlankPlugin (84)
[2014.11.02-02.46.47:627][105]LogModuleManager: Shutting down and abandoning module SlateReflector (83)
[2014.11.02-02.46.47:628][105]LogModuleManager: Shutting down and abandoning module DirectoryWatcher (82)
[2014.11.02-02.46.47:629][105]LogModuleManager: Shutting down and abandoning module HotReload (81)
[2014.11.02-02.46.47:630][105]LogModuleManager: Shutting down and abandoning module MainFrame (80)
[2014.11.02-02.46.47:630][105]LogModuleManager: Shutting down and abandoning module LevelEditor (79)
[2014.11.02-02.46.47:632][105]LogModuleManager: Shutting down and abandoning module ViewportSnapping (78)
[2014.11.02-02.46.47:633][105]LogModuleManager: Shutting down and abandoning module SmartSnapping (77)
[2014.11.02-02.46.47:633][105]LogModuleManager: Shutting down and abandoning module PaperTiledImporter (76)
[2014.11.02-02.46.47:634][105]LogModuleManager: Shutting down and abandoning module PaperJsonImporter (75)
[2014.11.02-02.46.47:634][105]LogModuleManager: Shutting down and abandoning module ContentBrowser (74)
[2014.11.02-02.46.47:635][105]LogModuleManager: Shutting down and abandoning module PropertyEditor (73)
[2014.11.02-02.46.47:635][105]LogModuleManager: Shutting down and abandoning module Paper2DEditor (72)
[2014.11.02-02.46.47:698][105]LogModuleManager: Shutting down and abandoning module MyProject (71)
[2014.11.02-02.46.47:699][105]LogModuleManager: Shutting down and abandoning module ScriptPlugin (70)
[2014.11.02-02.46.47:706][105]LogModuleManager: Shutting down and abandoning module UdpMessaging (69)
[2014.11.02-02.46.47:807][105]LogModuleManager: Shutting down and abandoning module Paper2D (68)
[2014.11.02-02.46.47:807][105]LogModuleManager: Shutting down and abandoning module WindowsMoviePlayer (67)
[2014.11.02-02.46.47:813][105]LogModuleManager: Shutting down and abandoning module Media (66)
[2014.11.02-02.46.47:813][105]LogModuleManager: Shutting down and abandoning module WmfMedia (65)
[2014.11.02-02.46.47:830][105]LogModuleManager: Shutting down and abandoning module OnlineBlueprintSupport (64)
[2014.11.02-02.46.47:831][105]LogModuleManager: Shutting down and abandoning module FunctionalTesting (63)
[2014.11.02-02.46.47:832][105]LogModuleManager: Shutting down and abandoning module CollisionAnalyzer (62)
[2014.11.02-02.46.47:833][105]LogModuleManager: Shutting down and abandoning module WorkspaceMenuStructure (61)
[2014.11.02-02.46.47:833][105]LogModuleManager: Shutting down and abandoning module MessageLog (60)
[2014.11.02-02.46.47:834][105]LogModuleManager: Shutting down and abandoning module Sequencer (59)
[2014.11.02-02.46.47:834][105]LogModuleManager: Shutting down and abandoning module AssetTools (58)
[2014.11.02-02.46.47:835][105]LogModuleManager: Shutting down and abandoning module UMGEditor (57)
[2014.11.02-02.46.47:835][105]LogModuleManager: Shutting down and abandoning module UMG (56)
[2014.11.02-02.46.47:835][105]LogModuleManager: Shutting down and abandoning module Slate (55)
[2014.11.02-02.46.47:836][105]LogModuleManager: Shutting down and abandoning module EditorStyle (54)
[2014.11.02-02.46.47:840][105]LogModuleManager: Shutting down and abandoning module SessionServices (53)
[2014.11.02-02.46.47:840][105]LogModuleManager: Shutting down and abandoning module SourceCodeAccess (52)
[2014.11.02-02.46.47:841][105]LogModuleManager: Shutting down and abandoning module HeadMountedDisplay (51)
[2014.11.02-02.46.47:841][105]LogModuleManager: Shutting down and abandoning module XAudio2 (50)
[2014.11.02-02.46.47:842][105]LogModuleManager: Shutting down and abandoning module Networking (48)
[2014.11.02-02.46.47:842][105]LogModuleManager: Shutting down and abandoning module Core (47)
[2014.11.02-02.46.47:843][105]LogModuleManager: Shutting down and abandoning module KismetCompiler (46)
[2014.11.02-02.46.47:843][105]LogModuleManager: Shutting down and abandoning module PhysXFormats (45)
[2014.11.02-02.46.47:844][105]LogModuleManager: Shutting down and abandoning module MeshUtilities (44)
[2014.11.02-02.46.47:844][105]LogModuleManager: Shutting down and abandoning module DerivedDataCache (43)
[2014.11.02-02.46.47:851][105]LogDerivedDataCache: Shutdown
[2014.11.02-02.46.47:851][105]LogModuleManager: Shutting down and abandoning module ShaderFormatOpenGL (42)
[2014.11.02-02.46.47:852][105]LogModuleManager: Shutting down and abandoning module ShaderFormatD3D (41)
[2014.11.02-02.46.47:853][105]LogModuleManager: Shutting down and abandoning module MetalShaderFormat (40)
[2014.11.02-02.46.47:853][105]LogModuleManager: Shutting down and abandoning module TextureFormatUncompressed (39)
[2014.11.02-02.46.47:854][105]LogModuleManager: Shutting down and abandoning module TextureFormatPVR (38)
[2014.11.02-02.46.47:854][105]LogModuleManager: Shutting down and abandoning module TextureFormatDXT (37)
[2014.11.02-02.46.47:855][105]LogModuleManager: Shutting down and abandoning module TextureFormatAndroid (36)
[2014.11.02-02.46.47:855][105]LogModuleManager: Shutting down and abandoning module AudioFormatOpus (35)
[2014.11.02-02.46.47:856][105]LogModuleManager: Shutting down and abandoning module AudioFormatOgg (34)
[2014.11.02-02.46.47:856][105]LogModuleManager: Shutting down and abandoning module AudioFormatADPCM (33)
[2014.11.02-02.46.47:857][105]LogModuleManager: Shutting down and abandoning module Messaging (32)
[2014.11.02-02.46.47:857][105]LogModuleManager: Shutting down and abandoning module IOSTargetPlatform (31)
[2014.11.02-02.46.47:858][105]LogModuleManager: Shutting down and abandoning module Android_PVRTCTargetPlatform (30)
[2014.11.02-02.46.47:858][105]LogModuleManager: Shutting down and abandoning module Android_ETC2TargetPlatform (29)
[2014.11.02-02.46.47:859][105]LogModuleManager: Shutting down and abandoning module Android_ETC1TargetPlatform (28)
[2014.11.02-02.46.47:859][105]LogModuleManager: Shutting down and abandoning module Android_DXTTargetPlatform (27)
[2014.11.02-02.46.47:859][105]LogModuleManager: Shutting down and abandoning module Android_ATCTargetPlatform (26)
[2014.11.02-02.46.47:860][105]LogModuleManager: Shutting down and abandoning module AndroidTargetPlatform (25)
[2014.11.02-02.46.47:860][105]LogModuleManager: Shutting down and abandoning module WindowsTargetPlatform (24)
[2014.11.02-02.46.47:861][105]LogModuleManager: Shutting down and abandoning module WindowsServerTargetPlatform (23)
[2014.11.02-02.46.47:861][105]LogModuleManager: Shutting down and abandoning module WindowsNoEditorTargetPlatform (22)
[2014.11.02-02.46.47:862][105]LogModuleManager: Shutting down and abandoning module WindowsClientTargetPlatform (21)
[2014.11.02-02.46.47:862][105]LogModuleManager: Shutting down and abandoning module TargetPlatform (20)
[2014.11.02-02.46.47:863][105]LogModuleManager: Shutting down and abandoning module InputCore (19)
[2014.11.02-02.46.47:863][105]LogModuleManager: Shutting down and abandoning module Settings (18)
[2014.11.02-02.46.47:863][105]LogModuleManager: Shutting down and abandoning module ImageWrapper (17)
[2014.11.02-02.46.47:864][105]LogModuleManager: Shutting down and abandoning module OculusRift (14)
[2014.11.02-02.46.47:864][105]LogModuleManager: Shutting down and abandoning module ExampleDeviceProfileSelector (13)
[2014.11.02-02.46.47:865][105]LogModuleManager: Shutting down and abandoning module TextureCompressor (12)
[2014.11.02-02.46.47:866][105]LogModuleManager: Shutting down and abandoning module ShaderCore (11)
[2014.11.02-02.46.47:866][105]LogModuleManager: Shutting down and abandoning module SlateRHIRenderer (10)
[2014.11.02-02.46.47:884][105]LogModuleManager: Shutting down and abandoning module OpenGLDrv (9)
[2014.11.02-02.46.47:885][105]LogModuleManager: Shutting down and abandoning module D3D11RHI (8)
[2014.11.02-02.46.47:885][105]LogModuleManager: Shutting down and abandoning module Renderer (7)
[2014.11.02-02.46.47:886][105]LogModuleManager: Shutting down and abandoning module Engine (6)
[2014.11.02-02.46.47:887][105]LogModuleManager: Shutting down and abandoning module CoreUObject (5)
[2014.11.02-02.46.47:887][105]LogModuleManager: Shutting down and abandoning module NetworkFile (4)
[2014.11.02-02.46.47:888][105]LogModuleManager: Shutting down and abandoning module StreamingFile (3)
[2014.11.02-02.46.47:888][105]LogModuleManager: Shutting down and abandoning module SandboxFile (2)
[2014.11.02-02.46.47:889][105]LogModuleManager: Shutting down and abandoning module PakFile (1)
[2014.11.02-02.46.47:891][105]LogExit: Exiting.
[2014.11.02-02.46.47:906][105]Log file closed, 11/01/14 22:46:47
