Log file open, 10/30/14 23:07:25
LogInit:Display: Running engine for game: MyProject
LogInit: Version: 4.5.1-2336687+++depot+UE4-Releases+4.5
LogInit: API Version: 2326478
LogInit: Compiled (64-bit): Oct 21 2014 22:32:40
LogInit: Compiled with Visual C++: 18.00.21005.01
LogInit: Build Configuration: DebugGame
LogInit: Branch Name: ++depot+UE4-Releases+4.5
LogInit: Command line:  -debug
LogInit: Base directory: C:/Program Files/Unreal Engine/4.5/Engine/Binaries/Win64/
LogInit: Rocket: 1
[2014.10.31-03.07.26:246][  0]LogTaskGraph: Started task graph with 3 named threads and 4 total threads.
[2014.10.31-03.07.26:295][  0]LogOnline:Warning: No default platform service specified for OnlineSubsystem
[2014.10.31-03.07.26:424][  0]LogInit: Presizing for 0 objects not considered by GC, pre-allocating 0 bytes.
[2014.10.31-03.07.26:433][  0]LogInit: Object subsystem initialized
[2014.10.31-03.07.26:436][  0]LogConsoleResponse:Warning: Skipping Unknown console variable: 'UIScaleRule = ShortestSide'
[2014.10.31-03.07.26:436][  0]LogConsoleResponse:Warning:   Found in ini file 'C:/Users/Chris/Desktop/MyProject/Saved/Config/Windows/Engine.ini', in section '[/Script/Engine.RendererSettings]'
[2014.10.31-03.07.26:437][  0]LogConsoleResponse:Warning: Skipping Unknown console variable: 'UIScaleCurve = (EditorCurveData=(Keys=((Time=480,Value=0.444),(Time=720,Value=0.666),(Time=1080,Value=1.0),(Time=8640,Value=8.0))),ExternalCurve=None)'
[2014.10.31-03.07.26:437][  0]LogConsoleResponse:Warning:   Found in ini file 'C:/Users/Chris/Desktop/MyProject/Saved/Config/Windows/Engine.ini', in section '[/Script/Engine.RendererSettings]'
[2014.10.31-03.07.26:438][  0]LogInit: Selected Device Profile: [Windows]
[2014.10.31-03.07.26:438][  0]LogInit: Applying CVar settings loaded from the selected device profile: [Windows]
[2014.10.31-03.07.26:546][  0]LogInit: Computer: CHRIS-PC
[2014.10.31-03.07.26:546][  0]LogInit: User: Chris
[2014.10.31-03.07.26:549][  0]LogInit: CPU Page size=4096, Cores=4
[2014.10.31-03.07.26:549][  0]LogInit: High frequency timer resolution =3.312871 MHz
[2014.10.31-03.07.26:550][  0]LogMemory: Memory total: Physical=12.0GB (12GB approx) Virtual=8192.0GB
[2014.10.31-03.07.26:551][  0]LogMemory: Platform Memory Stats for Windows
[2014.10.31-03.07.26:551][  0]LogMemory: Process Physical Memory: 63.29 MB used, 63.29 MB peak
[2014.10.31-03.07.26:552][  0]LogMemory: Process Virtual Memory: 38.37 MB used, 38.37 MB peak
[2014.10.31-03.07.26:552][  0]LogMemory: Physical Memory: 5819.96 MB used, 12270.45 MB total
[2014.10.31-03.07.26:553][  0]LogMemory: Virtual Memory: 269.63 MB used, 8388608.00 MB total
[2014.10.31-03.07.28:215][  0]LogD3D11RHI: Found D3D11 adapter 0: NVIDIA GeForce GTX 760 (Feature Level 11_0)
[2014.10.31-03.07.28:215][  0]LogD3D11RHI: Adapter has 1990MB of dedicated video memory, 0MB of dedicated system memory, and 2048MB of shared system memory, 2 output[s]
[2014.10.31-03.07.28:215][  0]LogD3D11RHI: Chosen D3D11 Adapter Id = 0
[2014.10.31-03.07.28:221][  0]LogRHI: Texture pool is 1361 MB (70% of 1945 MB)
[2014.10.31-03.07.28:241][  0]LogD3D11RHI: Async texture creation enabled
[2014.10.31-03.07.29:192][  0]LogTextLocalizationManager: The requested culture ('en_US') has no localization data; parent culture's ('en') localization data will be used.
[2014.10.31-03.07.29:312][  0]LogContentStreaming: Texture pool size is 0.000000MB
[2014.10.31-03.07.36:230][  0]LogTargetPlatformManager:Display: Building Assets For Windows
[2014.10.31-03.07.37:101][  0]LogTargetPlatformManager:Display: Building Assets For Windows
[2014.10.31-03.07.37:179][  0]LogDerivedDataCache:Display: Max Cache Size: 512 MB
[2014.10.31-03.07.37:373][  0]LogDerivedDataCache: Loaded boot cache 0.19s 39MB C:/Users/Chris/AppData/Local/UnrealEngine/4.5/DerivedDataCache/Boot.ddc.
[2014.10.31-03.07.37:373][  0]LogDerivedDataCache:Display: Loaded Boot cache: C:/Users/Chris/AppData/Local/UnrealEngine/4.5/DerivedDataCache/Boot.ddc
[2014.10.31-03.07.37:374][  0]LogDerivedDataCache: FDerivedDataBackendGraph:  Pak pak cache file ../../../../../../Users/Chris/Desktop/MyProject/DerivedDataCache/DDC.ddp not found, will not use a pak cache.
[2014.10.31-03.07.37:374][  0]LogDerivedDataCache: Unable to find inner node Pak for hierarchical cache Hierarchy.
[2014.10.31-03.07.37:437][  0]LogDerivedDataCache:Display: Pak cache opened for reading ../../../Engine/DerivedDataCache/DDC.ddp.
[2014.10.31-03.07.37:450][  0]LogDerivedDataCache: Using Local data cache path C:/Users/Chris/AppData/Local/UnrealEngine/Common/DerivedDataCache: Writable
[2014.10.31-03.07.39:607][  0]LogMeshUtilities: No automatic mesh reduction module available
[2014.10.31-03.07.39:607][  0]LogMeshUtilities: No automatic mesh merging module available
[2014.10.31-03.07.39:859][  0]LogLinker:Warning: Asset '../../../Engine/Content/Functions/Engine_MaterialFunctions02/Texturing/FlipBook.uasset' has been saved with empty engine version. The asset will be loaded but may be incompatible.
[2014.10.31-03.07.39:863][  0]LogLinker:Warning: Asset '../../../Engine/Content/Functions/Engine_MaterialFunctions02/ExampleContent/Textures/flipbook.uasset' has been saved with empty engine version. The asset will be loaded but may be incompatible.
[2014.10.31-03.07.40:081][  0]LogInit: WinSock: version 1.1 (2.2), MaxSocks=32767, MaxUdp=65467
[2014.10.31-03.07.43:330][  0]UdpMessaging: Initializing bridge on interface 0.0.0.0:0 to multicast group 230.0.0.1:6666.
[2014.10.31-03.07.43:920][  0]SourceControl: Info Source control is disabled
[2014.10.31-03.07.43:921][  0]SourceControl: Info Source control is disabled
[2014.10.31-03.07.43:931][  0]SourceControl: Info Source control is disabled
[2014.10.31-03.07.44:188][  0]LogObj: 22990 objects as part of root set at end of initial load.
[2014.10.31-03.07.44:189][  0]LogUObjectAllocator: 4821864 out of 0 bytes used by permanent object pool.
[2014.10.31-03.07.44:256][  0]LogEngine: Initializing Engine...
[2014.10.31-03.07.44:406][  0]LogInit: XAudio2 using 'Speakers (Realtek High Definition Audio)' : 2 channels at 48 kHz using 32 bits per sample (channel mask 0x3)
[2014.10.31-03.07.44:460][  0]LogInit: FAudioDevice initialized.
[2014.10.31-03.07.44:491][  0]LogAIModule: Creating AISystem for world NewWorld
[2014.10.31-03.07.44:513][  0]LogDerivedDataCache: Saved boot cache 0.02s 39MB C:/Users/Chris/AppData/Local/UnrealEngine/4.5/DerivedDataCache/Boot.ddc.
[2014.10.31-03.07.44:520][  0]LogInit: Texture streaming: Enabled
[2014.10.31-03.07.44:604][  0]LogInit: Transaction tracking system initialized
[2014.10.31-03.07.44:777][  0]BlueprintLog: New page: Editor Load
[2014.10.31-03.07.44:828][  0]LogAssetRegistry: FAssetRegistry took 0.0105 seconds to start up
[2014.10.31-03.07.44:829][  0]LogDirectoryWatcher:Warning: Failed to begin reading directory changes for ../../../Engine/Plugins/Experimental/CharacterAI/Content/. Error: 0
[2014.10.31-03.07.45:384][  0]LogTargetPlatformManager:Display: Building Assets For Windows
[2014.10.31-03.07.45:756][  0]LogTargetPlatformManager:Display: Building Assets For Windows
[2014.10.31-03.07.46:154][  0]LogConsoleResponse:Display: 
[2014.10.31-03.07.46:484][  0]SourceControl: Info Source control is disabled
[2014.10.31-03.07.46:484][  0]Cmd: MAP LOAD FILE="../../../../../../Users/Chris/Desktop/MyProject/Content/Maps/Example_Map.umap" TEMPLATE=0 SHOWPROGRESS=1
[2014.10.31-03.07.46:507][  0]LightingResults: New page: Lighting Build
[2014.10.31-03.07.46:526][  0]MapCheck: New page: Map Check
[2014.10.31-03.07.46:526][  0]LightingResults: New page: Lighting Build
[2014.10.31-03.07.46:539][  0]LogParticles: Destroying 0 GPU particle simulations for FXSystem 0x000000001705E840
[2014.10.31-03.07.48:608][  0]LogEditorServer: Finished looking for orphan Actors (0.000 secs)
[2014.10.31-03.07.48:609][  0]LogAIModule: Creating AISystem for world Example_Map
[2014.10.31-03.07.48:609][  0]Cmd: MAP CHECKDEP
[2014.10.31-03.07.48:610][  0]MapCheck: New page: Example_Map - Oct 30, 2014, 7:07:48 PM
[2014.10.31-03.07.48:929][  0]MapCheck: Info Map check complete: 0 Error(s), 0 Warning(s), took 318.972ms to complete.
[2014.10.31-03.07.48:929][  0]LogFileHelpers: Loading map 'Example_Map' took 2.445
[2014.10.31-03.07.49:100][  0]LogCollectionManager: Loaded 0 collections in 0.001261 seconds
[2014.10.31-03.07.49:422][  0]LogCrashTracker: Crashtracker disabled due to settings.
[2014.10.31-03.07.49:528][  0]LogUObjectGlobals:Warning: Failed to find object 'Class None.'
[2014.10.31-03.07.49:697][  0]LogLoad: Full Startup: 29.07 seconds (BP compile: 0.21 seconds)
[2014.10.31-03.07.50:040][  0]LogContentBrowser:Verbose: The content browser source was changed by the sources view to '/Game/Blueprints'
[2014.10.31-03.07.50:194][  0]LogRenderer:Warning: Reallocating scene render targets to support 960x728.
[2014.10.31-03.07.51:085][  3]LogAssetRegistry: Asset discovery search completed in 6.2679 seconds
[2014.10.31-03.08.57:532][  9]BlueprintLog: New page: Pre-PIE auto-recompile
[2014.10.31-03.08.57:533][  9]LogPlayLevel: [PIE] Compiling Example_Map before PIE...
[2014.10.31-03.08.57:691][  9]LogActorComponent: UnregisterComponent: (/Engine/Transient.CharacterMovementComponent_0) Not registered. Aborting.
[2014.10.31-03.08.57:716][  9]LogPlayLevel: PIE:  Blueprint regeneration took 183 ms (1 blueprints)
[2014.10.31-03.08.57:717][  9]PIE: New page: PIE session: Example_Map (Oct 30, 2014, 7:08:57 PM)
[2014.10.31-03.08.57:769][  9]LogPlayLevel: PIE: StaticDuplicateObject took: (0.051331s)
[2014.10.31-03.08.57:770][  9]LogPlayLevel: PIE: World Init took: (0.000689s)
[2014.10.31-03.08.57:770][  9]LogPlayLevel: PIE: Created PIE world by copying editor world from /Game/Maps/Example_Map.Example_Map to /Game/Maps/UEDPIE_0_Example_Map.Example_Map (0.053176s)
[2014.10.31-03.08.57:890][  9]LogWorld: Game class is 'MyGame_C'
[2014.10.31-03.08.57:905][  9]LogAIModule: Creating AISystem for world Example_Map
[2014.10.31-03.08.57:912][  9]LogWorld: Bringing World /Game/Maps/UEDPIE_0_Example_Map.Example_Map up for play (max tick rate 0) at 2014.10.30-23.08.57
[2014.10.31-03.08.57:923][  9]LogWorld: Bringing up level for play took: 0.017266
[2014.10.31-03.08.58:282][  9]PIE: Info Play in editor start time for /Game/Maps/UEDPIE_0_Example_Map -0.096
[2014.10.31-03.09.02:243][394]LogParticles: Destroying 0 GPU particle simulations for FXSystem 0x000000000B513880
[2014.10.31-03.11.05:956][ 64]LogContentBrowser:Verbose: The content browser source was changed by the sources view to '/Game/Maps'
[2014.10.31-03.11.06:586][130]LogContentBrowser:Verbose: The content browser source was changed by the sources view to '/Game/Particles'
[2014.10.31-03.11.07:085][172]LogContentBrowser:Verbose: The content browser source was changed by the sources view to '/Game/Shapes'
[2014.10.31-03.11.07:760][205]LogContentBrowser:Verbose: The content browser source was changed by the sources view to '/Game/UMG'
[2014.10.31-03.11.36:486][198]LogContentBrowser:Verbose: The content browser source was changed by the sources view to '/Game/UMG'
[2014.10.31-03.12.16:102][ 58]BlueprintLog: New page: Compile ItemList
[2014.10.31-03.12.16:146][ 58]LogActorComponent: UnregisterComponent: (/Engine/Transient.CharacterMovementComponent_1) Not registered. Aborting.
[2014.10.31-03.12.16:265][ 58]BlueprintEditorCompileResults: Info [0295.47] Compile of ItemList successful! [in 0 ms]
[2014.10.31-03.12.16:875][ 98]Cmd: OBJ SAVEPACKAGE PACKAGE="/Game/UMG/ItemList" FILE="../../../../../../Users/Chris/Desktop/MyProject/Content/UMG/ItemList.uasset" SILENT=true
[2014.10.31-03.12.16:891][ 98]LogSavePackage: Save=12.501242ms
[2014.10.31-03.12.16:892][ 98]LogSavePackage: Moving '../../../../../../Users/Chris/Desktop/MyProject/Saved/ItemList340710E641221FB3110B9BA8325C6C86.tmp' to '../../../../../../Users/Chris/Desktop/MyProject/Content/UMG/ItemList.uasset'
[2014.10.31-03.12.57:025][ 78]LogParticles: Destroying 0 GPU particle simulations for FXSystem 0x000000000B7FCFE0
[2014.10.31-03.13.40:332][247]BlueprintLog: New page: Compile InventoryHUD
[2014.10.31-03.13.40:407][247]BlueprintEditorCompileResults: Info [0379.71] Compile of InventoryHUD successful! [in 5 ms]
[2014.10.31-03.13.40:958][287]Cmd: OBJ SAVEPACKAGE PACKAGE="/Game/UMG/InventoryHUD" FILE="../../../../../../Users/Chris/Desktop/MyProject/Content/UMG/InventoryHUD.uasset" SILENT=true
[2014.10.31-03.13.41:092][287]LogSavePackage: Save=8.642353ms
[2014.10.31-03.13.41:093][287]LogSavePackage: Moving '../../../../../../Users/Chris/Desktop/MyProject/Saved/InventoryHUDA9DACFC84638A740226B57A07A5D25CD.tmp' to '../../../../../../Users/Chris/Desktop/MyProject/Content/UMG/InventoryHUD.uasset'
[2014.10.31-03.13.51:268][667]BlueprintLog: New page: Pre-PIE auto-recompile
[2014.10.31-03.13.51:269][667]LogPlayLevel: [PIE] Compiling MyCharacter before PIE...
[2014.10.31-03.13.51:404][667]LogPlayLevel: [PIE] Compiling Tutorial_BP_MacroLib before PIE...
[2014.10.31-03.13.51:442][667]LogPlayLevel: [PIE] Compiling Example_Map before PIE...
[2014.10.31-03.13.51:499][667]LogPlayLevel: PIE:  Blueprint regeneration took 230 ms (3 blueprints)
[2014.10.31-03.13.51:500][667]PIE: New page: PIE session: Example_Map (Oct 30, 2014, 7:13:51 PM)
[2014.10.31-03.13.51:533][667]LogPlayLevel: PIE: StaticDuplicateObject took: (0.033007s)
[2014.10.31-03.13.51:535][667]LogPlayLevel: PIE: World Init took: (0.000976s)
[2014.10.31-03.13.51:536][667]LogPlayLevel: PIE: Created PIE world by copying editor world from /Game/Maps/Example_Map.Example_Map to /Game/Maps/UEDPIE_0_Example_Map.Example_Map (0.035561s)
[2014.10.31-03.13.51:586][667]LogWorld: Game class is 'MyGame_C'
[2014.10.31-03.13.51:588][667]LogAIModule: Creating AISystem for world Example_Map
[2014.10.31-03.13.51:590][667]LogWorld: Bringing World /Game/Maps/UEDPIE_0_Example_Map.Example_Map up for play (max tick rate 0) at 2014.10.30-23.13.51
[2014.10.31-03.13.51:590][667]LogWorld: Bringing up level for play took: 0.001410
[2014.10.31-03.13.51:593][667]PIE: Info Play in editor start time for /Game/Maps/UEDPIE_0_Example_Map 1.207
[2014.10.31-03.13.54:631][965]LogBlueprintUserMessages: Health Pot
[2014.10.31-03.13.56:928][228]LogParticles: Destroying 0 GPU particle simulations for FXSystem 0x0000000023320400
[2014.10.31-03.14.57:455][804]LogContentBrowser:Verbose: The content browser source was changed by the sources view to '/Game/Textures'
[2014.10.31-03.14.58:284][836]LogContentBrowser:Verbose: The content browser source was changed by the sources view to '/Game/Shapes'
[2014.10.31-03.14.58:719][873]LogContentBrowser:Verbose: The content browser source was changed by the sources view to '/Game/UMG'
[2014.10.31-03.15.00:389][ 72]LogContentBrowser:Verbose: The content browser source was changed by the sources view to '/Game/Blueprints'
[2014.10.31-03.15.30:226][438]LogWindowsTextInputMethodSystem:Error: Deactivating a context failed while setting focus to the disabled TSF document manager.
[2014.10.31-03.15.34:206][766]BlueprintLog: New page: Compile MyCharacter
[2014.10.31-03.15.34:344][766]LogActorComponent: UnregisterComponent: (/Engine/Transient.CharacterMovementComponent_2) Not registered. Aborting.
[2014.10.31-03.15.34:370][766]LogParticles: Destroying 0 GPU particle simulations for FXSystem 0x000000002051A340
[2014.10.31-03.15.34:371][766]LogParticles: Destroying 0 GPU particle simulations for FXSystem 0x000000001D2B7A60
[2014.10.31-03.15.34:451][766]BlueprintEditorCompileResults: Info [0493.66] Compile of MyCharacter successful! [in 60 ms]
[2014.10.31-03.15.35:250][807]Cmd: OBJ SAVEPACKAGE PACKAGE="/Game/Blueprints/MyCharacter" FILE="../../../../../../Users/Chris/Desktop/MyProject/Content/Blueprints/MyCharacter.uasset" SILENT=true
[2014.10.31-03.15.35:674][807]LogSavePackage: Save=344.847107ms
[2014.10.31-03.15.35:675][807]LogSavePackage: Moving '../../../../../../Users/Chris/Desktop/MyProject/Saved/MyCharacterC5303A9945816F22FCE667AB9A9F8456.tmp' to '../../../../../../Users/Chris/Desktop/MyProject/Content/Blueprints/MyCharacter.uasset'
[2014.10.31-03.15.48:841][910]LogSlate:Warning: GetFontFace failed to load or process 'Roboto-Regular'
[2014.10.31-03.15.48:841][910]LogSlate:Warning: GetFontFace failed to load or process 'Roboto-Regular'
[2014.10.31-03.15.48:909][910]LogSlate:Warning: GetFontFace failed to load or process 'Roboto-Regular'
[2014.10.31-03.15.48:911][910]LogSlate:Warning: GetFontFace failed to load or process 'Roboto-Regular'
[2014.10.31-03.15.48:912][910]LogSlate:Warning: GetFontFace failed to load or process 'Roboto-Regular'
[2014.10.31-03.15.48:913][910]LogSlate:Warning: GetFontFace failed to load or process 'Roboto-Regular'
[2014.10.31-03.15.48:914][910]LogSlate:Warning: GetFontFace failed to load or process 'Roboto-Regular'
[2014.10.31-03.15.48:915][910]LogSlate:Warning: GetFontFace failed to load or process 'Roboto-Regular'
[2014.10.31-03.15.48:915][910]LogSlate:Warning: GetFontFace failed to load or process 'Roboto-Regular'
[2014.10.31-03.15.48:916][910]LogSlate:Warning: GetFontFace failed to load or process 'Roboto-Regular'
[2014.10.31-03.15.48:917][910]LogSlate:Warning: GetFontFace failed to load or process 'Roboto-Regular'
[2014.10.31-03.15.48:918][910]LogSlate:Warning: GetFontFace failed to load or process 'Roboto-Regular'
[2014.10.31-03.15.48:919][910]LogSlate:Warning: GetFontFace failed to load or process 'Roboto-Regular'
[2014.10.31-03.15.48:920][910]LogSlate:Warning: GetFontFace failed to load or process 'Roboto-Regular'
[2014.10.31-03.15.48:920][910]LogSlate:Warning: GetFontFace failed to load or process 'Roboto-Regular'
[2014.10.31-03.15.48:921][910]LogSlate:Warning: GetFontFace failed to load or process 'Roboto-Regular'
[2014.10.31-03.15.48:922][910]LogSlate:Warning: GetFontFace failed to load or process 'Roboto-Regular'
[2014.10.31-03.15.48:923][910]LogSlate:Warning: GetFontFace failed to load or process 'Roboto-Regular'
[2014.10.31-03.15.48:923][910]LogSlate:Warning: GetFontFace failed to load or process 'Roboto-Regular'
[2014.10.31-03.15.48:924][910]LogSlate:Warning: GetFontFace failed to load or process 'Roboto-Regular'
[2014.10.31-03.15.48:924][910]LogSlate:Warning: GetFontFace failed to load or process 'Roboto-Regular'
[2014.10.31-03.15.48:925][910]LogSlate:Warning: GetFontFace failed to load or process 'Roboto-Regular'
[2014.10.31-03.15.48:925][910]LogSlate:Warning: GetFontFace failed to load or process 'Roboto-Regular'
[2014.10.31-03.15.48:925][910]LogSlate:Warning: GetFontFace failed to load or process 'Roboto-Regular'
[2014.10.31-03.15.48:926][910]LogSlate:Warning: GetFontFace failed to load or process 'Roboto-Regular'
[2014.10.31-03.15.48:926][910]LogSlate:Warning: GetFontFace failed to load or process 'Roboto-Regular'
[2014.10.31-03.15.48:927][910]LogSlate:Warning: GetFontFace failed to load or process 'Roboto-Regular'
[2014.10.31-03.15.51:390][ 92]LogWindowsTextInputMethodSystem:Error: Deactivating a context failed while setting focus to the disabled TSF document manager.
[2014.10.31-03.16.02:064][952]BlueprintLog: New page: Pre-PIE auto-recompile
[2014.10.31-03.16.02:065][952]LogPlayLevel: [PIE] Compiling Example_Map before PIE...
[2014.10.31-03.16.02:105][952]LogActorComponent: UnregisterComponent: (/Engine/Transient.CharacterMovementComponent_3) Not registered. Aborting.
[2014.10.31-03.16.02:124][952]LogParticles: Destroying 0 GPU particle simulations for FXSystem 0x000000001E08C860
[2014.10.31-03.16.02:129][952]LogPlayLevel: PIE:  Blueprint regeneration took 65 ms (1 blueprints)
[2014.10.31-03.16.02:130][952]PIE: New page: PIE session: Example_Map (Oct 30, 2014, 7:16:02 PM)
[2014.10.31-03.16.02:163][952]LogPlayLevel: PIE: StaticDuplicateObject took: (0.032438s)
[2014.10.31-03.16.02:164][952]LogPlayLevel: PIE: World Init took: (0.000909s)
[2014.10.31-03.16.02:165][952]LogPlayLevel: PIE: Created PIE world by copying editor world from /Game/Maps/Example_Map.Example_Map to /Game/Maps/UEDPIE_0_Example_Map.Example_Map (0.034597s)
[2014.10.31-03.16.02:193][952]LogWorld: Game class is 'MyGame_C'
[2014.10.31-03.16.02:195][952]LogAIModule: Creating AISystem for world Example_Map
[2014.10.31-03.16.02:197][952]LogWorld: Bringing World /Game/Maps/UEDPIE_0_Example_Map.Example_Map up for play (max tick rate 0) at 2014.10.30-23.16.02
[2014.10.31-03.16.02:197][952]LogWorld: Bringing up level for play took: 0.001507
[2014.10.31-03.16.02:199][952]PIE: Info Play in editor start time for /Game/Maps/UEDPIE_0_Example_Map -0.189
[2014.10.31-03.16.05:100][278]LogParticles: Destroying 0 GPU particle simulations for FXSystem 0x000000001EB211C0
[2014.10.31-03.16.06:003][382]BlueprintLog: New page: Pre-PIE auto-recompile
[2014.10.31-03.16.06:004][382]LogPlayLevel: [PIE] Compiling Example_Map before PIE...
[2014.10.31-03.16.06:056][382]LogPlayLevel: PIE:  Blueprint regeneration took 53 ms (1 blueprints)
[2014.10.31-03.16.06:057][382]PIE: New page: PIE session: Example_Map (Oct 30, 2014, 7:16:06 PM)
[2014.10.31-03.16.06:090][382]LogPlayLevel: PIE: StaticDuplicateObject took: (0.032223s)
[2014.10.31-03.16.06:091][382]LogPlayLevel: PIE: World Init took: (0.001048s)
[2014.10.31-03.16.06:092][382]LogPlayLevel: PIE: Created PIE world by copying editor world from /Game/Maps/Example_Map.Example_Map to /Game/Maps/UEDPIE_0_Example_Map.Example_Map (0.034696s)
[2014.10.31-03.16.06:125][382]LogWorld: Game class is 'MyGame_C'
[2014.10.31-03.16.06:127][382]LogAIModule: Creating AISystem for world Example_Map
[2014.10.31-03.16.06:128][382]LogWorld: Bringing World /Game/Maps/UEDPIE_0_Example_Map.Example_Map up for play (max tick rate 0) at 2014.10.30-23.16.06
[2014.10.31-03.16.06:129][382]LogWorld: Bringing up level for play took: 0.001393
[2014.10.31-03.16.06:131][382]PIE: Info Play in editor start time for /Game/Maps/UEDPIE_0_Example_Map -0.258
[2014.10.31-03.16.10:224][835]LogParticles: Destroying 0 GPU particle simulations for FXSystem 0x000000001835F560
[2014.10.31-03.16.13:574][202]BlueprintLog: New page: Pre-PIE auto-recompile
[2014.10.31-03.16.13:575][202]LogPlayLevel: [PIE] Compiling Example_Map before PIE...
[2014.10.31-03.16.13:627][202]LogPlayLevel: PIE:  Blueprint regeneration took 53 ms (1 blueprints)
[2014.10.31-03.16.13:628][202]PIE: New page: PIE session: Example_Map (Oct 30, 2014, 7:16:13 PM)
[2014.10.31-03.16.13:662][202]LogPlayLevel: PIE: StaticDuplicateObject took: (0.033770s)
[2014.10.31-03.16.13:664][202]LogPlayLevel: PIE: World Init took: (0.001380s)
[2014.10.31-03.16.13:665][202]LogPlayLevel: PIE: Created PIE world by copying editor world from /Game/Maps/Example_Map.Example_Map to /Game/Maps/UEDPIE_0_Example_Map.Example_Map (0.036531s)
[2014.10.31-03.16.13:692][202]LogWorld: Game class is 'MyGame_C'
[2014.10.31-03.16.13:694][202]LogAIModule: Creating AISystem for world Example_Map
[2014.10.31-03.16.13:696][202]LogWorld: Bringing World /Game/Maps/UEDPIE_0_Example_Map.Example_Map up for play (max tick rate 0) at 2014.10.30-23.16.13
[2014.10.31-03.16.13:696][202]LogWorld: Bringing up level for play took: 0.001462
[2014.10.31-03.16.13:698][202]PIE: Info Play in editor start time for /Game/Maps/UEDPIE_0_Example_Map -0.691
[2014.10.31-03.16.16:836][550]LogBlueprintUserMessages: Health Pot
[2014.10.31-03.16.18:564][741]LogParticles: Destroying 0 GPU particle simulations for FXSystem 0x00000000184A3B00
[2014.10.31-03.16.21:351][ 58]LogContentBrowser:Verbose: The content browser source was changed by the sources view to '/Game/UMG'
[2014.10.31-03.16.38:253][293]LogWindowsTextInputMethodSystem:Error: Deactivating a context failed while setting focus to the disabled TSF document manager.
[2014.10.31-03.16.46:360][850]LogWindowsTextInputMethodSystem:Error: Deactivating a context failed while setting focus to the disabled TSF document manager.
[2014.10.31-03.16.50:474][116]BlueprintLog: New page: Compile InventoryHUD
[2014.10.31-03.16.50:524][116]LogActorComponent: UnregisterComponent: (/Engine/Transient.CharacterMovementComponent_4) Not registered. Aborting.
[2014.10.31-03.16.50:562][116]BlueprintEditorCompileResults: Info [0569.84] Compile of InventoryHUD successful! [in 3 ms]
[2014.10.31-03.16.51:293][163]Cmd: OBJ SAVEPACKAGE PACKAGE="/Game/UMG/InventoryHUD" FILE="../../../../../../Users/Chris/Desktop/MyProject/Content/UMG/InventoryHUD.uasset" SILENT=true
[2014.10.31-03.16.51:369][163]LogSavePackage: Save=12.593004ms
[2014.10.31-03.16.51:370][163]LogSavePackage: Moving '../../../../../../Users/Chris/Desktop/MyProject/Saved/InventoryHUD99307BFC42F063B7FB4E2EB6DDB60FAF.tmp' to '../../../../../../Users/Chris/Desktop/MyProject/Content/UMG/InventoryHUD.uasset'
[2014.10.31-03.17.04:896][648]LogContentBrowser:Verbose: The content browser source was changed by the sources view to '/Game/UMG'
[2014.10.31-03.17.12:294][533]LogWindowsTextInputMethodSystem:Error: Deactivating a context failed while setting focus to the disabled TSF document manager.
[2014.10.31-03.17.42:416][580]LogWindowsTextInputMethodSystem:Error: Deactivating a context failed while setting focus to the disabled TSF document manager.
[2014.10.31-03.17.42:513][580]LogMetaData: Removing '/Game/UMG/ItemListText.SKEL_ItemListText_C' ref from Metadata '/Game/UMG/NewWidgetBlueprint.PackageMetaData'
[2014.10.31-03.17.42:513][580]LogMetaData: Removing '/Game/UMG/ItemListText.ItemListText_C' ref from Metadata '/Game/UMG/NewWidgetBlueprint.PackageMetaData'
[2014.10.31-03.17.42:547][580]Cmd: OBJ SAVEPACKAGE PACKAGE="/Game/UMG/ItemListText" FILE="../../../../../../Users/Chris/Desktop/MyProject/Content/UMG/ItemListText.uasset" SILENT=true
[2014.10.31-03.17.42:559][580]LogSavePackage: Save=8.264131ms
[2014.10.31-03.17.42:559][580]LogSavePackage: Moving '../../../../../../Users/Chris/Desktop/MyProject/Saved/ItemListText9766AF5241519638D9E2E8AC756FB41A.tmp' to '../../../../../../Users/Chris/Desktop/MyProject/Content/UMG/ItemListText.uasset'
[2014.10.31-03.18.03:673][583]LogWindowsTextInputMethodSystem:Error: Deactivating a context failed while setting focus to the disabled TSF document manager.
[2014.10.31-03.18.14:201][  2]LogFileHelpers: Editor autosave (incl. sublevels) for '/Game/Maps/Example_Map' took 0.019
[2014.10.31-03.18.14:205][  2]Cmd: OBJ SAVEPACKAGE PACKAGE="/Game/UMG/NewWidgetBlueprint" FILE="../../../../../../Users/Chris/Desktop/MyProject/Saved/Autosaves/Game/UMG/NewWidgetBlueprint_Auto1.uasset" SILENT=false AUTOSAVING=true
[2014.10.31-03.18.14:258][  2]LogSavePackage: Save=5.257071ms
[2014.10.31-03.18.14:259][  2]LogSavePackage: Moving '../../../../../../Users/Chris/Desktop/MyProject/Saved/NewWidgetBlueprint_Auto11DC8F60D489427DB8E0A9894327D3B83.tmp' to '../../../../../../Users/Chris/Desktop/MyProject/Saved/Autosaves/Game/UMG/NewWidgetBlueprint_Auto1.uasset'
[2014.10.31-03.18.14:278][  2]OBJ SavePackage: Generating thumbnails for [0] asset(s) in package [/Game/UMG/ItemListText] ([1] browsable assets)...
[2014.10.31-03.18.14:307][  2]OBJ SavePackage: Finished generating thumbnails for package [/Game/UMG/ItemListText]
[2014.10.31-03.18.14:312][  2]Cmd: OBJ SAVEPACKAGE PACKAGE="/Game/UMG/ItemListText" FILE="../../../../../../Users/Chris/Desktop/MyProject/Saved/Autosaves/Game/UMG/ItemListText_Auto1.uasset" SILENT=false AUTOSAVING=true
[2014.10.31-03.18.14:438][  2]LogSavePackage: Save=11.879123ms
[2014.10.31-03.18.14:439][  2]LogSavePackage: Moving '../../../../../../Users/Chris/Desktop/MyProject/Saved/ItemListText_Auto1B634FAFF4045C26B31C113A617434077.tmp' to '../../../../../../Users/Chris/Desktop/MyProject/Saved/Autosaves/Game/UMG/ItemListText_Auto1.uasset'
[2014.10.31-03.18.14:445][  2]LogFileHelpers: Auto-saving content packages took 0.243
[2014.10.31-03.18.17:819][276]LogSlate:Warning: GetFontFace failed to load or process 'Roboto-Regular'
[2014.10.31-03.18.17:820][276]LogSlate:Warning: GetFontFace failed to load or process 'Roboto-Regular'
[2014.10.31-03.18.17:820][276]LogSlate:Warning: GetFontFace failed to load or process 'Roboto-Regular'
[2014.10.31-03.18.17:821][276]LogSlate:Warning: GetFontFace failed to load or process 'Roboto-Regular'
[2014.10.31-03.18.17:821][276]LogSlate:Warning: GetFontFace failed to load or process 'Roboto-Regular'
[2014.10.31-03.18.19:743][449]LogWindowsTextInputMethodSystem:Error: Deactivating a context failed while setting focus to the disabled TSF document manager.
[2014.10.31-03.18.46:804][229]Cmd: OBJ SAVEPACKAGE PACKAGE="/Game/UMG/ItemListText" FILE="../../../../../../Users/Chris/Desktop/MyProject/Content/UMG/ItemListText.uasset" SILENT=true
[2014.10.31-03.18.46:879][229]LogSavePackage: Save=9.473052ms
[2014.10.31-03.18.46:880][229]LogSavePackage: Moving '../../../../../../Users/Chris/Desktop/MyProject/Saved/ItemListText9591CF5E4BF057700E2FB482879DCEE1.tmp' to '../../../../../../Users/Chris/Desktop/MyProject/Content/UMG/ItemListText.uasset'
[2014.10.31-03.18.48:003][342]BlueprintLog: New page: Compile ItemListText
[2014.10.31-03.18.48:077][342]BlueprintEditorCompileResults: Info [0687.36] Compile of ItemListText successful! [in 0 ms]
[2014.10.31-03.20.15:219][649]LogContentBrowser:Verbose: The content browser source was changed by the sources view to '/Game/Textures'
[2014.10.31-03.20.15:866][676]LogContentBrowser:Verbose: The content browser source was changed by the sources view to '/Game/Shapes'
[2014.10.31-03.20.16:534][718]LogContentBrowser:Verbose: The content browser source was changed by the sources view to '/Game/Props'
[2014.10.31-03.20.17:118][748]LogContentBrowser:Verbose: The content browser source was changed by the sources view to '/Game/MixamoAnimPack'
[2014.10.31-03.20.17:594][798]LogContentBrowser:Verbose: The content browser source was changed by the sources view to '/Game/Particles'
[2014.10.31-03.20.18:081][853]LogContentBrowser:Verbose: The content browser source was changed by the sources view to '/Game/MixamoAnimPack'
[2014.10.31-03.20.18:508][900]LogContentBrowser:Verbose: The content browser source was changed by the sources view to '/Game/Materials'
[2014.10.31-03.20.19:997][996]LogContentBrowser:Verbose: The content browser source was changed by the sources view to '/Game/Blueprints'
[2014.10.31-03.20.20:369][ 29]LogContentBrowser:Verbose: The content browser source was changed by the sources view to '/Game/Character'
[2014.10.31-03.20.22:578][242]LogContentBrowser:Verbose: The content browser source was changed by the sources view to '/Game/Blueprints'
[2014.10.31-03.25.36:725][573]LogActorComponent: UnregisterComponent: (/Engine/Transient.CharacterMovementComponent_5) Not registered. Aborting.
[2014.10.31-03.25.38:383][697]LogWindowsTextInputMethodSystem:Error: Deactivating a context failed while setting focus to the disabled TSF document manager.
[2014.10.31-03.26.16:983][750]LogActorComponent: UnregisterComponent: (/Engine/Transient.CharacterMovementComponent_6) Not registered. Aborting.
[2014.10.31-03.26.16:998][750]LogWindowsTextInputMethodSystem:Error: Deactivating a context failed while setting focus to the disabled TSF document manager.
[2014.10.31-03.26.28:124][563]BlueprintLog: New page: Compile MyCharacter
[2014.10.31-03.26.28:257][563]LogActorComponent: UnregisterComponent: (/Engine/Transient.CharacterMovementComponent_7) Not registered. Aborting.
[2014.10.31-03.26.28:385][563]BlueprintEditorCompileResults: Info [1147.56] Compile of MyCharacter successful! [in 59 ms]
[2014.10.31-03.26.29:698][635]Cmd: OBJ SAVEPACKAGE PACKAGE="/Game/Blueprints/MyCharacter" FILE="../../../../../../Users/Chris/Desktop/MyProject/Content/Blueprints/MyCharacter.uasset" SILENT=true
[2014.10.31-03.26.30:112][635]LogSavePackage: Save=345.769287ms
[2014.10.31-03.26.30:113][635]LogSavePackage: Moving '../../../../../../Users/Chris/Desktop/MyProject/Saved/MyCharacter2662340844F5053829658B86B7C0F191.tmp' to '../../../../../../Users/Chris/Desktop/MyProject/Content/Blueprints/MyCharacter.uasset'
[2014.10.31-03.26.36:632][ 39]LogSlate:Warning: GetFontFace failed to load or process 'Roboto-Regular'
[2014.10.31-03.26.36:633][ 39]LogSlate:Warning: GetFontFace failed to load or process 'Roboto-Regular'
[2014.10.31-03.26.36:634][ 39]LogSlate:Warning: GetFontFace failed to load or process 'Roboto-Regular'
[2014.10.31-03.26.42:387][315]LogWindowsTextInputMethodSystem:Error: Deactivating a context failed while setting focus to the disabled TSF document manager.
[2014.10.31-03.27.08:968][ 92]LogWindowsTextInputMethodSystem:Error: Deactivating a context failed while setting focus to the disabled TSF document manager.
[2014.10.31-03.27.09:047][ 92]LogActorComponent: UnregisterComponent: (/Engine/Transient.CharacterMovementComponent_8) Not registered. Aborting.
[2014.10.31-03.27.46:609][480]LogWindowsTextInputMethodSystem:Error: Deactivating a context failed while setting focus to the disabled TSF document manager.
[2014.10.31-03.27.49:649][687]LogWindowsTextInputMethodSystem:Error: Deactivating a context failed while setting focus to the disabled TSF document manager.
[2014.10.31-03.28.14:822][348]LogWindowsTextInputMethodSystem:Error: Deactivating a context failed while setting focus to the disabled TSF document manager.
[2014.10.31-03.28.24:326][375]LogActorComponent: UnregisterComponent: (/Engine/Transient.CharacterMovementComponent_9) Not registered. Aborting.
[2014.10.31-03.28.24:352][375]LogFileHelpers: Editor autosave (incl. sublevels) for '/Game/Maps/Example_Map' took 0.026
[2014.10.31-03.28.24:365][375]OBJ SavePackage: Generating thumbnails for [1] asset(s) in package [/Game/Blueprints/MyCharacter] ([1] browsable assets)...
[2014.10.31-03.28.24:397][375]OBJ SavePackage:     Rendered thumbnail for [Blueprint /Game/Blueprints/MyCharacter.MyCharacter]
[2014.10.31-03.28.24:397][375]OBJ SavePackage: Finished generating thumbnails for package [/Game/Blueprints/MyCharacter]
[2014.10.31-03.28.24:401][375]Cmd: OBJ SAVEPACKAGE PACKAGE="/Game/Blueprints/MyCharacter" FILE="../../../../../../Users/Chris/Desktop/MyProject/Saved/Autosaves/Game/Blueprints/MyCharacter_Auto2.uasset" SILENT=false AUTOSAVING=true
[2014.10.31-03.28.24:822][375]LogSavePackage: Save=345.783447ms
[2014.10.31-03.28.24:822][375]LogSavePackage: Moving '../../../../../../Users/Chris/Desktop/MyProject/Saved/MyCharacter_Auto2BC1582C844E8D0D9A5D119ACD2457414.tmp' to '../../../../../../Users/Chris/Desktop/MyProject/Saved/Autosaves/Game/Blueprints/MyCharacter_Auto2.uasset'
[2014.10.31-03.28.24:864][375]LogFileHelpers: Auto-saving content packages took 0.511
[2014.10.31-03.28.36:766][ 42]LogWindowsTextInputMethodSystem:Error: Deactivating a context failed while setting focus to the disabled TSF document manager.
[2014.10.31-03.28.45:725][651]LogWindowsTextInputMethodSystem:Error: Deactivating a context failed while setting focus to the disabled TSF document manager.
[2014.10.31-03.29.02:752][324]LogWindowsTextInputMethodSystem:Error: Deactivating a context failed while setting focus to the disabled TSF document manager.
[2014.10.31-03.29.13:204][ 98]LogActorComponent: UnregisterComponent: (/Engine/Transient.CharacterMovementComponent_10) Not registered. Aborting.
[2014.10.31-03.29.14:923][206]BlueprintLog: New page: Compile MyCharacter
[2014.10.31-03.29.15:049][206]LogActorComponent: UnregisterComponent: (/Engine/Transient.CharacterMovementComponent_11) Not registered. Aborting.
[2014.10.31-03.29.15:127][206]BlueprintEditorCompileResults: Info [1314.36] Compile of MyCharacter successful! [in 60 ms]
[2014.10.31-03.29.15:784][237]Cmd: OBJ SAVEPACKAGE PACKAGE="/Game/Blueprints/MyCharacter" FILE="../../../../../../Users/Chris/Desktop/MyProject/Content/Blueprints/MyCharacter.uasset" SILENT=true
[2014.10.31-03.29.16:192][237]LogSavePackage: Save=342.719940ms
[2014.10.31-03.29.16:192][237]LogSavePackage: Moving '../../../../../../Users/Chris/Desktop/MyProject/Saved/MyCharacterF8CDF084437B9EADB1C60CBEAA67F6A8.tmp' to '../../../../../../Users/Chris/Desktop/MyProject/Content/Blueprints/MyCharacter.uasset'
[2014.10.31-03.29.18:326][420]BlueprintLog: New page: Pre-PIE auto-recompile
[2014.10.31-03.29.18:327][420]LogPlayLevel: [PIE] Compiling Example_Map before PIE...
[2014.10.31-03.29.18:370][420]LogActorComponent: UnregisterComponent: (/Engine/Transient.CharacterMovementComponent_12) Not registered. Aborting.
[2014.10.31-03.29.18:390][420]LogParticles: Destroying 0 GPU particle simulations for FXSystem 0x00000000249AC900
[2014.10.31-03.29.18:394][420]LogPlayLevel: PIE:  Blueprint regeneration took 67 ms (1 blueprints)
[2014.10.31-03.29.18:395][420]PIE: New page: PIE session: Example_Map (Oct 30, 2014, 7:29:18 PM)
[2014.10.31-03.29.18:427][420]LogPlayLevel: PIE: StaticDuplicateObject took: (0.031214s)
[2014.10.31-03.29.18:428][420]LogPlayLevel: PIE: World Init took: (0.000774s)
[2014.10.31-03.29.18:429][420]LogPlayLevel: PIE: Created PIE world by copying editor world from /Game/Maps/Example_Map.Example_Map to /Game/Maps/UEDPIE_0_Example_Map.Example_Map (0.033686s)
[2014.10.31-03.29.18:464][420]LogWorld: Game class is 'MyGame_C'
[2014.10.31-03.29.18:466][420]LogAIModule: Creating AISystem for world Example_Map
[2014.10.31-03.29.18:467][420]LogWorld: Bringing World /Game/Maps/UEDPIE_0_Example_Map.Example_Map up for play (max tick rate 0) at 2014.10.30-23.29.18
[2014.10.31-03.29.18:468][420]LogWorld: Bringing up level for play took: 0.001462
[2014.10.31-03.29.18:470][420]PIE: Info Play in editor start time for /Game/Maps/UEDPIE_0_Example_Map 0.061
[2014.10.31-03.29.22:487][810]LogParticles: Destroying 0 GPU particle simulations for FXSystem 0x000000002F657560
[2014.10.31-03.29.26:838][ 32]Cmd: OBJ SAVEPACKAGE PACKAGE="/Game/UMG/NewWidgetBlueprint" FILE="../../../../../../Users/Chris/Desktop/MyProject/Content/UMG/NewWidgetBlueprint.uasset" SILENT=true
[2014.10.31-03.29.26:844][ 32]LogSavePackage: Save=3.181832ms
[2014.10.31-03.29.26:845][ 32]LogSavePackage: Moving '../../../../../../Users/Chris/Desktop/MyProject/Saved/NewWidgetBlueprint4D8207C743856B3E741361BCE763F683.tmp' to '../../../../../../Users/Chris/Desktop/MyProject/Content/UMG/NewWidgetBlueprint.uasset'
[2014.10.31-03.29.27:887][ 33]Cmd: QUIT_EDITOR
[2014.10.31-03.29.28:516][ 33]LogExit: Preparing to exit.
[2014.10.31-03.29.29:556][ 33]LogExit: Editor shut down
[2014.10.31-03.29.29:557][ 33]LogExit: Transaction tracking system shut down
[2014.10.31-03.29.29:558][ 33]LogParticles: Destroying 0 GPU particle simulations for FXSystem 0x000000000B431F80
[2014.10.31-03.29.29:559][ 33]LogParticles: Destroying 0 GPU particle simulations for FXSystem 0x000000001EA7BF60
[2014.10.31-03.29.29:559][ 33]LogParticles: Destroying 0 GPU particle simulations for FXSystem 0x000000000B7FCE00
[2014.10.31-03.29.29:560][ 33]LogParticles: Destroying 0 GPU particle simulations for FXSystem 0x000000000CEA4220
[2014.10.31-03.29.29:560][ 33]LogParticles: Destroying 0 GPU particle simulations for FXSystem 0x00000000183AD300
[2014.10.31-03.29.29:560][ 33]LogParticles: Destroying 0 GPU particle simulations for FXSystem 0x00000000183AC0E0
[2014.10.31-03.29.29:561][ 33]LogParticles: Destroying 0 GPU particle simulations for FXSystem 0x00000000183AF560
[2014.10.31-03.29.29:561][ 33]LogParticles: Destroying 0 GPU particle simulations for FXSystem 0x00000000183AEE80
[2014.10.31-03.29.29:561][ 33]LogParticles: Destroying 0 GPU particle simulations for FXSystem 0x00000000184A18A0
[2014.10.31-03.29.29:585][ 33]LogParticles: Destroying 0 GPU particle simulations for FXSystem 0x000000000B869440
[2014.10.31-03.29.29:586][ 33]LogExit: Object subsystem successfully closed.
[2014.10.31-03.29.29:662][ 33]LogModuleManager: Shutting down and abandoning module SequencerWidgets (168)
[2014.10.31-03.29.29:663][ 33]LogModuleManager: Shutting down and abandoning module AndroidDeviceDetection (167)
[2014.10.31-03.29.29:663][ 33]LogModuleManager: Shutting down and abandoning module CrashTracker (166)
[2014.10.31-03.29.29:664][ 33]LogModuleManager: Shutting down and abandoning module SuperSearch (165)
[2014.10.31-03.29.29:664][ 33]LogModuleManager: Shutting down and abandoning module SceneOutliner (164)
[2014.10.31-03.29.29:664][ 33]LogModuleManager: Shutting down and abandoning module EditorWidgets (163)
[2014.10.31-03.29.29:664][ 33]LogModuleManager: Shutting down and abandoning module CollectionManager (162)
[2014.10.31-03.29.29:664][ 33]LogModuleManager: Shutting down and abandoning module StatsViewer (161)
[2014.10.31-03.29.29:665][ 33]LogModuleManager: Shutting down and abandoning module FoliageEdit (160)
[2014.10.31-03.29.29:665][ 33]LogModuleManager: Shutting down and abandoning module LandscapeEditor (159)
[2014.10.31-03.29.29:665][ 33]LogModuleManager: Shutting down and abandoning module MeshPaint (158)
[2014.10.31-03.29.29:665][ 33]LogModuleManager: Shutting down and abandoning module ActorPickerMode (157)
[2014.10.31-03.29.29:666][ 33]LogModuleManager: Shutting down and abandoning module GeometryMode (156)
[2014.10.31-03.29.29:666][ 33]LogModuleManager: Shutting down and abandoning module TextureAlignMode (155)
[2014.10.31-03.29.29:666][ 33]LogModuleManager: Shutting down and abandoning module BspMode (154)
[2014.10.31-03.29.29:666][ 33]LogModuleManager: Shutting down and abandoning module PlacementMode (153)
[2014.10.31-03.29.29:666][ 33]LogModuleManager: Shutting down and abandoning module AutomationWorker (152)
[2014.10.31-03.29.29:667][ 33]LogModuleManager: Shutting down and abandoning module CharacterAI (151)
[2014.10.31-03.29.29:667][ 33]LogModuleManager: Shutting down and abandoning module GameProjectGeneration (150)
[2014.10.31-03.29.29:667][ 33]LogModuleManager: Shutting down and abandoning module IntroTutorials (149)
[2014.10.31-03.29.29:667][ 33]LogModuleManager: Shutting down and abandoning module EditorLiveStreaming (148)
[2014.10.31-03.29.29:667][ 33]LogModuleManager: Shutting down and abandoning module HardwareTargeting (147)
[2014.10.31-03.29.29:668][ 33]LogModuleManager: Shutting down and abandoning module BehaviorTreeEditor (146)
[2014.10.31-03.29.29:668][ 33]LogModuleManager: Shutting down and abandoning module DeviceProfileEditor (145)
[2014.10.31-03.29.29:668][ 33]LogModuleManager: Shutting down and abandoning module UndoHistory (144)
[2014.10.31-03.29.29:668][ 33]LogModuleManager: Shutting down and abandoning module GameplayTagsEditor (143)
[2014.10.31-03.29.29:668][ 33]LogModuleManager: Shutting down and abandoning module UserFeedback (142)
[2014.10.31-03.29.29:669][ 33]LogModuleManager: Shutting down and abandoning module XmlParser (141)
[2014.10.31-03.29.29:669][ 33]LogModuleManager: Shutting down and abandoning module Blutility (140)
[2014.10.31-03.29.29:669][ 33]LogModuleManager: Shutting down and abandoning module IOSPlatformEditor (139)
[2014.10.31-03.29.29:669][ 33]LogModuleManager: Shutting down and abandoning module IOSRuntimeSettings (138)
[2014.10.31-03.29.29:669][ 33]LogModuleManager: Shutting down and abandoning module AndroidPlatformEditor (137)
[2014.10.31-03.29.29:670][ 33]LogModuleManager: Shutting down and abandoning module AndroidRuntimeSettings (136)
[2014.10.31-03.29.29:670][ 33]LogModuleManager: Shutting down and abandoning module ProjectTargetPlatformEditor (135)
[2014.10.31-03.29.29:670][ 33]LogModuleManager: Shutting down and abandoning module ProjectSettingsViewer (134)
[2014.10.31-03.29.29:670][ 33]LogModuleManager: Shutting down and abandoning module InputBindingEditor (133)
[2014.10.31-03.29.29:671][ 33]LogModuleManager: Shutting down and abandoning module EditorSettingsViewer (132)
[2014.10.31-03.29.29:671][ 33]LogModuleManager: Shutting down and abandoning module SettingsEditor (131)
[2014.10.31-03.29.29:671][ 33]LogModuleManager: Shutting down and abandoning module ProjectLauncher (130)
[2014.10.31-03.29.29:671][ 33]LogModuleManager: Shutting down and abandoning module SessionFrontend (129)
[2014.10.31-03.29.29:671][ 33]LogModuleManager: Shutting down and abandoning module ProfilerClient (128)
[2014.10.31-03.29.29:672][ 33]LogModuleManager: Shutting down and abandoning module TargetDeviceServices (127)
[2014.10.31-03.29.29:672][ 33]LogModuleManager: Shutting down and abandoning module DeviceManager (126)
[2014.10.31-03.29.29:672][ 33]LogModuleManager: Shutting down and abandoning module AutomationController (125)
[2014.10.31-03.29.29:672][ 33]LogModuleManager: Shutting down and abandoning module AutomationWindow (124)
[2014.10.31-03.29.29:673][ 33]LogModuleManager: Shutting down and abandoning module Layers (123)
[2014.10.31-03.29.29:673][ 33]LogModuleManager: Shutting down and abandoning module ComponentVisualizers (122)
[2014.10.31-03.29.29:673][ 33]LogModuleManager: Shutting down and abandoning module DetailCustomizations (121)
[2014.10.31-03.29.29:673][ 33]LogModuleManager: Shutting down and abandoning module PackagesDialog (120)
[2014.10.31-03.29.29:673][ 33]LogModuleManager: Shutting down and abandoning module AssetRegistry (119)
[2014.10.31-03.29.29:755][ 33]LogModuleManager: Shutting down and abandoning module Persona (118)
[2014.10.31-03.29.29:756][ 33]LogModuleManager: Shutting down and abandoning module Kismet (117)
[2014.10.31-03.29.29:756][ 33]LogModuleManager: Shutting down and abandoning module GraphEditor (116)
[2014.10.31-03.29.29:756][ 33]LogModuleManager: Shutting down and abandoning module ClassViewer (115)
[2014.10.31-03.29.29:757][ 33]LogModuleManager: Shutting down and abandoning module Toolbox (114)
[2014.10.31-03.29.29:757][ 33]LogModuleManager: Shutting down and abandoning module ModuleUI (113)
[2014.10.31-03.29.29:757][ 33]LogModuleManager: Shutting down and abandoning module MovieSceneTools (112)
[2014.10.31-03.29.29:757][ 33]LogModuleManager: Shutting down and abandoning module OutputLog (111)
[2014.10.31-03.29.29:758][ 33]LogModuleManager: Shutting down and abandoning module GammaUI (110)
[2014.10.31-03.29.29:758][ 33]LogModuleManager: Shutting down and abandoning module Documentation (109)
[2014.10.31-03.29.29:758][ 33]LogModuleManager: Shutting down and abandoning module GameLiveStreaming (108)
[2014.10.31-03.29.29:758][ 33]LogModuleManager: Shutting down and abandoning module StreamingPauseRendering (107)
[2014.10.31-03.29.29:759][ 33]LogModuleManager: Shutting down and abandoning module HTTP (106)
[2014.10.31-03.29.29:759][ 33]LogModuleManager: Shutting down and abandoning module AnalyticsET (105)
[2014.10.31-03.29.29:759][ 33]LogModuleManager: Shutting down and abandoning module Analytics (104)
[2014.10.31-03.29.29:759][ 33]LogModuleManager: Shutting down and abandoning module GameplayDebugger (103)
[2014.10.31-03.29.29:759][ 33]LogModuleManager: Shutting down and abandoning module AIModule (102)
[2014.10.31-03.29.29:760][ 33]LogModuleManager: Shutting down and abandoning module ProfilerService (101)
[2014.10.31-03.29.29:911][ 33]LogModuleManager: Shutting down and abandoning module TaskGraph (100)
[2014.10.31-03.29.29:911][ 33]LogModuleManager: Shutting down and abandoning module SlateRemote (99)
[2014.10.31-03.29.29:912][ 33]LogModuleManager: Shutting down and abandoning module ScriptEditorPlugin (98)
[2014.10.31-03.29.29:913][ 33]LogModuleManager: Shutting down and abandoning module CustomMeshComponent (97)
[2014.10.31-03.29.29:913][ 33]LogModuleManager: Shutting down and abandoning module CableComponent (96)
[2014.10.31-03.29.29:914][ 33]LogModuleManager: Shutting down and abandoning module MessagingDebugger (95)
[2014.10.31-03.29.29:914][ 33]LogModuleManager: Shutting down and abandoning module MediaPlayerEditor (94)
[2014.10.31-03.29.29:915][ 33]LogModuleManager: Shutting down and abandoning module SpeedTreeImporter (93)
[2014.10.31-03.29.29:915][ 33]LogModuleManager: Shutting down and abandoning module PluginsEditor (92)
[2014.10.31-03.29.29:916][ 33]LogModuleManager: Shutting down and abandoning module EpicSurvey (91)
[2014.10.31-03.29.29:916][ 33]LogModuleManager: Shutting down and abandoning module DesktopPlatform (90)
[2014.10.31-03.29.29:917][ 33]LogModuleManager: Shutting down and abandoning module VisualStudioSourceCodeAccess (89)
[2014.10.31-03.29.29:917][ 33]LogModuleManager: Shutting down and abandoning module UObjectPlugin (88)
[2014.10.31-03.29.29:917][ 33]LogModuleManager: Shutting down and abandoning module SubversionSourceControl (87)
[2014.10.31-03.29.29:918][ 33]LogModuleManager: Shutting down and abandoning module SourceControl (86)
[2014.10.31-03.29.29:918][ 33]LogModuleManager: Shutting down and abandoning module PerforceSourceControl (85)
[2014.10.31-03.29.29:919][ 33]LogModuleManager: Shutting down and abandoning module BlankPlugin (84)
[2014.10.31-03.29.29:919][ 33]LogModuleManager: Shutting down and abandoning module SlateReflector (83)
[2014.10.31-03.29.29:920][ 33]LogModuleManager: Shutting down and abandoning module DirectoryWatcher (82)
[2014.10.31-03.29.29:921][ 33]LogModuleManager: Shutting down and abandoning module HotReload (81)
[2014.10.31-03.29.29:921][ 33]LogModuleManager: Shutting down and abandoning module MainFrame (80)
[2014.10.31-03.29.29:922][ 33]LogModuleManager: Shutting down and abandoning module LevelEditor (79)
[2014.10.31-03.29.29:924][ 33]LogModuleManager: Shutting down and abandoning module ViewportSnapping (78)
[2014.10.31-03.29.29:924][ 33]LogModuleManager: Shutting down and abandoning module SmartSnapping (77)
[2014.10.31-03.29.29:924][ 33]LogModuleManager: Shutting down and abandoning module PaperTiledImporter (76)
[2014.10.31-03.29.29:925][ 33]LogModuleManager: Shutting down and abandoning module PaperJsonImporter (75)
[2014.10.31-03.29.29:925][ 33]LogModuleManager: Shutting down and abandoning module ContentBrowser (74)
[2014.10.31-03.29.29:926][ 33]LogModuleManager: Shutting down and abandoning module PropertyEditor (73)
[2014.10.31-03.29.29:926][ 33]LogModuleManager: Shutting down and abandoning module Paper2DEditor (72)
[2014.10.31-03.29.29:927][ 33]LogModuleManager: Shutting down and abandoning module MyProject (71)
[2014.10.31-03.29.29:927][ 33]LogModuleManager: Shutting down and abandoning module ScriptPlugin (70)
[2014.10.31-03.29.29:928][ 33]LogModuleManager: Shutting down and abandoning module UdpMessaging (69)
[2014.10.31-03.29.30:028][ 33]LogModuleManager: Shutting down and abandoning module Paper2D (68)
[2014.10.31-03.29.30:029][ 33]LogModuleManager: Shutting down and abandoning module WindowsMoviePlayer (67)
[2014.10.31-03.29.30:034][ 33]LogModuleManager: Shutting down and abandoning module Media (66)
[2014.10.31-03.29.30:035][ 33]LogModuleManager: Shutting down and abandoning module WmfMedia (65)
[2014.10.31-03.29.30:036][ 33]LogModuleManager: Shutting down and abandoning module OnlineBlueprintSupport (64)
[2014.10.31-03.29.30:038][ 33]LogModuleManager: Shutting down and abandoning module FunctionalTesting (63)
[2014.10.31-03.29.30:038][ 33]LogModuleManager: Shutting down and abandoning module CollisionAnalyzer (62)
[2014.10.31-03.29.30:039][ 33]LogModuleManager: Shutting down and abandoning module WorkspaceMenuStructure (61)
[2014.10.31-03.29.30:040][ 33]LogModuleManager: Shutting down and abandoning module MessageLog (60)
[2014.10.31-03.29.30:040][ 33]LogModuleManager: Shutting down and abandoning module Sequencer (59)
[2014.10.31-03.29.30:041][ 33]LogModuleManager: Shutting down and abandoning module AssetTools (58)
[2014.10.31-03.29.30:041][ 33]LogModuleManager: Shutting down and abandoning module UMGEditor (57)
[2014.10.31-03.29.30:041][ 33]LogModuleManager: Shutting down and abandoning module UMG (56)
[2014.10.31-03.29.30:042][ 33]LogModuleManager: Shutting down and abandoning module Slate (55)
[2014.10.31-03.29.30:042][ 33]LogModuleManager: Shutting down and abandoning module EditorStyle (54)
[2014.10.31-03.29.30:046][ 33]LogModuleManager: Shutting down and abandoning module SessionServices (53)
[2014.10.31-03.29.30:047][ 33]LogModuleManager: Shutting down and abandoning module SourceCodeAccess (52)
[2014.10.31-03.29.30:047][ 33]LogModuleManager: Shutting down and abandoning module HeadMountedDisplay (51)
[2014.10.31-03.29.30:048][ 33]LogModuleManager: Shutting down and abandoning module XAudio2 (50)
[2014.10.31-03.29.30:048][ 33]LogModuleManager: Shutting down and abandoning module Networking (48)
[2014.10.31-03.29.30:049][ 33]LogModuleManager: Shutting down and abandoning module Core (47)
[2014.10.31-03.29.30:049][ 33]LogModuleManager: Shutting down and abandoning module KismetCompiler (46)
[2014.10.31-03.29.30:050][ 33]LogModuleManager: Shutting down and abandoning module PhysXFormats (45)
[2014.10.31-03.29.30:050][ 33]LogModuleManager: Shutting down and abandoning module MeshUtilities (44)
[2014.10.31-03.29.30:050][ 33]LogModuleManager: Shutting down and abandoning module DerivedDataCache (43)
[2014.10.31-03.29.30:150][ 33]LogDerivedDataCache: Shutdown
[2014.10.31-03.29.30:150][ 33]LogModuleManager: Shutting down and abandoning module ShaderFormatOpenGL (42)
[2014.10.31-03.29.30:151][ 33]LogModuleManager: Shutting down and abandoning module ShaderFormatD3D (41)
[2014.10.31-03.29.30:151][ 33]LogModuleManager: Shutting down and abandoning module MetalShaderFormat (40)
[2014.10.31-03.29.30:152][ 33]LogModuleManager: Shutting down and abandoning module TextureFormatUncompressed (39)
[2014.10.31-03.29.30:153][ 33]LogModuleManager: Shutting down and abandoning module TextureFormatPVR (38)
[2014.10.31-03.29.30:154][ 33]LogModuleManager: Shutting down and abandoning module TextureFormatDXT (37)
[2014.10.31-03.29.30:154][ 33]LogModuleManager: Shutting down and abandoning module TextureFormatAndroid (36)
[2014.10.31-03.29.30:155][ 33]LogModuleManager: Shutting down and abandoning module AudioFormatOpus (35)
[2014.10.31-03.29.30:155][ 33]LogModuleManager: Shutting down and abandoning module AudioFormatOgg (34)
[2014.10.31-03.29.30:155][ 33]LogModuleManager: Shutting down and abandoning module AudioFormatADPCM (33)
[2014.10.31-03.29.30:156][ 33]LogModuleManager: Shutting down and abandoning module Messaging (32)
[2014.10.31-03.29.30:156][ 33]LogModuleManager: Shutting down and abandoning module IOSTargetPlatform (31)
[2014.10.31-03.29.30:157][ 33]LogModuleManager: Shutting down and abandoning module Android_PVRTCTargetPlatform (30)
[2014.10.31-03.29.30:157][ 33]LogModuleManager: Shutting down and abandoning module Android_ETC2TargetPlatform (29)
[2014.10.31-03.29.30:158][ 33]LogModuleManager: Shutting down and abandoning module Android_ETC1TargetPlatform (28)
[2014.10.31-03.29.30:158][ 33]LogModuleManager: Shutting down and abandoning module Android_DXTTargetPlatform (27)
[2014.10.31-03.29.30:159][ 33]LogModuleManager: Shutting down and abandoning module Android_ATCTargetPlatform (26)
[2014.10.31-03.29.30:159][ 33]LogModuleManager: Shutting down and abandoning module AndroidTargetPlatform (25)
[2014.10.31-03.29.30:159][ 33]LogModuleManager: Shutting down and abandoning module WindowsTargetPlatform (24)
[2014.10.31-03.29.30:160][ 33]LogModuleManager: Shutting down and abandoning module WindowsServerTargetPlatform (23)
[2014.10.31-03.29.30:160][ 33]LogModuleManager: Shutting down and abandoning module WindowsNoEditorTargetPlatform (22)
[2014.10.31-03.29.30:161][ 33]LogModuleManager: Shutting down and abandoning module WindowsClientTargetPlatform (21)
[2014.10.31-03.29.30:161][ 33]LogModuleManager: Shutting down and abandoning module TargetPlatform (20)
[2014.10.31-03.29.30:161][ 33]LogModuleManager: Shutting down and abandoning module InputCore (19)
[2014.10.31-03.29.30:162][ 33]LogModuleManager: Shutting down and abandoning module Settings (18)
[2014.10.31-03.29.30:162][ 33]LogModuleManager: Shutting down and abandoning module ImageWrapper (17)
[2014.10.31-03.29.30:163][ 33]LogModuleManager: Shutting down and abandoning module OculusRift (14)
[2014.10.31-03.29.30:163][ 33]LogModuleManager: Shutting down and abandoning module ExampleDeviceProfileSelector (13)
[2014.10.31-03.29.30:164][ 33]LogModuleManager: Shutting down and abandoning module TextureCompressor (12)
[2014.10.31-03.29.30:164][ 33]LogModuleManager: Shutting down and abandoning module ShaderCore (11)
[2014.10.31-03.29.30:165][ 33]LogModuleManager: Shutting down and abandoning module SlateRHIRenderer (10)
[2014.10.31-03.29.30:168][ 33]LogModuleManager: Shutting down and abandoning module OpenGLDrv (9)
[2014.10.31-03.29.30:169][ 33]LogModuleManager: Shutting down and abandoning module D3D11RHI (8)
[2014.10.31-03.29.30:169][ 33]LogModuleManager: Shutting down and abandoning module Renderer (7)
[2014.10.31-03.29.30:170][ 33]LogModuleManager: Shutting down and abandoning module Engine (6)
[2014.10.31-03.29.30:171][ 33]LogModuleManager: Shutting down and abandoning module CoreUObject (5)
[2014.10.31-03.29.30:171][ 33]LogModuleManager: Shutting down and abandoning module NetworkFile (4)
[2014.10.31-03.29.30:172][ 33]LogModuleManager: Shutting down and abandoning module StreamingFile (3)
[2014.10.31-03.29.30:172][ 33]LogModuleManager: Shutting down and abandoning module SandboxFile (2)
[2014.10.31-03.29.30:173][ 33]LogModuleManager: Shutting down and abandoning module PakFile (1)
[2014.10.31-03.29.30:174][ 33]LogExit: Exiting.
[2014.10.31-03.29.30:181][ 33]Log file closed, 10/30/14 23:29:30
