Log file open, 10/26/14 15:50:18
LogInit:Display: Running engine for game: MyProject
LogInit: Version: 4.5.1-2336687+++depot+UE4-Releases+4.5
LogInit: API Version: 2326478
LogInit: Compiled (64-bit): Oct 21 2014 22:32:40
LogInit: Compiled with Visual C++: 18.00.21005.01
LogInit: Build Configuration: DebugGame
LogInit: Branch Name: ++depot+UE4-Releases+4.5
LogInit: Command line:  -debug
LogInit: Base directory: C:/Program Files/Unreal Engine/4.5/Engine/Binaries/Win64/
LogInit: Rocket: 1
[2014.10.26-19.50.18:421][  0]LogTaskGraph: Started task graph with 3 named threads and 4 total threads.
[2014.10.26-19.50.18:456][  0]LogOnline:Warning: No default platform service specified for OnlineSubsystem
[2014.10.26-19.50.18:493][  0]LogInit: Presizing for 0 objects not considered by GC, pre-allocating 0 bytes.
[2014.10.26-19.50.18:502][  0]LogInit: Object subsystem initialized
[2014.10.26-19.50.18:505][  0]LogConsoleResponse:Warning: Skipping Unknown console variable: 'UIScaleRule = ShortestSide'
[2014.10.26-19.50.18:505][  0]LogConsoleResponse:Warning:   Found in ini file 'C:/Users/Chris/Desktop/MyProject/Saved/Config/Windows/Engine.ini', in section '[/Script/Engine.RendererSettings]'
[2014.10.26-19.50.18:505][  0]LogConsoleResponse:Warning: Skipping Unknown console variable: 'UIScaleCurve = (EditorCurveData=(Keys=((Time=480,Value=0.444),(Time=720,Value=0.666),(Time=1080,Value=1.0),(Time=8640,Value=8.0))),ExternalCurve=None)'
[2014.10.26-19.50.18:506][  0]LogConsoleResponse:Warning:   Found in ini file 'C:/Users/Chris/Desktop/MyProject/Saved/Config/Windows/Engine.ini', in section '[/Script/Engine.RendererSettings]'
[2014.10.26-19.50.18:506][  0]LogInit: Selected Device Profile: [Windows]
[2014.10.26-19.50.18:506][  0]LogInit: Applying CVar settings loaded from the selected device profile: [Windows]
[2014.10.26-19.50.18:519][  0]LogInit: Computer: CHRIS-PC
[2014.10.26-19.50.18:520][  0]LogInit: User: Chris
[2014.10.26-19.50.18:521][  0]LogInit: CPU Page size=4096, Cores=4
[2014.10.26-19.50.18:522][  0]LogInit: High frequency timer resolution =3.312871 MHz
[2014.10.26-19.50.18:522][  0]LogMemory: Memory total: Physical=12.0GB (12GB approx) Virtual=8192.0GB
[2014.10.26-19.50.18:522][  0]LogMemory: Platform Memory Stats for Windows
[2014.10.26-19.50.18:523][  0]LogMemory: Process Physical Memory: 63.32 MB used, 63.32 MB peak
[2014.10.26-19.50.18:523][  0]LogMemory: Process Virtual Memory: 38.52 MB used, 38.52 MB peak
[2014.10.26-19.50.18:523][  0]LogMemory: Physical Memory: 5216.64 MB used, 12270.45 MB total
[2014.10.26-19.50.18:524][  0]LogMemory: Virtual Memory: 269.63 MB used, 8388608.00 MB total
[2014.10.26-19.50.19:023][  0]LogD3D11RHI: Found D3D11 adapter 0: NVIDIA GeForce GTX 760 (Feature Level 11_0)
[2014.10.26-19.50.19:024][  0]LogD3D11RHI: Adapter has 1990MB of dedicated video memory, 0MB of dedicated system memory, and 2048MB of shared system memory, 2 output[s]
[2014.10.26-19.50.19:024][  0]LogD3D11RHI: Chosen D3D11 Adapter Id = 0
[2014.10.26-19.50.19:029][  0]LogRHI: Texture pool is 1361 MB (70% of 1945 MB)
[2014.10.26-19.50.19:049][  0]LogD3D11RHI: Async texture creation enabled
[2014.10.26-19.50.19:124][  0]LogTextLocalizationManager: The requested culture ('en_US') has no localization data; parent culture's ('en') localization data will be used.
[2014.10.26-19.50.19:248][  0]LogContentStreaming: Texture pool size is 0.000000MB
[2014.10.26-19.50.26:196][  0]LogTargetPlatformManager:Display: Building Assets For Windows
[2014.10.26-19.50.26:691][  0]LogTargetPlatformManager:Display: Building Assets For Windows
[2014.10.26-19.50.26:767][  0]LogDerivedDataCache:Display: Max Cache Size: 512 MB
[2014.10.26-19.50.26:805][  0]LogDerivedDataCache: Loaded boot cache 0.04s 39MB C:/Users/Chris/AppData/Local/UnrealEngine/4.5/DerivedDataCache/Boot.ddc.
[2014.10.26-19.50.26:805][  0]LogDerivedDataCache:Display: Loaded Boot cache: C:/Users/Chris/AppData/Local/UnrealEngine/4.5/DerivedDataCache/Boot.ddc
[2014.10.26-19.50.26:806][  0]LogDerivedDataCache: FDerivedDataBackendGraph:  Pak pak cache file ../../../../../../Users/Chris/Desktop/MyProject/DerivedDataCache/DDC.ddp not found, will not use a pak cache.
[2014.10.26-19.50.26:806][  0]LogDerivedDataCache: Unable to find inner node Pak for hierarchical cache Hierarchy.
[2014.10.26-19.50.26:869][  0]LogDerivedDataCache:Display: Pak cache opened for reading ../../../Engine/DerivedDataCache/DDC.ddp.
[2014.10.26-19.50.26:882][  0]LogDerivedDataCache: Using Local data cache path C:/Users/Chris/AppData/Local/UnrealEngine/Common/DerivedDataCache: Writable
[2014.10.26-19.50.27:082][  0]LogMeshUtilities: No automatic mesh reduction module available
[2014.10.26-19.50.27:083][  0]LogMeshUtilities: No automatic mesh merging module available
[2014.10.26-19.50.27:331][  0]LogLinker:Warning: Asset '../../../Engine/Content/Functions/Engine_MaterialFunctions02/Texturing/FlipBook.uasset' has been saved with empty engine version. The asset will be loaded but may be incompatible.
[2014.10.26-19.50.27:335][  0]LogLinker:Warning: Asset '../../../Engine/Content/Functions/Engine_MaterialFunctions02/ExampleContent/Textures/flipbook.uasset' has been saved with empty engine version. The asset will be loaded but may be incompatible.
[2014.10.26-19.50.27:557][  0]LogInit: WinSock: version 1.1 (2.2), MaxSocks=32767, MaxUdp=65467
[2014.10.26-19.50.28:579][  0]UdpMessaging: Initializing bridge on interface 0.0.0.0:0 to multicast group 230.0.0.1:6666.
[2014.10.26-19.50.29:030][  0]SourceControl: Info Source control is disabled
[2014.10.26-19.50.29:031][  0]SourceControl: Info Source control is disabled
[2014.10.26-19.50.29:042][  0]SourceControl: Info Source control is disabled
[2014.10.26-19.50.29:250][  0]LogObj: 22990 objects as part of root set at end of initial load.
[2014.10.26-19.50.29:251][  0]LogUObjectAllocator: 4821864 out of 0 bytes used by permanent object pool.
[2014.10.26-19.50.29:321][  0]LogEngine: Initializing Engine...
[2014.10.26-19.50.29:458][  0]LogInit: XAudio2 using 'Speakers (Realtek High Definition Audio)' : 2 channels at 48 kHz using 32 bits per sample (channel mask 0x3)
[2014.10.26-19.50.29:496][  0]LogInit: FAudioDevice initialized.
[2014.10.26-19.50.29:528][  0]LogAIModule: Creating AISystem for world NewWorld
[2014.10.26-19.50.29:553][  0]LogDerivedDataCache: Saved boot cache 0.02s 39MB C:/Users/Chris/AppData/Local/UnrealEngine/4.5/DerivedDataCache/Boot.ddc.
[2014.10.26-19.50.29:559][  0]LogInit: Texture streaming: Enabled
[2014.10.26-19.50.29:631][  0]LogInit: Transaction tracking system initialized
[2014.10.26-19.50.29:814][  0]BlueprintLog: New page: Editor Load
[2014.10.26-19.50.29:863][  0]LogAssetRegistry: FAssetRegistry took 0.0100 seconds to start up
[2014.10.26-19.50.29:864][  0]LogDirectoryWatcher:Warning: Failed to begin reading directory changes for ../../../Engine/Plugins/Experimental/CharacterAI/Content/. Error: 0
[2014.10.26-19.50.30:410][  0]LogTargetPlatformManager:Display: Building Assets For Windows
[2014.10.26-19.50.30:771][  0]LogTargetPlatformManager:Display: Building Assets For Windows
[2014.10.26-19.50.31:081][  0]LogConsoleResponse:Display: 
[2014.10.26-19.50.31:349][  0]SourceControl: Info Source control is disabled
[2014.10.26-19.50.31:350][  0]Cmd: MAP LOAD FILE="../../../../../../Users/Chris/Desktop/MyProject/Content/Maps/Example_Map.umap" TEMPLATE=0 SHOWPROGRESS=1
[2014.10.26-19.50.31:351][  0]LightingResults: New page: Lighting Build
[2014.10.26-19.50.31:366][  0]MapCheck: New page: Map Check
[2014.10.26-19.50.31:366][  0]LightingResults: New page: Lighting Build
[2014.10.26-19.50.31:388][  0]LogParticles: Destroying 0 GPU particle simulations for FXSystem 0x0000000017072840
[2014.10.26-19.50.31:750][  0]LogEditorServer: Finished looking for orphan Actors (0.000 secs)
[2014.10.26-19.50.31:751][  0]LogAIModule: Creating AISystem for world Example_Map
[2014.10.26-19.50.31:752][  0]Cmd: MAP CHECKDEP
[2014.10.26-19.50.31:752][  0]MapCheck: New page: Example_Map - Oct 26, 2014, 11:50:31 AM
[2014.10.26-19.50.31:914][  0]MapCheck: Info Map check complete: 0 Error(s), 0 Warning(s), took 162.531ms to complete.
[2014.10.26-19.50.31:915][  0]LogFileHelpers: Loading map 'Example_Map' took 0.565
[2014.10.26-19.50.32:036][  0]LogCollectionManager: Loaded 0 collections in 0.001048 seconds
[2014.10.26-19.50.32:286][  0]LogCrashTracker: Crashtracker disabled due to settings.
[2014.10.26-19.50.32:392][  0]LogUObjectGlobals:Warning: Failed to find object 'Class None.'
[2014.10.26-19.50.32:443][  0]LogLoad: Full Startup: 16.96 seconds (BP compile: 0.15 seconds)
[2014.10.26-19.50.32:462][  0]LogContentBrowser:Verbose: The content browser source was changed by the sources view to '/Game/Blueprints'
[2014.10.26-19.50.32:610][  0]LogRenderer:Warning: Reallocating scene render targets to support 960x728.
[2014.10.26-19.50.32:922][  3]LogAssetRegistry: Asset discovery search completed in 3.0691 seconds
[2014.10.26-19.50.50:995][249]BlueprintLog: New page: Pre-PIE auto-recompile
[2014.10.26-19.50.50:996][249]LogPlayLevel: [PIE] Compiling Example_Map before PIE...
[2014.10.26-19.50.51:081][249]LogActorComponent: UnregisterComponent: (/Engine/Transient.CharacterMovementComponent_0) Not registered. Aborting.
[2014.10.26-19.50.51:114][249]LogPlayLevel: PIE:  Blueprint regeneration took 118 ms (1 blueprints)
[2014.10.26-19.50.51:115][249]PIE: New page: PIE session: Example_Map (Oct 26, 2014, 11:50:51 AM)
[2014.10.26-19.50.51:156][249]LogPlayLevel: PIE: StaticDuplicateObject took: (0.040595s)
[2014.10.26-19.50.51:157][249]LogPlayLevel: PIE: World Init took: (0.001195s)
[2014.10.26-19.50.51:158][249]LogPlayLevel: PIE: Created PIE world by copying editor world from /Game/Maps/Example_Map.Example_Map to /Game/Maps/UEDPIE_0_Example_Map.Example_Map (0.042966s)
[2014.10.26-19.50.51:224][249]LogWorld: Game class is 'MyGame_C'
[2014.10.26-19.50.51:230][249]LogAIModule: Creating AISystem for world Example_Map
[2014.10.26-19.50.51:232][249]LogWorld: Bringing World /Game/Maps/UEDPIE_0_Example_Map.Example_Map up for play (max tick rate 0) at 2014.10.26-15.50.51
[2014.10.26-19.50.51:233][249]LogWorld: Bringing up level for play took: 0.002180
[2014.10.26-19.50.51:254][249]PIE: Info Play in editor start time for /Game/Maps/UEDPIE_0_Example_Map -0.359
[2014.10.26-19.50.54:023][534]LogBlueprintUserMessages: Health Pot
[2014.10.26-19.50.55:015][646]LogBlueprintUserMessages: Health Pot
[2014.10.26-19.50.56:001][751]LogParticles: Destroying 0 GPU particle simulations for FXSystem 0x000000001C54F2E0
[2014.10.26-19.51.01:117][ 50]LogSlate:Warning: GetFontFace failed to load or process 'Roboto-Regular'
[2014.10.26-19.51.01:118][ 50]LogSlate:Warning: GetFontFace failed to load or process 'Roboto-Regular'
[2014.10.26-19.51.01:165][ 50]LogSlate:Warning: GetFontFace failed to load or process 'Roboto-Regular'
[2014.10.26-19.51.01:166][ 50]LogSlate:Warning: GetFontFace failed to load or process 'Roboto-Regular'
[2014.10.26-19.51.01:167][ 50]LogSlate:Warning: GetFontFace failed to load or process 'Roboto-Regular'
[2014.10.26-19.51.01:168][ 50]LogSlate:Warning: GetFontFace failed to load or process 'Roboto-Regular'
[2014.10.26-19.51.01:169][ 50]LogSlate:Warning: GetFontFace failed to load or process 'Roboto-Regular'
[2014.10.26-19.51.01:170][ 50]LogSlate:Warning: GetFontFace failed to load or process 'Roboto-Regular'
[2014.10.26-19.51.01:170][ 50]LogSlate:Warning: GetFontFace failed to load or process 'Roboto-Regular'
[2014.10.26-19.51.01:171][ 50]LogSlate:Warning: GetFontFace failed to load or process 'Roboto-Regular'
[2014.10.26-19.51.01:172][ 50]LogSlate:Warning: GetFontFace failed to load or process 'Roboto-Regular'
[2014.10.26-19.51.01:173][ 50]LogSlate:Warning: GetFontFace failed to load or process 'Roboto-Regular'
[2014.10.26-19.51.01:174][ 50]LogSlate:Warning: GetFontFace failed to load or process 'Roboto-Regular'
[2014.10.26-19.51.01:175][ 50]LogSlate:Warning: GetFontFace failed to load or process 'Roboto-Regular'
[2014.10.26-19.51.01:175][ 50]LogSlate:Warning: GetFontFace failed to load or process 'Roboto-Regular'
[2014.10.26-19.51.01:176][ 50]LogSlate:Warning: GetFontFace failed to load or process 'Roboto-Regular'
[2014.10.26-19.51.01:177][ 50]LogSlate:Warning: GetFontFace failed to load or process 'Roboto-Regular'
[2014.10.26-19.51.09:017][507]LogSlate:Warning: GetFontFace failed to load or process 'Roboto-Regular'
[2014.10.26-19.51.09:017][507]LogSlate:Warning: GetFontFace failed to load or process 'Roboto-Regular'
[2014.10.26-19.51.09:018][507]LogSlate:Warning: GetFontFace failed to load or process 'Roboto-Regular'
[2014.10.26-19.51.09:018][507]LogSlate:Warning: GetFontFace failed to load or process 'Roboto-Regular'
[2014.10.26-19.51.09:019][507]LogSlate:Warning: GetFontFace failed to load or process 'Roboto-Regular'
[2014.10.26-19.51.09:019][507]LogSlate:Warning: GetFontFace failed to load or process 'Roboto-Regular'
[2014.10.26-19.51.09:020][507]LogSlate:Warning: GetFontFace failed to load or process 'Roboto-Regular'
[2014.10.26-19.51.09:020][507]LogSlate:Warning: GetFontFace failed to load or process 'Roboto-Regular'
[2014.10.26-19.51.09:020][507]LogSlate:Warning: GetFontFace failed to load or process 'Roboto-Regular'
[2014.10.26-19.51.09:021][507]LogSlate:Warning: GetFontFace failed to load or process 'Roboto-Regular'
[2014.10.26-19.51.09:021][507]LogSlate:Warning: GetFontFace failed to load or process 'Roboto-Regular'
[2014.10.26-19.51.14:952][793]LogSlate:Warning: GetFontFace failed to load or process 'Roboto-Regular'
[2014.10.26-19.53.08:009][913]LogSlate:Warning: GetFontFace failed to load or process 'Roboto-Regular'
[2014.10.26-19.53.08:010][913]LogSlate:Warning: GetFontFace failed to load or process 'Roboto-Regular'
[2014.10.26-19.53.33:126][299]BlueprintLog: New page: Compile MyCharacter
[2014.10.26-19.53.33:250][299]LogActorComponent: UnregisterComponent: (/Engine/Transient.CharacterMovementComponent_1) Not registered. Aborting.
[2014.10.26-19.53.33:380][299]BlueprintEditorCompileResults: Info [0197.72] Compile of MyCharacter successful! [in 57 ms]
[2014.10.26-19.53.35:005][361]Cmd: OBJ SAVEPACKAGE PACKAGE="/Game/Blueprints/MyCharacter" FILE="../../../../../../Users/Chris/Desktop/MyProject/Content/Blueprints/MyCharacter.uasset" SILENT=true
[2014.10.26-19.53.35:402][361]LogSavePackage: Save=336.322479ms
[2014.10.26-19.53.35:402][361]LogSavePackage: Moving '../../../../../../Users/Chris/Desktop/MyProject/Saved/MyCharacterA49EBD234ACB17DD28EE1DB6E6141F35.tmp' to '../../../../../../Users/Chris/Desktop/MyProject/Content/Blueprints/MyCharacter.uasset'
[2014.10.26-19.53.53:622][866]LogEditorViewport: Clicking on Actor (LMB): BP_BaseItem_HealthPot_Dummy_C (BP_BaseItem_HealthPot_Dummy)
[2014.10.26-19.54.15:587][239]BlueprintLog: New page: Pre-PIE auto-recompile
[2014.10.26-19.54.15:587][239]LogPlayLevel: [PIE] Compiling Tutorial_BP_MacroLib before PIE...
[2014.10.26-19.54.15:637][239]LogPlayLevel: [PIE] Compiling Example_Map before PIE...
[2014.10.26-19.54.15:685][239]LogActorComponent: UnregisterComponent: (/Engine/Transient.CharacterMovementComponent_2) Not registered. Aborting.
[2014.10.26-19.54.15:714][239]LogParticles: Destroying 0 GPU particle simulations for FXSystem 0x000000001F9282C0
[2014.10.26-19.54.15:715][239]LogParticles: Destroying 0 GPU particle simulations for FXSystem 0x000000000E400D60
[2014.10.26-19.54.15:723][239]LogPlayLevel: PIE:  Blueprint regeneration took 136 ms (2 blueprints)
[2014.10.26-19.54.15:724][239]PIE: New page: PIE session: Example_Map (Oct 26, 2014, 11:54:15 AM)
[2014.10.26-19.54.15:757][239]LogPlayLevel: PIE: StaticDuplicateObject took: (0.033154s)
[2014.10.26-19.54.15:759][239]LogPlayLevel: PIE: World Init took: (0.000964s)
[2014.10.26-19.54.15:760][239]LogPlayLevel: PIE: Created PIE world by copying editor world from /Game/Maps/Example_Map.Example_Map to /Game/Maps/UEDPIE_0_Example_Map.Example_Map (0.035460s)
[2014.10.26-19.54.15:793][239]LogWorld: Game class is 'MyGame_C'
[2014.10.26-19.54.15:795][239]LogAIModule: Creating AISystem for world Example_Map
[2014.10.26-19.54.15:797][239]LogWorld: Bringing World /Game/Maps/UEDPIE_0_Example_Map.Example_Map up for play (max tick rate 0) at 2014.10.26-15.54.15
[2014.10.26-19.54.15:797][239]LogWorld: Bringing up level for play took: 0.001401
[2014.10.26-19.54.15:800][239]PIE: Info Play in editor start time for /Game/Maps/UEDPIE_0_Example_Map 0.181
[2014.10.26-19.54.19:364][632]LogBlueprintUserMessages: Health Pot
[2014.10.26-19.54.20:136][717]LogBlueprintUserMessages: Health Pot
[2014.10.26-19.54.21:218][835]LogBlueprintUserMessages: Health Pot
[2014.10.26-19.54.22:455][972]LogBlueprintUserMessages: Health Pot
[2014.10.26-19.54.25:203][279]LogBlueprintUserMessages: Health Pot
[2014.10.26-19.54.26:726][440]LogParticles: Destroying 0 GPU particle simulations for FXSystem 0x0000000012145D00
[2014.10.26-19.56.29:038][651]Cmd: OBJ SAVEPACKAGE PACKAGE="/Game/Maps/Example_Map" FILE="../../../../../../Users/Chris/Desktop/MyProject/Content/Maps/Example_Map.umap" SILENT=true AUTOSAVING=false KEEPDIRTY=false
[2014.10.26-19.56.29:449][651]LogSavePackage: Save=247.576492ms
[2014.10.26-19.56.29:450][651]LogSavePackage: Moving '../../../../../../Users/Chris/Desktop/MyProject/Saved/Example_MapB1336E984AFF9A0576C598A0278D2763.tmp' to '../../../../../../Users/Chris/Desktop/MyProject/Content/Maps/Example_Map.umap'
[2014.10.26-19.56.29:635][651]LogFileHelpers: Saving map 'Example_Map' took 0.786
[2014.10.26-19.56.30:601][652]Cmd: QUIT_EDITOR
[2014.10.26-19.56.31:241][652]LogExit: Preparing to exit.
[2014.10.26-19.56.31:670][652]LogExit: Editor shut down
[2014.10.26-19.56.31:671][652]LogExit: Transaction tracking system shut down
[2014.10.26-19.56.31:671][652]LogParticles: Destroying 0 GPU particle simulations for FXSystem 0x000000001F98EE80
[2014.10.26-19.56.31:672][652]LogParticles: Destroying 0 GPU particle simulations for FXSystem 0x000000001F98DEE0
[2014.10.26-19.56.31:672][652]LogParticles: Destroying 0 GPU particle simulations for FXSystem 0x000000000B70BBA0
[2014.10.26-19.56.31:695][652]LogParticles: Destroying 0 GPU particle simulations for FXSystem 0x00000000166AA3E0
[2014.10.26-19.56.31:696][652]LogExit: Object subsystem successfully closed.
[2014.10.26-19.56.31:766][652]LogModuleManager: Shutting down and abandoning module AndroidDeviceDetection (167)
[2014.10.26-19.56.31:766][652]LogModuleManager: Shutting down and abandoning module CrashTracker (166)
[2014.10.26-19.56.31:767][652]LogModuleManager: Shutting down and abandoning module SuperSearch (165)
[2014.10.26-19.56.31:767][652]LogModuleManager: Shutting down and abandoning module SceneOutliner (164)
[2014.10.26-19.56.31:767][652]LogModuleManager: Shutting down and abandoning module EditorWidgets (163)
[2014.10.26-19.56.31:768][652]LogModuleManager: Shutting down and abandoning module CollectionManager (162)
[2014.10.26-19.56.31:768][652]LogModuleManager: Shutting down and abandoning module StatsViewer (161)
[2014.10.26-19.56.31:768][652]LogModuleManager: Shutting down and abandoning module FoliageEdit (160)
[2014.10.26-19.56.31:768][652]LogModuleManager: Shutting down and abandoning module LandscapeEditor (159)
[2014.10.26-19.56.31:769][652]LogModuleManager: Shutting down and abandoning module MeshPaint (158)
[2014.10.26-19.56.31:769][652]LogModuleManager: Shutting down and abandoning module ActorPickerMode (157)
[2014.10.26-19.56.31:769][652]LogModuleManager: Shutting down and abandoning module GeometryMode (156)
[2014.10.26-19.56.31:769][652]LogModuleManager: Shutting down and abandoning module TextureAlignMode (155)
[2014.10.26-19.56.31:769][652]LogModuleManager: Shutting down and abandoning module BspMode (154)
[2014.10.26-19.56.31:770][652]LogModuleManager: Shutting down and abandoning module PlacementMode (153)
[2014.10.26-19.56.31:770][652]LogModuleManager: Shutting down and abandoning module AutomationWorker (152)
[2014.10.26-19.56.31:770][652]LogModuleManager: Shutting down and abandoning module CharacterAI (151)
[2014.10.26-19.56.31:770][652]LogModuleManager: Shutting down and abandoning module GameProjectGeneration (150)
[2014.10.26-19.56.31:770][652]LogModuleManager: Shutting down and abandoning module IntroTutorials (149)
[2014.10.26-19.56.31:771][652]LogModuleManager: Shutting down and abandoning module EditorLiveStreaming (148)
[2014.10.26-19.56.31:771][652]LogModuleManager: Shutting down and abandoning module HardwareTargeting (147)
[2014.10.26-19.56.31:771][652]LogModuleManager: Shutting down and abandoning module BehaviorTreeEditor (146)
[2014.10.26-19.56.31:771][652]LogModuleManager: Shutting down and abandoning module DeviceProfileEditor (145)
[2014.10.26-19.56.31:771][652]LogModuleManager: Shutting down and abandoning module UndoHistory (144)
[2014.10.26-19.56.31:772][652]LogModuleManager: Shutting down and abandoning module GameplayTagsEditor (143)
[2014.10.26-19.56.31:772][652]LogModuleManager: Shutting down and abandoning module UserFeedback (142)
[2014.10.26-19.56.31:772][652]LogModuleManager: Shutting down and abandoning module XmlParser (141)
[2014.10.26-19.56.31:772][652]LogModuleManager: Shutting down and abandoning module Blutility (140)
[2014.10.26-19.56.31:772][652]LogModuleManager: Shutting down and abandoning module IOSPlatformEditor (139)
[2014.10.26-19.56.31:773][652]LogModuleManager: Shutting down and abandoning module IOSRuntimeSettings (138)
[2014.10.26-19.56.31:773][652]LogModuleManager: Shutting down and abandoning module AndroidPlatformEditor (137)
[2014.10.26-19.56.31:773][652]LogModuleManager: Shutting down and abandoning module AndroidRuntimeSettings (136)
[2014.10.26-19.56.31:773][652]LogModuleManager: Shutting down and abandoning module ProjectTargetPlatformEditor (135)
[2014.10.26-19.56.31:774][652]LogModuleManager: Shutting down and abandoning module ProjectSettingsViewer (134)
[2014.10.26-19.56.31:774][652]LogModuleManager: Shutting down and abandoning module InputBindingEditor (133)
[2014.10.26-19.56.31:774][652]LogModuleManager: Shutting down and abandoning module EditorSettingsViewer (132)
[2014.10.26-19.56.31:774][652]LogModuleManager: Shutting down and abandoning module SettingsEditor (131)
[2014.10.26-19.56.31:774][652]LogModuleManager: Shutting down and abandoning module ProjectLauncher (130)
[2014.10.26-19.56.31:775][652]LogModuleManager: Shutting down and abandoning module SessionFrontend (129)
[2014.10.26-19.56.31:775][652]LogModuleManager: Shutting down and abandoning module ProfilerClient (128)
[2014.10.26-19.56.31:775][652]LogModuleManager: Shutting down and abandoning module TargetDeviceServices (127)
[2014.10.26-19.56.31:775][652]LogModuleManager: Shutting down and abandoning module DeviceManager (126)
[2014.10.26-19.56.31:775][652]LogModuleManager: Shutting down and abandoning module AutomationController (125)
[2014.10.26-19.56.31:776][652]LogModuleManager: Shutting down and abandoning module AutomationWindow (124)
[2014.10.26-19.56.31:776][652]LogModuleManager: Shutting down and abandoning module Layers (123)
[2014.10.26-19.56.31:776][652]LogModuleManager: Shutting down and abandoning module ComponentVisualizers (122)
[2014.10.26-19.56.31:776][652]LogModuleManager: Shutting down and abandoning module DetailCustomizations (121)
[2014.10.26-19.56.31:776][652]LogModuleManager: Shutting down and abandoning module PackagesDialog (120)
[2014.10.26-19.56.31:777][652]LogModuleManager: Shutting down and abandoning module AssetRegistry (119)
[2014.10.26-19.56.31:853][652]LogModuleManager: Shutting down and abandoning module Persona (118)
[2014.10.26-19.56.31:854][652]LogModuleManager: Shutting down and abandoning module Kismet (117)
[2014.10.26-19.56.31:854][652]LogModuleManager: Shutting down and abandoning module GraphEditor (116)
[2014.10.26-19.56.31:854][652]LogModuleManager: Shutting down and abandoning module ClassViewer (115)
[2014.10.26-19.56.31:855][652]LogModuleManager: Shutting down and abandoning module Toolbox (114)
[2014.10.26-19.56.31:855][652]LogModuleManager: Shutting down and abandoning module ModuleUI (113)
[2014.10.26-19.56.31:855][652]LogModuleManager: Shutting down and abandoning module MovieSceneTools (112)
[2014.10.26-19.56.31:855][652]LogModuleManager: Shutting down and abandoning module OutputLog (111)
[2014.10.26-19.56.31:856][652]LogModuleManager: Shutting down and abandoning module GammaUI (110)
[2014.10.26-19.56.31:856][652]LogModuleManager: Shutting down and abandoning module Documentation (109)
[2014.10.26-19.56.31:856][652]LogModuleManager: Shutting down and abandoning module GameLiveStreaming (108)
[2014.10.26-19.56.31:856][652]LogModuleManager: Shutting down and abandoning module StreamingPauseRendering (107)
[2014.10.26-19.56.31:857][652]LogModuleManager: Shutting down and abandoning module HTTP (106)
[2014.10.26-19.56.31:857][652]LogModuleManager: Shutting down and abandoning module AnalyticsET (105)
[2014.10.26-19.56.31:857][652]LogModuleManager: Shutting down and abandoning module Analytics (104)
[2014.10.26-19.56.31:857][652]LogModuleManager: Shutting down and abandoning module GameplayDebugger (103)
[2014.10.26-19.56.31:857][652]LogModuleManager: Shutting down and abandoning module AIModule (102)
[2014.10.26-19.56.31:858][652]LogModuleManager: Shutting down and abandoning module ProfilerService (101)
[2014.10.26-19.56.32:059][652]LogModuleManager: Shutting down and abandoning module TaskGraph (100)
[2014.10.26-19.56.32:060][652]LogModuleManager: Shutting down and abandoning module SlateRemote (99)
[2014.10.26-19.56.32:060][652]LogModuleManager: Shutting down and abandoning module ScriptEditorPlugin (98)
[2014.10.26-19.56.32:061][652]LogModuleManager: Shutting down and abandoning module CustomMeshComponent (97)
[2014.10.26-19.56.32:061][652]LogModuleManager: Shutting down and abandoning module CableComponent (96)
[2014.10.26-19.56.32:062][652]LogModuleManager: Shutting down and abandoning module MessagingDebugger (95)
[2014.10.26-19.56.32:063][652]LogModuleManager: Shutting down and abandoning module MediaPlayerEditor (94)
[2014.10.26-19.56.32:063][652]LogModuleManager: Shutting down and abandoning module SpeedTreeImporter (93)
[2014.10.26-19.56.32:063][652]LogModuleManager: Shutting down and abandoning module PluginsEditor (92)
[2014.10.26-19.56.32:064][652]LogModuleManager: Shutting down and abandoning module EpicSurvey (91)
[2014.10.26-19.56.32:064][652]LogModuleManager: Shutting down and abandoning module DesktopPlatform (90)
[2014.10.26-19.56.32:065][652]LogModuleManager: Shutting down and abandoning module VisualStudioSourceCodeAccess (89)
[2014.10.26-19.56.32:065][652]LogModuleManager: Shutting down and abandoning module UObjectPlugin (88)
[2014.10.26-19.56.32:065][652]LogModuleManager: Shutting down and abandoning module SubversionSourceControl (87)
[2014.10.26-19.56.32:066][652]LogModuleManager: Shutting down and abandoning module SourceControl (86)
[2014.10.26-19.56.32:066][652]LogModuleManager: Shutting down and abandoning module PerforceSourceControl (85)
[2014.10.26-19.56.32:067][652]LogModuleManager: Shutting down and abandoning module BlankPlugin (84)
[2014.10.26-19.56.32:067][652]LogModuleManager: Shutting down and abandoning module SlateReflector (83)
[2014.10.26-19.56.32:068][652]LogModuleManager: Shutting down and abandoning module DirectoryWatcher (82)
[2014.10.26-19.56.32:069][652]LogModuleManager: Shutting down and abandoning module HotReload (81)
[2014.10.26-19.56.32:069][652]LogModuleManager: Shutting down and abandoning module MainFrame (80)
[2014.10.26-19.56.32:070][652]LogModuleManager: Shutting down and abandoning module LevelEditor (79)
[2014.10.26-19.56.32:071][652]LogModuleManager: Shutting down and abandoning module ViewportSnapping (78)
[2014.10.26-19.56.32:072][652]LogModuleManager: Shutting down and abandoning module SmartSnapping (77)
[2014.10.26-19.56.32:072][652]LogModuleManager: Shutting down and abandoning module PaperTiledImporter (76)
[2014.10.26-19.56.32:073][652]LogModuleManager: Shutting down and abandoning module PaperJsonImporter (75)
[2014.10.26-19.56.32:073][652]LogModuleManager: Shutting down and abandoning module ContentBrowser (74)
[2014.10.26-19.56.32:074][652]LogModuleManager: Shutting down and abandoning module PropertyEditor (73)
[2014.10.26-19.56.32:074][652]LogModuleManager: Shutting down and abandoning module Paper2DEditor (72)
[2014.10.26-19.56.32:075][652]LogModuleManager: Shutting down and abandoning module MyProject (71)
[2014.10.26-19.56.32:075][652]LogModuleManager: Shutting down and abandoning module ScriptPlugin (70)
[2014.10.26-19.56.32:075][652]LogModuleManager: Shutting down and abandoning module UdpMessaging (69)
[2014.10.26-19.56.32:176][652]LogModuleManager: Shutting down and abandoning module Paper2D (68)
[2014.10.26-19.56.32:177][652]LogModuleManager: Shutting down and abandoning module WindowsMoviePlayer (67)
[2014.10.26-19.56.32:182][652]LogModuleManager: Shutting down and abandoning module Media (66)
[2014.10.26-19.56.32:183][652]LogModuleManager: Shutting down and abandoning module WmfMedia (65)
[2014.10.26-19.56.32:184][652]LogModuleManager: Shutting down and abandoning module OnlineBlueprintSupport (64)
[2014.10.26-19.56.32:186][652]LogModuleManager: Shutting down and abandoning module FunctionalTesting (63)
[2014.10.26-19.56.32:186][652]LogModuleManager: Shutting down and abandoning module CollisionAnalyzer (62)
[2014.10.26-19.56.32:187][652]LogModuleManager: Shutting down and abandoning module WorkspaceMenuStructure (61)
[2014.10.26-19.56.32:187][652]LogModuleManager: Shutting down and abandoning module MessageLog (60)
[2014.10.26-19.56.32:188][652]LogModuleManager: Shutting down and abandoning module Sequencer (59)
[2014.10.26-19.56.32:188][652]LogModuleManager: Shutting down and abandoning module AssetTools (58)
[2014.10.26-19.56.32:189][652]LogModuleManager: Shutting down and abandoning module UMGEditor (57)
[2014.10.26-19.56.32:189][652]LogModuleManager: Shutting down and abandoning module UMG (56)
[2014.10.26-19.56.32:190][652]LogModuleManager: Shutting down and abandoning module Slate (55)
[2014.10.26-19.56.32:190][652]LogModuleManager: Shutting down and abandoning module EditorStyle (54)
[2014.10.26-19.56.32:193][652]LogModuleManager: Shutting down and abandoning module SessionServices (53)
[2014.10.26-19.56.32:194][652]LogModuleManager: Shutting down and abandoning module SourceCodeAccess (52)
[2014.10.26-19.56.32:194][652]LogModuleManager: Shutting down and abandoning module HeadMountedDisplay (51)
[2014.10.26-19.56.32:195][652]LogModuleManager: Shutting down and abandoning module XAudio2 (50)
[2014.10.26-19.56.32:195][652]LogModuleManager: Shutting down and abandoning module Networking (48)
[2014.10.26-19.56.32:196][652]LogModuleManager: Shutting down and abandoning module Core (47)
[2014.10.26-19.56.32:197][652]LogModuleManager: Shutting down and abandoning module KismetCompiler (46)
[2014.10.26-19.56.32:197][652]LogModuleManager: Shutting down and abandoning module PhysXFormats (45)
[2014.10.26-19.56.32:198][652]LogModuleManager: Shutting down and abandoning module MeshUtilities (44)
[2014.10.26-19.56.32:198][652]LogModuleManager: Shutting down and abandoning module DerivedDataCache (43)
[2014.10.26-19.56.32:252][652]LogDerivedDataCache: Shutdown
[2014.10.26-19.56.32:252][652]LogModuleManager: Shutting down and abandoning module ShaderFormatOpenGL (42)
[2014.10.26-19.56.32:253][652]LogModuleManager: Shutting down and abandoning module ShaderFormatD3D (41)
[2014.10.26-19.56.32:253][652]LogModuleManager: Shutting down and abandoning module MetalShaderFormat (40)
[2014.10.26-19.56.32:254][652]LogModuleManager: Shutting down and abandoning module TextureFormatUncompressed (39)
[2014.10.26-19.56.32:254][652]LogModuleManager: Shutting down and abandoning module TextureFormatPVR (38)
[2014.10.26-19.56.32:255][652]LogModuleManager: Shutting down and abandoning module TextureFormatDXT (37)
[2014.10.26-19.56.32:255][652]LogModuleManager: Shutting down and abandoning module TextureFormatAndroid (36)
[2014.10.26-19.56.32:256][652]LogModuleManager: Shutting down and abandoning module AudioFormatOpus (35)
[2014.10.26-19.56.32:256][652]LogModuleManager: Shutting down and abandoning module AudioFormatOgg (34)
[2014.10.26-19.56.32:257][652]LogModuleManager: Shutting down and abandoning module AudioFormatADPCM (33)
[2014.10.26-19.56.32:257][652]LogModuleManager: Shutting down and abandoning module Messaging (32)
[2014.10.26-19.56.32:257][652]LogModuleManager: Shutting down and abandoning module IOSTargetPlatform (31)
[2014.10.26-19.56.32:258][652]LogModuleManager: Shutting down and abandoning module Android_PVRTCTargetPlatform (30)
[2014.10.26-19.56.32:258][652]LogModuleManager: Shutting down and abandoning module Android_ETC2TargetPlatform (29)
[2014.10.26-19.56.32:259][652]LogModuleManager: Shutting down and abandoning module Android_ETC1TargetPlatform (28)
[2014.10.26-19.56.32:259][652]LogModuleManager: Shutting down and abandoning module Android_DXTTargetPlatform (27)
[2014.10.26-19.56.32:259][652]LogModuleManager: Shutting down and abandoning module Android_ATCTargetPlatform (26)
[2014.10.26-19.56.32:260][652]LogModuleManager: Shutting down and abandoning module AndroidTargetPlatform (25)
[2014.10.26-19.56.32:260][652]LogModuleManager: Shutting down and abandoning module WindowsTargetPlatform (24)
[2014.10.26-19.56.32:261][652]LogModuleManager: Shutting down and abandoning module WindowsServerTargetPlatform (23)
[2014.10.26-19.56.32:261][652]LogModuleManager: Shutting down and abandoning module WindowsNoEditorTargetPlatform (22)
[2014.10.26-19.56.32:262][652]LogModuleManager: Shutting down and abandoning module WindowsClientTargetPlatform (21)
[2014.10.26-19.56.32:262][652]LogModuleManager: Shutting down and abandoning module TargetPlatform (20)
[2014.10.26-19.56.32:263][652]LogModuleManager: Shutting down and abandoning module InputCore (19)
[2014.10.26-19.56.32:263][652]LogModuleManager: Shutting down and abandoning module Settings (18)
[2014.10.26-19.56.32:263][652]LogModuleManager: Shutting down and abandoning module ImageWrapper (17)
[2014.10.26-19.56.32:264][652]LogModuleManager: Shutting down and abandoning module OculusRift (14)
[2014.10.26-19.56.32:264][652]LogModuleManager: Shutting down and abandoning module ExampleDeviceProfileSelector (13)
[2014.10.26-19.56.32:265][652]LogModuleManager: Shutting down and abandoning module TextureCompressor (12)
[2014.10.26-19.56.32:266][652]LogModuleManager: Shutting down and abandoning module ShaderCore (11)
[2014.10.26-19.56.32:266][652]LogModuleManager: Shutting down and abandoning module SlateRHIRenderer (10)
[2014.10.26-19.56.32:269][652]LogModuleManager: Shutting down and abandoning module OpenGLDrv (9)
[2014.10.26-19.56.32:269][652]LogModuleManager: Shutting down and abandoning module D3D11RHI (8)
[2014.10.26-19.56.32:270][652]LogModuleManager: Shutting down and abandoning module Renderer (7)
[2014.10.26-19.56.32:270][652]LogModuleManager: Shutting down and abandoning module Engine (6)
[2014.10.26-19.56.32:271][652]LogModuleManager: Shutting down and abandoning module CoreUObject (5)
[2014.10.26-19.56.32:271][652]LogModuleManager: Shutting down and abandoning module NetworkFile (4)
[2014.10.26-19.56.32:272][652]LogModuleManager: Shutting down and abandoning module StreamingFile (3)
[2014.10.26-19.56.32:272][652]LogModuleManager: Shutting down and abandoning module SandboxFile (2)
[2014.10.26-19.56.32:273][652]LogModuleManager: Shutting down and abandoning module PakFile (1)
[2014.10.26-19.56.32:276][652]LogExit: Exiting.
[2014.10.26-19.56.32:291][652]Log file closed, 10/26/14 15:56:32
